

================================================================
== Vivado HLS Report for 'bitset_next'
================================================================
* Date:           Mon Jul 14 21:51:15 2014

* Version:        2014.1 (build date: Fri Apr 04 13:20:25 PM 2014)
* Project:        oil_plainc_hls
* Solution:       solution_virtex5
* Product family: virtex5 virtex5_fpv5 
* Target device:  xc5vlx50tff1136-3


================================================================
== Performance Estimates
================================================================
+ Timing (ns): 
    * Summary: 
    +---------+-------+----------+------------+
    |  Clock  | Target| Estimated| Uncertainty|
    +---------+-------+----------+------------+
    |default  |   8.00|      4.69|        3.00|
    +---------+-------+----------+------------+

+ Latency (clock cycles): 
    * Summary: 
    +-----+-----+-----+-----+----------+
    |  Latency  |  Interval | Pipeline |
    | min | max | min | max |   Type   |
    +-----+-----+-----+-----+----------+
    |    1|    1|    1|    1| function |
    +-----+-----+-----+-----+----------+

    + Detail: 
        * Instance: 
        +--------------------------+------------+-----+-----+-----+-----+----------+
        |                          |            |  Latency  |  Interval | Pipeline |
        |         Instance         |   Module   | min | max | min | max |   Type   |
        +--------------------------+------------+-----+-----+-----+-----+----------+
        |tmp_i1_p_bsf32_hw_fu_120  |p_bsf32_hw  |    0|    0|    1|    1| function |
        |tmp_i_p_bsf32_hw_fu_126   |p_bsf32_hw  |    0|    0|    1|    1| function |
        +--------------------------+------------+-----+-----+-----+-----+----------+

        * Loop: 
        N/A



================================================================
== Utilization Estimates
================================================================
* Summary: 
+-----------------+---------+-------+-------+-------+
|       Name      | BRAM_18K| DSP48E|   FF  |  LUT  |
+-----------------+---------+-------+-------+-------+
|Expression       |        -|      -|      0|     87|
|FIFO             |        -|      -|      -|      -|
|Instance         |        -|      -|      -|    110|
|Memory           |        -|      -|      -|      -|
|Multiplexer      |        -|      -|      -|     84|
|Register         |        -|      -|     80|      -|
+-----------------+---------+-------+-------+-------+
|Total            |        0|      0|     80|    281|
+-----------------+---------+-------+-------+-------+
|Available        |      120|     48|  28800|  28800|
+-----------------+---------+-------+-------+-------+
|Utilization (%)  |        0|      0|   ~0  |   ~0  |
+-----------------+---------+-------+-------+-------+

+ Detail: 
    * Instance: 
    +--------------------------+------------+---------+-------+---+----+
    |         Instance         |   Module   | BRAM_18K| DSP48E| FF| LUT|
    +--------------------------+------------+---------+-------+---+----+
    |tmp_i1_p_bsf32_hw_fu_120  |p_bsf32_hw  |        0|      0|  0|  55|
    |tmp_i_p_bsf32_hw_fu_126   |p_bsf32_hw  |        0|      0|  0|  55|
    +--------------------------+------------+---------+-------+---+----+
    |Total                     |            |        0|      0|  0| 110|
    +--------------------------+------------+---------+-------+---+----+

    * Memory: 
    N/A

    * FIFO: 
    N/A

    * Expression: 
    +----------------------+----------+-------+---+----+------------+------------+
    |     Variable Name    | Operation| DSP48E| FF| LUT| Bitwidth P0| Bitwidth P1|
    +----------------------+----------+-------+---+----+------------+------------+
    |tmp_1_fu_135_p2       |     +    |      0|  0|  32|          32|           2|
    |bus_assign_fu_141_p2  |    and   |      0|  0|  32|          32|          32|
    |tmp_25_1_fu_153_p2    |   icmp   |      0|  0|   1|           2|           1|
    |tmp_27_1_fu_159_p2    |   icmp   |      0|  0|  11|          32|           1|
    |tmp_3_fu_147_p2       |   icmp   |      0|  0|  11|          32|           1|
    +----------------------+----------+-------+---+----+------------+------------+
    |Total                 |          |      0|  0|  87|         130|          37|
    +----------------------+----------+-------+---+----+------------+------------+

    * Multiplexer: 
    +---------------------------------------------------------------------+----+-----------+-----+-----------+
    |                                 Name                                | LUT| Input Size| Bits| Total Bits|
    +---------------------------------------------------------------------+----+-----------+-----+-----------+
    |agg_result_bit_write_assign_phi_fu_109_p8                            |   8|          2|    8|         16|
    |agg_result_bucket_index_write_assign_phi_fu_93_p8                    |   2|          2|    2|          4|
    |agg_result_bucket_write_assign_phi_fu_58_p8                          |  32|          2|   32|         64|
    |ap_reg_phiprechg_agg_result_bit_write_assign_reg_106pp0_it1          |   8|          3|    8|         24|
    |ap_reg_phiprechg_agg_result_bucket_index_write_assign_reg_88pp0_it1  |   2|          3|    2|          6|
    |ap_reg_phiprechg_agg_result_bucket_write_assign_reg_54pp0_it1        |  32|          3|   32|         96|
    +---------------------------------------------------------------------+----+-----------+-----+-----------+
    |Total                                                                |  84|         15|   84|        210|
    +---------------------------------------------------------------------+----+-----------+-----+-----------+

    * Register: 
    +---------------------------------------------------------------------+----+----+-----+-----------+
    |                                 Name                                | FF | LUT| Bits| Const Bits|
    +---------------------------------------------------------------------+----+----+-----+-----------+
    |ap_CS_fsm                                                            |   1|   0|    1|          0|
    |ap_reg_phiprechg_agg_result_bit_write_assign_reg_106pp0_it1          |   8|   0|    8|          0|
    |ap_reg_phiprechg_agg_result_bucket_index_write_assign_reg_88pp0_it1  |   2|   0|    2|          0|
    |ap_reg_phiprechg_agg_result_bucket_write_assign_reg_54pp0_it1        |  32|   0|   32|          0|
    |ap_reg_phiprechg_agg_result_end_write_assign_reg_69pp0_it1           |   1|   0|    1|          0|
    |ap_reg_ppiten_pp0_it1                                                |   1|   0|    1|          0|
    |bus_assign_reg_219                                                   |  32|   0|   32|          0|
    |tmp_3_reg_225                                                        |   1|   0|    1|          0|
    |tmp_reg_214                                                          |   2|   0|    2|          0|
    +---------------------------------------------------------------------+----+----+-----+-----------+
    |Total                                                                |  80|   0|   80|          0|
    +---------------------------------------------------------------------+----+----+-----+-----------+



================================================================
== Interface
================================================================
* Summary: 
+----------------+-----+-----+------------+----------------+--------------+
|    RTL Ports   | Dir | Bits|  Protocol  |  Source Object |    C Type    |
+----------------+-----+-----+------------+----------------+--------------+
|ap_clk          |  in |    1| ap_ctrl_hs |   bitset_next  | return value |
|ap_rst          |  in |    1| ap_ctrl_hs |   bitset_next  | return value |
|ap_start        |  in |    1| ap_ctrl_hs |   bitset_next  | return value |
|ap_done         | out |    1| ap_ctrl_hs |   bitset_next  | return value |
|ap_idle         | out |    1| ap_ctrl_hs |   bitset_next  | return value |
|ap_ready        | out |    1| ap_ctrl_hs |   bitset_next  | return value |
|ap_ce           |  in |    1| ap_ctrl_hs |   bitset_next  | return value |
|ap_return_0     | out |    8| ap_ctrl_hs |   bitset_next  | return value |
|ap_return_1     | out |    8| ap_ctrl_hs |   bitset_next  | return value |
|ap_return_2     | out |   32| ap_ctrl_hs |   bitset_next  | return value |
|ap_return_3     | out |    1| ap_ctrl_hs |   bitset_next  | return value |
|p_read          |  in |   32|   ap_none  |     p_read     |    scalar    |
|r_bit           |  in |    8|   ap_none  |      r_bit     |    scalar    |
|r_bucket_index  |  in |    8|   ap_none  | r_bucket_index |    scalar    |
|r_bucket        |  in |   32|   ap_none  |    r_bucket    |    scalar    |
+----------------+-----+-----+------------+----------------+--------------+

