

================================================================
== Vivado HLS Report for 'nfa_accept_samples_generic_hw'
================================================================
* Date:           Mon Jul 14 21:51:15 2014

* Version:        2014.1 (build date: Fri Apr 04 13:20:25 PM 2014)
* Project:        oil_plainc_hls
* Solution:       solution_virtex5
* Product family: virtex5 virtex5_fpv5 
* Target device:  xc5vlx50tff1136-3


================================================================
== Performance Estimates
================================================================
+ Timing (ns): 
    * Summary: 
    +---------+-------+----------+------------+
    |  Clock  | Target| Estimated| Uncertainty|
    +---------+-------+----------+------------+
    |default  |   8.00|      5.00|        3.00|
    +---------+-------+----------+------------+

+ Latency (clock cycles): 
    * Summary: 
    +-----+-------------+-----+-------------+---------+
    |      Latency      |      Interval     | Pipeline|
    | min |     max     | min |     max     |   Type  |
    +-----+-------------+-----+-------------+---------+
    |    2|  39125640183|    3|  39125640184|   none  |
    +-----+-------------+-----+-------------+---------+

    + Detail: 
        * Instance: 
        +---------------------------------------+----------------------------+-----+-----+-----+-----+----------+
        |                                       |                            |  Latency  |  Interval | Pipeline |
        |                Instance               |           Module           | min | max | min | max |   Type   |
        +---------------------------------------+----------------------------+-----+-----+-----+-----+----------+
        |grp_sample_iterator_next_fu_463        |sample_iterator_next        |    3|    3|    1|    1| function |
        |grp_bitset_next_fu_473                 |bitset_next                 |    1|    1|    1|    1| function |
        |grp_sample_iterator_get_offset_fu_485  |sample_iterator_get_offset  |    3|    3|    1|    1| function |
        |grp_nfa_get_initials_fu_497            |nfa_get_initials            |    5|    5|    4|    4| function |
        |grp_nfa_get_finals_fu_503              |nfa_get_finals              |    5|    5|    4|    4| function |
        |r_bit_p_bsf32_hw_fu_509                |p_bsf32_hw                  |    0|    0|    1|    1| function |
        +---------------------------------------+----------------------------+-----+-----+-----+-----+----------+

        * Loop: 
        +-----------------+-----+-------------+-------------+-----------+-----------+-----------+----------+
        |                 |      Latency      |  Iteration  |  Initiation Interval  |    Trip   |          |
        |    Loop Name    | min |     max     |   Latency   |  achieved |   target  |   Count   | Pipelined|
        +-----------------+-----+-------------+-------------+-----------+-----------+-----------+----------+
        |- Loop 1         |    0|  39125640181| 14 ~ 597019 |          -|          -| 0 ~ 65535 |    no    |
        | + Loop 1.1      |    0|       596998|   6 ~ 583   |          -|          -|  0 ~ 1024 |    no    |
        |  ++ Loop 1.1.1  |    0|          576|            9|          -|          -|   0 ~ 64  |    no    |
        +-----------------+-----+-------------+-------------+-----------+-----------+-----------+----------+



================================================================
== Utilization Estimates
================================================================
* Summary: 
+-----------------+---------+-------+-------+-------+
|       Name      | BRAM_18K| DSP48E|   FF  |  LUT  |
+-----------------+---------+-------+-------+-------+
|Expression       |        -|      1|      0|    397|
|FIFO             |        -|      -|      -|      -|
|Instance         |        -|      1|    264|    540|
|Memory           |        -|      -|      -|      -|
|Multiplexer      |        -|      -|      -|    570|
|Register         |        -|      -|    892|      -|
+-----------------+---------+-------+-------+-------+
|Total            |        0|      2|   1156|   1507|
+-----------------+---------+-------+-------+-------+
|Available        |      120|     48|  28800|  28800|
+-----------------+---------+-------+-------+-------+
|Utilization (%)  |        0|      4|      4|      5|
+-----------------+---------+-------+-------+-------+

+ Detail: 
    * Instance: 
    +---------------------------------------+----------------------------+---------+-------+----+-----+
    |                Instance               |           Module           | BRAM_18K| DSP48E| FF | LUT |
    +---------------------------------------+----------------------------+---------+-------+----+-----+
    |grp_bitset_next_fu_473                 |bitset_next                 |        0|      0|  80|  281|
    |grp_nfa_get_finals_fu_503              |nfa_get_finals              |        0|      0|  36|   34|
    |grp_nfa_get_initials_fu_497            |nfa_get_initials            |        0|      0|  36|   34|
    |r_bit_p_bsf32_hw_fu_509                |p_bsf32_hw                  |        0|      0|   0|   55|
    |grp_sample_iterator_get_offset_fu_485  |sample_iterator_get_offset  |        0|      1|  60|   16|
    |grp_sample_iterator_next_fu_463        |sample_iterator_next        |        0|      0|  52|  120|
    +---------------------------------------+----------------------------+---------+-------+----+-----+
    |Total                                  |                            |        0|      1| 264|  540|
    +---------------------------------------+----------------------------+---------+-------+----+-----+

    * Memory: 
    N/A

    * FIFO: 
    N/A

    * Expression: 
    +-------------------------------+----------+-------+---+----+------------+------------+
    |         Variable Name         | Operation| DSP48E| FF| LUT| Bitwidth P0| Bitwidth P1|
    +-------------------------------+----------+-------+---+----+------------+------------+
    |tmp_4_i_fu_639_p2              |     *    |      1|  0|   0|           8|           6|
    |c_1_fu_749_p2                  |     +    |      0|  0|  32|          32|           1|
    |i_fu_571_p2                    |     +    |      0|  0|  16|          16|           1|
    |p_rec_i_fu_577_p2              |     +    |      0|  0|  64|          64|           1|
    |state_fu_626_p2                |     +    |      0|  0|   6|           6|           6|
    |sum_fu_555_p2                  |     +    |      0|  0|  64|          64|          64|
    |ap_sig_bdd_187                 |    and   |      0|  0|   1|           1|           1|
    |ap_sig_bdd_366                 |    and   |      0|  0|   1|           1|           1|
    |current_buckets_0_1_fu_722_p2  |    and   |      0|  0|  32|          32|          32|
    |current_buckets_1_1_fu_727_p2  |    and   |      0|  0|  32|          32|          32|
    |tmp_i_13_fu_537_p2             |    and   |      0|  0|   1|           1|           1|
    |tmp_18_1_i_fu_589_p2           |   icmp   |      0|  0|  11|          32|           1|
    |tmp_18_i_fu_583_p2             |   icmp   |      0|  0|  11|          32|           1|
    |tmp_4_fu_738_p2                |   icmp   |      0|  0|  11|          32|           1|
    |tmp_7_fu_566_p2                |   icmp   |      0|  0|   6|          16|          16|
    |tmp_i_12_fu_532_p2             |   icmp   |      0|  0|   6|          16|          16|
    |tmp_i_fu_527_p2                |   icmp   |      0|  0|   6|          16|          16|
    |next_buckets_0_1_fu_702_p2     |    or    |      0|  0|  32|          32|          32|
    |next_buckets_1_1_fu_708_p2     |    or    |      0|  0|  32|          32|          32|
    |tmp_1_fu_732_p2                |    or    |      0|  0|  32|          32|          32|
    |or_cond_fu_744_p2              |    xor   |      0|  0|   1|           1|           1|
    +-------------------------------+----------+-------+---+----+------------+------------+
    |Total                          |          |      1|  0| 397|         498|         294|
    +-------------------------------+----------+-------+---+----+------------+------------+

    * Multiplexer: 
    +-----------------------------+----+-----------+-----+-----------+
    |             Name            | LUT| Input Size| Bits| Total Bits|
    +-----------------------------+----+-----------+-----+-----------+
    |bus_assign_reg_286           |  32|          2|   32|         64|
    |c_fu_142                     |  32|          2|   32|         64|
    |i_0_i_reg_264                |  16|          2|   16|         32|
    |i_index_reg_224              |  16|          2|   16|         32|
    |i_sample_reg_234             |  16|          2|   16|         32|
    |indices_address              |  32|          3|   32|         96|
    |indices_dataout              |  56|          3|   56|        168|
    |indices_size                 |  32|          3|   32|         96|
    |j_bit1_reg_407               |   8|          2|    8|         16|
    |j_bucket1_ph_reg_311         |  32|          2|   32|         64|
    |j_bucket1_reg_386            |  32|          2|   32|         64|
    |j_bucket_index1_ph_reg_324   |   2|          2|    2|          4|
    |j_bucket_index1_reg_397      |   8|          2|    8|         16|
    |next_buckets_0_reg_254       |  32|          2|   32|         64|
    |next_buckets_1_reg_244       |  32|          2|   32|         64|
    |nfa_forward_buckets_address  |  32|          3|   32|         96|
    |p_01_rec_i_reg_275           |  64|          2|   64|        128|
    |p_0_reg_451                  |  32|          2|   32|         64|
    |tmp_buckets_0_3_reg_373      |  32|          2|   32|         64|
    |tmp_buckets_1_3_reg_360      |  32|          2|   32|         64|
    +-----------------------------+----+-----------+-----+-----------+
    |Total                        | 570|         44|  570|       1292|
    +-----------------------------+----+-----------+-----+-----------+

    * Register: 
    +-------------------------------------------------------------+----+----+-----+-----------+
    |                             Name                            | FF | LUT| Bits| Const Bits|
    +-------------------------------------------------------------+----+----+-----+-----------+
    |agg_result_bucket_index_0_lcssa4_i_reg_298                   |   1|   0|    1|          0|
    |any_0_i_reg_427                                              |   1|   0|    1|          0|
    |ap_CS_fsm                                                    |   6|   0|    6|          0|
    |bus_assign_reg_286                                           |  32|   0|   32|          0|
    |c_fu_142                                                     |  32|   0|   32|          0|
    |c_load_reg_814                                               |  32|   0|   32|          0|
    |current_buckets_0_reg_823                                    |  32|   0|   32|          0|
    |current_buckets_1_reg_828                                    |  32|   0|   32|          0|
    |grp_bitset_next_fu_473_ap_start_ap_start_reg                 |   1|   0|    1|          0|
    |grp_nfa_get_finals_fu_503_ap_start_ap_start_reg              |   1|   0|    1|          0|
    |grp_nfa_get_initials_fu_497_ap_start_ap_start_reg            |   1|   0|    1|          0|
    |grp_sample_iterator_get_offset_fu_485_ap_start_ap_start_reg  |   1|   0|    1|          0|
    |grp_sample_iterator_next_fu_463_ap_start_ap_start_reg        |   1|   0|    1|          0|
    |i_0_i_reg_264                                                |  16|   0|   16|          0|
    |i_index_reg_224                                              |  16|   0|   16|          0|
    |i_reg_847                                                    |  16|   0|   16|          0|
    |i_sample_reg_234                                             |  16|   0|   16|          0|
    |j_bit1_ph_reg_335                                            |   5|   0|    5|          0|
    |j_bit1_reg_407                                               |   8|   0|    8|          0|
    |j_bit_reg_910                                                |   8|   0|    8|          0|
    |j_bucket1_ph_reg_311                                         |  32|   0|   32|          0|
    |j_bucket1_reg_386                                            |  32|   0|   32|          0|
    |j_bucket_index1_ph_reg_324                                   |   2|   0|    2|          0|
    |j_bucket_index1_reg_397                                      |   8|   0|    8|          0|
    |j_bucket_index_reg_915                                       |   8|   0|    8|          0|
    |j_bucket_reg_920                                             |  32|   0|   32|          0|
    |j_end_ph_reg_346                                             |   1|   0|    1|          0|
    |j_end_reg_417                                                |   1|   0|    1|          0|
    |next_buckets_0_1_reg_936                                     |  32|   0|   32|          0|
    |next_buckets_0_reg_254                                       |  32|   0|   32|          0|
    |next_buckets_1_reg_244                                       |  32|   0|   32|          0|
    |p_01_rec_i_reg_275                                           |  64|   0|   64|          0|
    |p_0_reg_451                                                  |  32|   0|   32|          0|
    |p_rec_i_reg_852                                              |  64|   0|   64|          0|
    |p_s_reg_925                                                  |   1|   0|    1|          0|
    |r_reg_440                                                    |   1|   0|    1|          0|
    |reg_515                                                      |  32|   0|   32|          0|
    |sample_buffer_addr_reg_838                                   |  32|   0|   32|          0|
    |state_reg_893                                                |   6|   0|    6|          0|
    |sym_reg_857                                                  |   8|   0|    8|          0|
    |tmp_5_i_cast_reg_888                                         |   8|   0|   14|          6|
    |tmp_6_i_reg_898                                              |  14|   0|   14|          0|
    |tmp_6_reg_833                                                |  32|   0|   64|         32|
    |tmp_buckets_0_3_reg_373                                      |  32|   0|   32|          0|
    |tmp_buckets_0_reg_946                                        |  32|   0|   32|          0|
    |tmp_buckets_1_3_reg_360                                      |  32|   0|   32|          0|
    |tmp_buckets_1_reg_951                                        |  32|   0|   32|          0|
    +-------------------------------------------------------------+----+----+-----+-----------+
    |Total                                                        | 892|   0|  930|         38|
    +-------------------------------------------------------------+----+----+-----+-----------+



================================================================
== Interface
================================================================
* Summary: 
+----------------------------------+-----+-----+------------+-------------------------------+--------------+
|             RTL Ports            | Dir | Bits|  Protocol  |         Source Object         |    C Type    |
+----------------------------------+-----+-----+------------+-------------------------------+--------------+
|ap_clk                            |  in |    1| ap_ctrl_hs | nfa_accept_samples_generic_hw | return value |
|ap_rst                            |  in |    1| ap_ctrl_hs | nfa_accept_samples_generic_hw | return value |
|ap_start                          |  in |    1| ap_ctrl_hs | nfa_accept_samples_generic_hw | return value |
|ap_done                           | out |    1| ap_ctrl_hs | nfa_accept_samples_generic_hw | return value |
|ap_idle                           | out |    1| ap_ctrl_hs | nfa_accept_samples_generic_hw | return value |
|ap_ready                          | out |    1| ap_ctrl_hs | nfa_accept_samples_generic_hw | return value |
|ap_return                         | out |   32| ap_ctrl_hs | nfa_accept_samples_generic_hw | return value |
|nfa_initials_buckets_req_din      | out |    1|   ap_bus   |      nfa_initials_buckets     |    pointer   |
|nfa_initials_buckets_req_full_n   |  in |    1|   ap_bus   |      nfa_initials_buckets     |    pointer   |
|nfa_initials_buckets_req_write    | out |    1|   ap_bus   |      nfa_initials_buckets     |    pointer   |
|nfa_initials_buckets_rsp_empty_n  |  in |    1|   ap_bus   |      nfa_initials_buckets     |    pointer   |
|nfa_initials_buckets_rsp_read     | out |    1|   ap_bus   |      nfa_initials_buckets     |    pointer   |
|nfa_initials_buckets_address      | out |   32|   ap_bus   |      nfa_initials_buckets     |    pointer   |
|nfa_initials_buckets_datain       |  in |   32|   ap_bus   |      nfa_initials_buckets     |    pointer   |
|nfa_initials_buckets_dataout      | out |   32|   ap_bus   |      nfa_initials_buckets     |    pointer   |
|nfa_initials_buckets_size         | out |   32|   ap_bus   |      nfa_initials_buckets     |    pointer   |
|nfa_finals_buckets_req_din        | out |    1|   ap_bus   |       nfa_finals_buckets      |    pointer   |
|nfa_finals_buckets_req_full_n     |  in |    1|   ap_bus   |       nfa_finals_buckets      |    pointer   |
|nfa_finals_buckets_req_write      | out |    1|   ap_bus   |       nfa_finals_buckets      |    pointer   |
|nfa_finals_buckets_rsp_empty_n    |  in |    1|   ap_bus   |       nfa_finals_buckets      |    pointer   |
|nfa_finals_buckets_rsp_read       | out |    1|   ap_bus   |       nfa_finals_buckets      |    pointer   |
|nfa_finals_buckets_address        | out |   32|   ap_bus   |       nfa_finals_buckets      |    pointer   |
|nfa_finals_buckets_datain         |  in |   32|   ap_bus   |       nfa_finals_buckets      |    pointer   |
|nfa_finals_buckets_dataout        | out |   32|   ap_bus   |       nfa_finals_buckets      |    pointer   |
|nfa_finals_buckets_size           | out |   32|   ap_bus   |       nfa_finals_buckets      |    pointer   |
|nfa_forward_buckets_req_din       | out |    1|   ap_bus   |      nfa_forward_buckets      |    pointer   |
|nfa_forward_buckets_req_full_n    |  in |    1|   ap_bus   |      nfa_forward_buckets      |    pointer   |
|nfa_forward_buckets_req_write     | out |    1|   ap_bus   |      nfa_forward_buckets      |    pointer   |
|nfa_forward_buckets_rsp_empty_n   |  in |    1|   ap_bus   |      nfa_forward_buckets      |    pointer   |
|nfa_forward_buckets_rsp_read      | out |    1|   ap_bus   |      nfa_forward_buckets      |    pointer   |
|nfa_forward_buckets_address       | out |   32|   ap_bus   |      nfa_forward_buckets      |    pointer   |
|nfa_forward_buckets_datain        |  in |   32|   ap_bus   |      nfa_forward_buckets      |    pointer   |
|nfa_forward_buckets_dataout       | out |   32|   ap_bus   |      nfa_forward_buckets      |    pointer   |
|nfa_forward_buckets_size          | out |   32|   ap_bus   |      nfa_forward_buckets      |    pointer   |
|nfa_symbols                       |  in |    8|   ap_none  |          nfa_symbols          |    pointer   |
|sample_buffer_req_din             | out |    1|   ap_bus   |         sample_buffer         |    pointer   |
|sample_buffer_req_full_n          |  in |    1|   ap_bus   |         sample_buffer         |    pointer   |
|sample_buffer_req_write           | out |    1|   ap_bus   |         sample_buffer         |    pointer   |
|sample_buffer_rsp_empty_n         |  in |    1|   ap_bus   |         sample_buffer         |    pointer   |
|sample_buffer_rsp_read            | out |    1|   ap_bus   |         sample_buffer         |    pointer   |
|sample_buffer_address             | out |   32|   ap_bus   |         sample_buffer         |    pointer   |
|sample_buffer_datain              |  in |    8|   ap_bus   |         sample_buffer         |    pointer   |
|sample_buffer_dataout             | out |    8|   ap_bus   |         sample_buffer         |    pointer   |
|sample_buffer_size                | out |   32|   ap_bus   |         sample_buffer         |    pointer   |
|sample_buffer_length              |  in |   32|   ap_none  |      sample_buffer_length     |    scalar    |
|sample_length                     |  in |   16|   ap_none  |         sample_length         |    scalar    |
|indices_req_din                   | out |    1|   ap_bus   |            indices            |    pointer   |
|indices_req_full_n                |  in |    1|   ap_bus   |            indices            |    pointer   |
|indices_req_write                 | out |    1|   ap_bus   |            indices            |    pointer   |
|indices_rsp_empty_n               |  in |    1|   ap_bus   |            indices            |    pointer   |
|indices_rsp_read                  | out |    1|   ap_bus   |            indices            |    pointer   |
|indices_address                   | out |   32|   ap_bus   |            indices            |    pointer   |
|indices_datain                    |  in |   56|   ap_bus   |            indices            |    pointer   |
|indices_dataout                   | out |   56|   ap_bus   |            indices            |    pointer   |
|indices_size                      | out |   32|   ap_bus   |            indices            |    pointer   |
|i_size                            |  in |   16|   ap_none  |             i_size            |    scalar    |
|begin_index                       |  in |   16|   ap_none  |          begin_index          |    scalar    |
|begin_sample                      |  in |   16|   ap_none  |          begin_sample         |    scalar    |
|end_index                         |  in |   16|   ap_none  |           end_index           |    scalar    |
|end_sample                        |  in |   16|   ap_none  |           end_sample          |    scalar    |
|stop_on_first                     |  in |    1|   ap_none  |         stop_on_first         |    scalar    |
|accept                            |  in |    1|   ap_none  |             accept            |    scalar    |
+----------------------------------+-----+-----+------------+-------------------------------+--------------+

