

================================================================
== Vivado HLS Report for 'nfa_get_initials'
================================================================
* Date:           Thu Apr 17 08:58:48 2014

* Version:        2013.4 (build date: Mon Dec 09 17:07:59 PM 2013)
* Project:        oil_plainc_hls
* Solution:       solution_spartan3
* Product family: spartan3a spartan3a_fpv5 
* Target device:  xc3s200avq100-5


================================================================
== Performance Estimates
================================================================
+ Timing (ns): 
    * Summary: 
    +---------+-------+----------+------------+
    |  Clock  | Target| Estimated| Uncertainty|
    +---------+-------+----------+------------+
    |default  |   1.00|      0.88|        0.13|
    +---------+-------+----------+------------+

+ Latency (clock cycles): 
    * Summary: 
    +-----+-----+-----+-----+----------+
    |  Latency  |  Interval | Pipeline |
    | min | max | min | max |   Type   |
    +-----+-----+-----+-----+----------+
    |    2|    2|    2|    2| function |
    +-----+-----+-----+-----+----------+

    + Detail: 
        * Instance: 
        N/A

        * Loop: 
        N/A



================================================================
== Utilization Estimates
================================================================
* Summary: 
+-----------------+---------+------+------+----------+
|       Name      | BRAM_18K|  FF  |  LUT | MULT18x18|
+-----------------+---------+------+------+----------+
|Expression       |        -|     -|     -|         -|
|FIFO             |        -|     -|     -|         -|
|Instance         |        -|     -|     -|         -|
|Memory           |        -|     -|     -|         -|
|Multiplexer      |        -|     -|     -|         -|
|Register         |        -|     -|     -|         -|
|ShiftMemory      |        -|     -|     -|         -|
+-----------------+---------+------+------+----------+
|Total            |        0|     0|     0|         0|
+-----------------+---------+------+------+----------+
|Available        |       16|  3584|  3584|        16|
+-----------------+---------+------+------+----------+
|Utilization (%)  |        0|     0|     0|         0|
+-----------------+---------+------+------+----------+

+ Detail: 
    * Instance: 
    N/A

    * Memory: 
    N/A

    * FIFO: 
    N/A

    * Shift register: 
    N/A

    * Expression: 
    N/A

    * Multiplexer: 
    N/A

    * Register: 
    N/A



================================================================
== Interface
================================================================
* Summary: 
N/A

============================================================
+ Verbose Summary: Synthesis Manager
============================================================
InlineROM: 1
ExposeGlobal: 0
============================================================
+ Verbose Summary: CDFG Model
============================================================
IsTopModel: 0
ResetActiveHigh: 1
IsCombinational: 0
IsDatapathOnly: 0
HasWiredReturn: 1
HasMFsm: 2
HasVarLatency: 0
IsPipeline: 1
IsRtlPipelined: 1
IsInstanceOverlapped: 0
IsDontTouch: 0
HasImplIP: 0
IsGatedGlobalClock: 0

+ Individual pipeline summary: 
  * Pipeline-0: initiation interval (II) = 2, depth = 3


============================================================
+ Verbose Summary: Schedule
============================================================
* Number of FSM states: 3
* Pipeline: 1
  Pipeline-0: II = 2, D = 3, States = { 1 2 3 }
* Dataflow Pipeline: 0

* FSM state transitions: 
1 --> 
	2  / true
2 --> 
	3  / true
3 --> 
* FSM state operations: 

 <State 1>: 0.88ns
ST_1: nfa_initials_buckets_load_req [1/1] 0.88ns
:2  %nfa_initials_buckets_load_req = call i1 @_ssdm_op_ReadReq.ap_bus.i32P(i32* %nfa_initials_buckets, i32 1)


 <State 2>: 0.88ns
ST_2: nfa_initials_buckets_read [1/1] 0.88ns
:3  %nfa_initials_buckets_read = call i32 @_ssdm_op_Read.ap_bus.i32P(i32* %nfa_initials_buckets)

ST_2: nfa_initials_buckets_addr [1/1] 0.00ns
:4  %nfa_initials_buckets_addr = getelementptr i32* %nfa_initials_buckets, i32 1

ST_2: nfa_initials_buckets_load_1_req [1/1] 0.88ns
:5  %nfa_initials_buckets_load_1_req = call i1 @_ssdm_op_ReadReq.ap_bus.i32P(i32* %nfa_initials_buckets_addr, i32 1)


 <State 3>: 0.88ns
ST_3: stg_8 [1/1] 0.00ns
:0  call void (...)* @_ssdm_op_SpecIFCore(i32* %nfa_initials_buckets, [1 x i8]* @p_str1132, [7 x i8]* @p_str38, [1 x i8]* @p_str1132, [1 x i8]* @p_str1132, [1 x i8]* @p_str1132, [1 x i8]* @p_str1132)

ST_3: stg_9 [1/1] 0.00ns
:1  call void (...)* @_ssdm_op_SpecBus(i32* %nfa_initials_buckets, [7 x i8]* @p_str35, i32 0, i32 0, i32 0, [1 x i8]* @p_str1132)

ST_3: nfa_initials_buckets_addr_read [1/1] 0.88ns
:6  %nfa_initials_buckets_addr_read = call i32 @_ssdm_op_Read.ap_bus.i32P(i32* %nfa_initials_buckets_addr)

ST_3: mrv [1/1] 0.00ns
:7  %mrv = insertvalue { i32, i32 } undef, i32 %nfa_initials_buckets_read, 0

ST_3: mrv_1 [1/1] 0.00ns
:8  %mrv_1 = insertvalue { i32, i32 } %mrv, i32 %nfa_initials_buckets_addr_read, 1

ST_3: stg_13 [1/1] 0.00ns
:9  ret { i32, i32 } %mrv_1



============================================================
+ Verbose Summary: Binding
============================================================
N/A
* FSMD analyzer results:
  - Output states:
  - Chain level:
	State 1
	State 2
	State 3


============================================================
+ Verbose Summary: Datapath Resource usage 
============================================================
N/A
