   Build using "C:/Programas/Xilinx/Vivado_HLS/2013.4/msys/bin/g++.exe"
   Compiling apatb_nfa_accept_samples_generic_hw.cpp
   Compiling(apcc) bitset.c_pre.c.tb.c
@I [LIC-101] Checked out feature [VIVADO_HLS]
@I [HLS-10] Running 'c:/Programas/Xilinx/Vivado_HLS/2013.4/bin/unwrapped/win64.o/apcc.exe'
            for user 'JairoAndres' on host 'askur' (Windows NT_amd64 version 6.2) on Wed Apr 16 20:46:59 -0500 2014
            in directory 'C:/Users/JairoAndres/Documents/Vivado/oil_plainc_hls/solution_kintex7/sim/wrapc'
clang: warning: c:/Programas/Xilinx/Vivado_HLS/2013.4/bin/unwrapped/win64.o/apcc.exe: 'linker' input unused when '-c' is present
clang: warning: argument unused during compilation: '-fno-builtin-isinf'
clang: warning: argument unused during compilation: '-fno-builtin-isnan'
C:/Users/JairoAndres/Documents/Vivado/oil_plainc_hls/src/bitset.c:56:1: warning: control may reach end of non-void function [-Wreturn-type]
}
^
1 warning generated.
gcc.exe: warning: c:/Programas/Xilinx/Vivado_HLS/2013.4/bin/unwrapped/win64.o/apcc.exe: linker input file unused because linking not done
@I [APCC-1] APCC is done.
@I [LIC-101] Checked in feature [VIVADO_HLS]
   Compiling(apcc) nfa.c_pre.c.tb.c
@I [LIC-101] Checked out feature [VIVADO_HLS]
@I [HLS-10] Running 'c:/Programas/Xilinx/Vivado_HLS/2013.4/bin/unwrapped/win64.o/apcc.exe'
            for user 'JairoAndres' on host 'askur' (Windows NT_amd64 version 6.2) on Wed Apr 16 20:47:01 -0500 2014
            in directory 'C:/Users/JairoAndres/Documents/Vivado/oil_plainc_hls/solution_kintex7/sim/wrapc'
clang: warning: c:/Programas/Xilinx/Vivado_HLS/2013.4/bin/unwrapped/win64.o/apcc.exe: 'linker' input unused when '-c' is present
clang: warning: argument unused during compilation: '-fno-builtin-isinf'
clang: warning: argument unused during compilation: '-fno-builtin-isnan'
gcc.exe: warning: c:/Programas/Xilinx/Vivado_HLS/2013.4/bin/unwrapped/win64.o/apcc.exe: linker input file unused because linking not done
@I [APCC-1] APCC is done.
@I [LIC-101] Checked in feature [VIVADO_HLS]
   Compiling(apcc) nfa_file.c_pre.c.tb.c
@I [LIC-101] Checked out feature [VIVADO_HLS]
@I [HLS-10] Running 'c:/Programas/Xilinx/Vivado_HLS/2013.4/bin/unwrapped/win64.o/apcc.exe'
            for user 'JairoAndres' on host 'askur' (Windows NT_amd64 version 6.2) on Wed Apr 16 20:47:04 -0500 2014
            in directory 'C:/Users/JairoAndres/Documents/Vivado/oil_plainc_hls/solution_kintex7/sim/wrapc'
clang: warning: c:/Programas/Xilinx/Vivado_HLS/2013.4/bin/unwrapped/win64.o/apcc.exe: 'linker' input unused when '-c' is present
clang: warning: argument unused during compilation: '-fno-builtin-isinf'
clang: warning: argument unused during compilation: '-fno-builtin-isnan'
gcc.exe: warning: c:/Programas/Xilinx/Vivado_HLS/2013.4/bin/unwrapped/win64.o/apcc.exe: linker input file unused because linking not done
@I [APCC-1] APCC is done.
@I [LIC-101] Checked in feature [VIVADO_HLS]
   Compiling(apcc) oil.c_pre.c.tb.c
@I [LIC-101] Checked out feature [VIVADO_HLS]
@I [HLS-10] Running 'c:/Programas/Xilinx/Vivado_HLS/2013.4/bin/unwrapped/win64.o/apcc.exe'
            for user 'JairoAndres' on host 'askur' (Windows NT_amd64 version 6.2) on Wed Apr 16 20:47:06 -0500 2014
            in directory 'C:/Users/JairoAndres/Documents/Vivado/oil_plainc_hls/solution_kintex7/sim/wrapc'
clang: warning: c:/Programas/Xilinx/Vivado_HLS/2013.4/bin/unwrapped/win64.o/apcc.exe: 'linker' input unused when '-c' is present
clang: warning: argument unused during compilation: '-fno-builtin-isinf'
clang: warning: argument unused during compilation: '-fno-builtin-isnan'
gcc.exe: warning: c:/Programas/Xilinx/Vivado_HLS/2013.4/bin/unwrapped/win64.o/apcc.exe: linker input file unused because linking not done
@I [APCC-1] APCC is done.
@I [LIC-101] Checked in feature [VIVADO_HLS]
   Compiling(apcc) test.c_pre.c.tb.c
@I [LIC-101] Checked out feature [VIVADO_HLS]
@I [HLS-10] Running 'c:/Programas/Xilinx/Vivado_HLS/2013.4/bin/unwrapped/win64.o/apcc.exe'
            for user 'JairoAndres' on host 'askur' (Windows NT_amd64 version 6.2) on Wed Apr 16 20:47:08 -0500 2014
            in directory 'C:/Users/JairoAndres/Documents/Vivado/oil_plainc_hls/solution_kintex7/sim/wrapc'
clang: warning: c:/Programas/Xilinx/Vivado_HLS/2013.4/bin/unwrapped/win64.o/apcc.exe: 'linker' input unused when '-c' is present
clang: warning: argument unused during compilation: '-fno-builtin-isinf'
clang: warning: argument unused during compilation: '-fno-builtin-isnan'
gcc.exe: warning: c:/Programas/Xilinx/Vivado_HLS/2013.4/bin/unwrapped/win64.o/apcc.exe: linker input file unused because linking not done
@I [APCC-1] APCC is done.
@I [LIC-101] Checked in feature [VIVADO_HLS]
   Generating cosim.tv.exe
