

================================================================
== Vivado HLS Report for 'bitset_next'
================================================================
* Date:           Sat Aug 09 17:29:25 2014

* Version:        2014.1 (build date: Fri Apr 04 13:20:25 PM 2014)
* Project:        oil_plainc_hls
* Solution:       solution_virtex5_plb
* Product family: virtex5 virtex5_fpv5 
* Target device:  xc5vlx50tff1136-3


================================================================
== Performance Estimates
================================================================
+ Timing (ns): 
    * Summary: 
    +---------+-------+----------+------------+
    |  Clock  | Target| Estimated| Uncertainty|
    +---------+-------+----------+------------+
    |default  |   7.00|      3.36|        3.00|
    +---------+-------+----------+------------+

+ Latency (clock cycles): 
    * Summary: 
    +-----+-----+-----+-----+----------+
    |  Latency  |  Interval | Pipeline |
    | min | max | min | max |   Type   |
    +-----+-----+-----+-----+----------+
    |    2|    2|    1|    1| function |
    +-----+-----+-----+-----+----------+

    + Detail: 
        * Instance: 
        +-----------------------+------------+-----+-----+-----+-----+----------+
        |                       |            |  Latency  |  Interval | Pipeline |
        |        Instance       |   Module   | min | max | min | max |   Type   |
        +-----------------------+------------+-----+-----+-----+-----+----------+
        |grp_p_bsf32_hw_fu_118  |p_bsf32_hw  |    0|    0|    1|    1| function |
        +-----------------------+------------+-----+-----+-----+-----+----------+

        * Loop: 
        N/A



================================================================
== Utilization Estimates
================================================================
* Summary: 
+-----------------+---------+-------+-------+-------+
|       Name      | BRAM_18K| DSP48E|   FF  |  LUT  |
+-----------------+---------+-------+-------+-------+
|Expression       |        -|      -|      0|     94|
|FIFO             |        -|      -|      -|      -|
|Instance         |        -|      -|      -|     55|
|Memory           |        -|      -|      -|      -|
|Multiplexer      |        -|      -|      -|    116|
|Register         |        -|      -|    193|      -|
+-----------------+---------+-------+-------+-------+
|Total            |        0|      0|    193|    265|
+-----------------+---------+-------+-------+-------+
|Available        |      120|     48|  28800|  28800|
+-----------------+---------+-------+-------+-------+
|Utilization (%)  |        0|      0|   ~0  |   ~0  |
+-----------------+---------+-------+-------+-------+

+ Detail: 
    * Instance: 
    +-----------------------+------------+---------+-------+---+----+
    |        Instance       |   Module   | BRAM_18K| DSP48E| FF| LUT|
    +-----------------------+------------+---------+-------+---+----+
    |grp_p_bsf32_hw_fu_118  |p_bsf32_hw  |        0|      0|  0|  55|
    +-----------------------+------------+---------+-------+---+----+
    |Total                  |            |        0|      0|  0|  55|
    +-----------------------+------------+---------+-------+---+----+

    * Memory: 
    N/A

    * FIFO: 
    N/A

    * Expression: 
    +----------------------+----------+-------+---+----+------------+------------+
    |     Variable Name    | Operation| DSP48E| FF| LUT| Bitwidth P0| Bitwidth P1|
    +----------------------+----------+-------+---+----+------------+------------+
    |tmp_3_fu_131_p2       |     +    |      0|  0|  32|          32|           2|
    |ap_sig_bdd_104        |    and   |      0|  0|   1|           1|           1|
    |ap_sig_bdd_113        |    and   |      0|  0|   1|           1|           1|
    |ap_sig_bdd_121        |    and   |      0|  0|   1|           1|           1|
    |ap_sig_bdd_125        |    and   |      0|  0|   1|           1|           1|
    |ap_sig_bdd_59         |    and   |      0|  0|   1|           1|           1|
    |ap_sig_bdd_61         |    and   |      0|  0|   1|           1|           1|
    |ap_sig_bdd_73         |    and   |      0|  0|   1|           1|           1|
    |bus_assign_fu_137_p2  |    and   |      0|  0|  32|          32|          32|
    |tmp_11_1_fu_153_p2    |   icmp   |      0|  0|  11|          32|           1|
    |tmp_5_fu_143_p2       |   icmp   |      0|  0|  11|          32|           1|
    |tmp_9_1_fu_148_p2     |   icmp   |      0|  0|   1|           2|           1|
    +----------------------+----------+-------+---+----+------------+------------+
    |Total                 |          |      0|  0|  94|         137|          44|
    +----------------------+----------+-------+---+----+------------+------------+

    * Multiplexer: 
    +---------------------------------------------------------------------+----+-----------+-----+-----------+
    |                                 Name                                | LUT| Input Size| Bits| Total Bits|
    +---------------------------------------------------------------------+----+-----------+-----+-----------+
    |agg_result_bit_write_assign_phi_fu_107_p8                            |   8|          3|    8|         24|
    |agg_result_bucket_index_write_assign_phi_fu_91_p8                    |   2|          3|    2|          6|
    |agg_result_bucket_write_assign_phi_fu_58_p8                          |  32|          3|   32|         96|
    |ap_reg_phiprechg_agg_result_bit_write_assign_reg_104pp0_it2          |   8|          2|    8|         16|
    |ap_reg_phiprechg_agg_result_bucket_index_write_assign_reg_87pp0_it2  |   2|          2|    2|          4|
    |ap_reg_phiprechg_agg_result_bucket_write_assign_reg_54pp0_it2        |  32|          3|   32|         96|
    |grp_p_bsf32_hw_fu_118_bus_r                                          |  32|          3|   32|         96|
    +---------------------------------------------------------------------+----+-----------+-----+-----------+
    |Total                                                                | 116|         19|  116|        338|
    +---------------------------------------------------------------------+----+-----------+-----+-----------+

    * Register: 
    +---------------------------------------------------------------------+----+----+-----+-----------+
    |                                 Name                                | FF | LUT| Bits| Const Bits|
    +---------------------------------------------------------------------+----+----+-----+-----------+
    |ap_CS_fsm                                                            |   1|   0|    1|          0|
    |ap_reg_phiprechg_agg_result_bit_write_assign_reg_104pp0_it2          |   8|   0|    8|          0|
    |ap_reg_phiprechg_agg_result_bucket_index_write_assign_reg_87pp0_it2  |   2|   0|    2|          0|
    |ap_reg_phiprechg_agg_result_bucket_write_assign_reg_54pp0_it2        |  32|   0|   32|          0|
    |ap_reg_phiprechg_agg_result_end_write_assign_reg_69pp0_it2           |   0|   0|    1|          1|
    |ap_reg_ppiten_pp0_it1                                                |   1|   0|    1|          0|
    |ap_reg_ppiten_pp0_it2                                                |   1|   0|    1|          0|
    |ap_reg_ppstg_bus_assign_reg_216_pp0_it1                              |  32|   0|   32|          0|
    |ap_reg_ppstg_p_read_1_reg_202_pp0_it1                                |  32|   0|   32|          0|
    |ap_reg_ppstg_tmp_reg_210_pp0_it1                                     |   2|   0|    2|          0|
    |bus_assign_reg_216                                                   |  32|   0|   32|          0|
    |p_read_1_reg_202                                                     |  32|   0|   32|          0|
    |r_bit_read_reg_196                                                   |   8|   0|    8|          0|
    |reg_123                                                              |   5|   0|    5|          0|
    |tmp_11_1_reg_231                                                     |   1|   0|    1|          0|
    |tmp_5_reg_223                                                        |   1|   0|    1|          0|
    |tmp_9_1_reg_227                                                      |   1|   0|    1|          0|
    |tmp_reg_210                                                          |   2|   0|    2|          0|
    +---------------------------------------------------------------------+----+----+-----+-----------+
    |Total                                                                | 193|   0|  194|          1|
    +---------------------------------------------------------------------+----+----+-----+-----------+



================================================================
== Interface
================================================================
* Summary: 
+----------------+-----+-----+------------+----------------+--------------+
|    RTL Ports   | Dir | Bits|  Protocol  |  Source Object |    C Type    |
+----------------+-----+-----+------------+----------------+--------------+
|ap_clk          |  in |    1| ap_ctrl_hs |   bitset_next  | return value |
|ap_rst          |  in |    1| ap_ctrl_hs |   bitset_next  | return value |
|ap_start        |  in |    1| ap_ctrl_hs |   bitset_next  | return value |
|ap_done         | out |    1| ap_ctrl_hs |   bitset_next  | return value |
|ap_idle         | out |    1| ap_ctrl_hs |   bitset_next  | return value |
|ap_ready        | out |    1| ap_ctrl_hs |   bitset_next  | return value |
|ap_ce           |  in |    1| ap_ctrl_hs |   bitset_next  | return value |
|ap_return_0     | out |    8| ap_ctrl_hs |   bitset_next  | return value |
|ap_return_1     | out |    8| ap_ctrl_hs |   bitset_next  | return value |
|ap_return_2     | out |   32| ap_ctrl_hs |   bitset_next  | return value |
|ap_return_3     | out |    1| ap_ctrl_hs |   bitset_next  | return value |
|p_read          |  in |   32|   ap_none  |     p_read     |    scalar    |
|r_bit           |  in |    8|   ap_none  |      r_bit     |    scalar    |
|r_bucket_index  |  in |    8|   ap_none  | r_bucket_index |    scalar    |
|r_bucket        |  in |   32|   ap_none  |    r_bucket    |    scalar    |
+----------------+-----+-----+------------+----------------+--------------+

