

================================================================
== Vivado HLS Report for 'sample_iterator_next'
================================================================
* Date:           Sat Aug 09 17:29:26 2014

* Version:        2014.1 (build date: Fri Apr 04 13:20:25 PM 2014)
* Project:        oil_plainc_hls
* Solution:       solution_virtex5_plb
* Product family: virtex5 virtex5_fpv5 
* Target device:  xc5vlx50tff1136-3


================================================================
== Performance Estimates
================================================================
+ Timing (ns): 
    * Summary: 
    +---------+-------+----------+------------+
    |  Clock  | Target| Estimated| Uncertainty|
    +---------+-------+----------+------------+
    |default  |   7.00|      4.00|        3.00|
    +---------+-------+----------+------------+

+ Latency (clock cycles): 
    * Summary: 
    +-----+-----+-----+-----+----------+
    |  Latency  |  Interval | Pipeline |
    | min | max | min | max |   Type   |
    +-----+-----+-----+-----+----------+
    |    3|    3|    1|    1| function |
    +-----+-----+-----+-----+----------+

    + Detail: 
        * Instance: 
        N/A

        * Loop: 
        N/A



================================================================
== Utilization Estimates
================================================================
* Summary: 
+-----------------+---------+-------+-------+-------+
|       Name      | BRAM_18K| DSP48E|   FF  |  LUT  |
+-----------------+---------+-------+-------+-------+
|Expression       |        -|      -|      0|     88|
|FIFO             |        -|      -|      -|      -|
|Instance         |        -|      -|      -|      -|
|Memory           |        -|      -|      -|      -|
|Multiplexer      |        -|      -|      -|      -|
|Register         |        -|      -|     52|     32|
+-----------------+---------+-------+-------+-------+
|Total            |        0|      0|     52|    120|
+-----------------+---------+-------+-------+-------+
|Available        |      120|     48|  28800|  28800|
+-----------------+---------+-------+-------+-------+
|Utilization (%)  |        0|      0|   ~0  |   ~0  |
+-----------------+---------+-------+-------+-------+

+ Detail: 
    * Instance: 
    N/A

    * Memory: 
    N/A

    * FIFO: 
    N/A

    * Expression: 
    +------------------------------------------+----------+-------+---+----+------------+------------+
    |               Variable Name              | Operation| DSP48E| FF| LUT| Bitwidth P0| Bitwidth P1|
    +------------------------------------------+----------+-------+---+----+------------+------------+
    |tmp_1_fu_115_p2                           |     +    |      0|  0|  16|          16|           1|
    |tmp_7_fu_94_p2                            |     +    |      0|  0|  17|          17|           2|
    |tmp_9_fu_110_p2                           |     +    |      0|  0|  16|          16|           1|
    |agg_result_index_write_assign_fu_128_p3   |  Select  |      0|  0|  16|           1|          16|
    |agg_result_sample_write_assign_fu_120_p3  |  Select  |      0|  0|  16|           1|          16|
    |tmp_8_fu_104_p2                           |   icmp   |      0|  0|   7|          18|          18|
    +------------------------------------------+----------+-------+---+----+------------+------------+
    |Total                                     |          |      0|  0|  88|          69|          54|
    +------------------------------------------+----------+-------+---+----+------------+------------+

    * Multiplexer: 
    N/A

    * Register: 
    +-----------------------------------+----+----+-----+-----------+
    |                Name               | FF | LUT| Bits| Const Bits|
    +-----------------------------------+----+----+-----+-----------+
    |ap_CS_fsm                          |   1|   0|    1|          0|
    |ap_reg_ppiten_pp0_it1              |   1|   0|    1|          0|
    |ap_reg_ppiten_pp0_it2              |   1|   0|    1|          0|
    |ap_reg_ppiten_pp0_it3              |   1|   0|    1|          0|
    |i_index_read_reg_153               |  16|   0|   16|          0|
    |i_sample_read_reg_147              |  16|   0|   16|          0|
    |indices_samples_load_new5_reg_165  |  16|   0|   16|          0|
    |i_index_read_reg_153               |   0|  16|   16|          0|
    |i_sample_read_reg_147              |   0|  16|   16|          0|
    +-----------------------------------+----+----+-----+-----------+
    |Total                              |  52|  32|   84|          0|
    +-----------------------------------+----+----+-----+-----------+



================================================================
== Interface
================================================================
* Summary: 
+---------------------+-----+-----+------------+----------------------+--------------+
|      RTL Ports      | Dir | Bits|  Protocol  |     Source Object    |    C Type    |
+---------------------+-----+-----+------------+----------------------+--------------+
|ap_clk               |  in |    1| ap_ctrl_hs | sample_iterator_next | return value |
|ap_rst               |  in |    1| ap_ctrl_hs | sample_iterator_next | return value |
|ap_start             |  in |    1| ap_ctrl_hs | sample_iterator_next | return value |
|ap_done              | out |    1| ap_ctrl_hs | sample_iterator_next | return value |
|ap_idle              | out |    1| ap_ctrl_hs | sample_iterator_next | return value |
|ap_ready             | out |    1| ap_ctrl_hs | sample_iterator_next | return value |
|ap_ce                |  in |    1| ap_ctrl_hs | sample_iterator_next | return value |
|ap_return_0          | out |   16| ap_ctrl_hs | sample_iterator_next | return value |
|ap_return_1          | out |   16| ap_ctrl_hs | sample_iterator_next | return value |
|indices_req_din      | out |    1|   ap_bus   |        indices       |    pointer   |
|indices_req_full_n   |  in |    1|   ap_bus   |        indices       |    pointer   |
|indices_req_write    | out |    1|   ap_bus   |        indices       |    pointer   |
|indices_rsp_empty_n  |  in |    1|   ap_bus   |        indices       |    pointer   |
|indices_rsp_read     | out |    1|   ap_bus   |        indices       |    pointer   |
|indices_address      | out |   32|   ap_bus   |        indices       |    pointer   |
|indices_datain       |  in |   56|   ap_bus   |        indices       |    pointer   |
|indices_dataout      | out |   56|   ap_bus   |        indices       |    pointer   |
|indices_size         | out |   32|   ap_bus   |        indices       |    pointer   |
|i_index              |  in |   16|   ap_none  |        i_index       |    scalar    |
|i_sample             |  in |   16|   ap_none  |       i_sample       |    scalar    |
+---------------------+-----+-----+------------+----------------------+--------------+

