

================================================================
== Vivado HLS Report for 'p_bsf32_hw'
================================================================
* Date:           Thu Apr 17 09:00:22 2014

* Version:        2013.4 (build date: Mon Dec 09 17:07:59 PM 2013)
* Project:        oil_plainc_hls
* Solution:       solution_kintex7
* Product family: kintex7 kintex7_fpv6 
* Target device:  xc7k325tffg676-3


================================================================
== Performance Estimates
================================================================
+ Timing (ns): 
    * Summary: 
    +---------+-------+----------+------------+
    |  Clock  | Target| Estimated| Uncertainty|
    +---------+-------+----------+------------+
    |default  |   1.00|      0.88|        0.13|
    +---------+-------+----------+------------+

+ Latency (clock cycles): 
    * Summary: 
    +-----+-----+-----+-----+----------+
    |  Latency  |  Interval | Pipeline |
    | min | max | min | max |   Type   |
    +-----+-----+-----+-----+----------+
    |    1|    1|    1|    1| function |
    +-----+-----+-----+-----+----------+

    + Detail: 
        * Instance: 
        N/A

        * Loop: 
        N/A



================================================================
== Utilization Estimates
================================================================
* Summary: 
+-----------------+---------+-------+--------+--------+
|       Name      | BRAM_18K| DSP48E|   FF   |   LUT  |
+-----------------+---------+-------+--------+--------+
|Expression       |        -|      -|       0|      31|
|FIFO             |        -|      -|       -|       -|
|Instance         |        -|      -|       -|       -|
|Memory           |        -|      -|       -|       -|
|Multiplexer      |        -|      -|       -|      59|
|Register         |        -|      -|      40|       -|
|ShiftMemory      |        -|      -|       -|       -|
+-----------------+---------+-------+--------+--------+
|Total            |        0|      0|      40|      90|
+-----------------+---------+-------+--------+--------+
|Available        |      890|    840|  407600|  203800|
+-----------------+---------+-------+--------+--------+
|Utilization (%)  |        0|      0|   ~0   |   ~0   |
+-----------------+---------+-------+--------+--------+

+ Detail: 
    * Instance: 
    N/A

    * Memory: 
    N/A

    * FIFO: 
    N/A

    * Shift register: 
    N/A

    * Expression: 
    +----------------+----------+-------+---+----+------------+------------+
    |  Variable Name | Operation| DSP48E| FF| LUT| Bitwidth P0| Bitwidth P1|
    +----------------+----------+-------+---+----+------------+------------+
    |ap_sig_bdd_178  |    and   |      0|  0|   1|           1|           1|
    |ap_sig_bdd_183  |    and   |      0|  0|   1|           1|           1|
    |ap_sig_bdd_189  |    and   |      0|  0|   1|           1|           1|
    |ap_sig_bdd_196  |    and   |      0|  0|   1|           1|           1|
    |ap_sig_bdd_204  |    and   |      0|  0|   1|           1|           1|
    |ap_sig_bdd_213  |    and   |      0|  0|   1|           1|           1|
    |ap_sig_bdd_223  |    and   |      0|  0|   1|           1|           1|
    |ap_sig_bdd_234  |    and   |      0|  0|   1|           1|           1|
    |ap_sig_bdd_246  |    and   |      0|  0|   1|           1|           1|
    |ap_sig_bdd_259  |    and   |      0|  0|   1|           1|           1|
    |ap_sig_bdd_273  |    and   |      0|  0|   1|           1|           1|
    |ap_sig_bdd_288  |    and   |      0|  0|   1|           1|           1|
    |ap_sig_bdd_304  |    and   |      0|  0|   1|           1|           1|
    |ap_sig_bdd_321  |    and   |      0|  0|   1|           1|           1|
    |ap_sig_bdd_339  |    and   |      0|  0|   1|           1|           1|
    |ap_sig_bdd_358  |    and   |      0|  0|   1|           1|           1|
    |ap_sig_bdd_378  |    and   |      0|  0|   1|           1|           1|
    |ap_sig_bdd_399  |    and   |      0|  0|   1|           1|           1|
    |ap_sig_bdd_421  |    and   |      0|  0|   1|           1|           1|
    |ap_sig_bdd_444  |    and   |      0|  0|   1|           1|           1|
    |ap_sig_bdd_468  |    and   |      0|  0|   1|           1|           1|
    |ap_sig_bdd_493  |    and   |      0|  0|   1|           1|           1|
    |ap_sig_bdd_519  |    and   |      0|  0|   1|           1|           1|
    |ap_sig_bdd_546  |    and   |      0|  0|   1|           1|           1|
    |ap_sig_bdd_574  |    and   |      0|  0|   1|           1|           1|
    |ap_sig_bdd_603  |    and   |      0|  0|   1|           1|           1|
    |ap_sig_bdd_633  |    and   |      0|  0|   1|           1|           1|
    |ap_sig_bdd_664  |    and   |      0|  0|   1|           1|           1|
    |ap_sig_bdd_696  |    and   |      0|  0|   1|           1|           1|
    |ap_sig_bdd_730  |    and   |      0|  0|   1|           1|           1|
    |ap_sig_bdd_764  |    and   |      0|  0|   1|           1|           1|
    +----------------+----------+-------+---+----+------------+------------+
    |Total           |          |      0|  0|  31|          31|          31|
    +----------------+----------+-------+---+----+------------+------------+

    * Multiplexer: 
    +---------------------------------------+----+-----------+-----+-----------+
    |                  Name                 | LUT| Input Size| Bits| Total Bits|
    +---------------------------------------+----+-----------+-----+-----------+
    |ap_reg_phiprechg_merge_reg_265pp0_it1  |   4|          2|    4|          8|
    |ap_reg_phiprechg_p_s_reg_136pp0_it1    |  50|         32|    5|        160|
    |merge_phi_fu_269_p4                    |   5|          2|    5|         10|
    +---------------------------------------+----+-----------+-----+-----------+
    |Total                                  |  59|         36|   14|        178|
    +---------------------------------------+----+-----------+-----+-----------+

    * Register: 
    +---------------------------------------+---+-----+-----------+
    |                  Name                 | FF| Bits| Const Bits|
    +---------------------------------------+---+-----+-----------+
    |ap_reg_phiprechg_merge_reg_265pp0_it1  |  4|    5|          1|
    |ap_reg_phiprechg_p_s_reg_136pp0_it1    |  5|    5|          0|
    |tmp_10_reg_538                         |  1|    1|          0|
    |tmp_11_reg_542                         |  1|    1|          0|
    |tmp_12_reg_546                         |  1|    1|          0|
    |tmp_13_reg_550                         |  1|    1|          0|
    |tmp_14_reg_554                         |  1|    1|          0|
    |tmp_15_reg_558                         |  1|    1|          0|
    |tmp_16_reg_562                         |  1|    1|          0|
    |tmp_17_reg_566                         |  1|    1|          0|
    |tmp_18_reg_570                         |  1|    1|          0|
    |tmp_19_reg_574                         |  1|    1|          0|
    |tmp_20_reg_578                         |  1|    1|          0|
    |tmp_21_reg_582                         |  1|    1|          0|
    |tmp_22_reg_586                         |  1|    1|          0|
    |tmp_23_reg_590                         |  1|    1|          0|
    |tmp_24_reg_594                         |  1|    1|          0|
    |tmp_25_reg_598                         |  1|    1|          0|
    |tmp_26_reg_602                         |  1|    1|          0|
    |tmp_27_reg_606                         |  1|    1|          0|
    |tmp_28_reg_610                         |  1|    1|          0|
    |tmp_29_reg_614                         |  1|    1|          0|
    |tmp_30_reg_618                         |  1|    1|          0|
    |tmp_31_reg_622                         |  1|    1|          0|
    |tmp_32_reg_626                         |  1|    1|          0|
    |tmp_33_reg_630                         |  1|    1|          0|
    |tmp_34_reg_634                         |  1|    1|          0|
    |tmp_35_reg_638                         |  1|    1|          0|
    |tmp_36_reg_642                         |  1|    1|          0|
    |tmp_7_reg_526                          |  1|    1|          0|
    |tmp_8_reg_530                          |  1|    1|          0|
    |tmp_9_reg_534                          |  1|    1|          0|
    |tmp_reg_522                            |  1|    1|          0|
    +---------------------------------------+---+-----+-----------+
    |Total                                  | 40|   41|          1|
    +---------------------------------------+---+-----+-----------+



================================================================
== Interface
================================================================
* Summary: 
+-----------+-----+-----+------------+--------------+--------------+
| RTL Ports | Dir | Bits|  Protocol  | Source Object|    C Type    |
+-----------+-----+-----+------------+--------------+--------------+
|ap_clk     |  in |    1| ap_ctrl_hs |   _bsf32_hw  | return value |
|ap_rst     |  in |    1| ap_ctrl_hs |   _bsf32_hw  | return value |
|ap_return  | out |    5| ap_ctrl_hs |   _bsf32_hw  | return value |
|ap_ce      |  in |    1| ap_ctrl_hs |   _bsf32_hw  | return value |
|bus_r      |  in |   32|   ap_none  |     bus_r    |    scalar    |
+-----------+-----+-----+------------+--------------+--------------+

============================================================
+ Verbose Summary: Synthesis Manager
============================================================
InlineROM: 1
ExposeGlobal: 0
============================================================
+ Verbose Summary: CDFG Model
============================================================
IsTopModel: 0
ResetActiveHigh: 1
IsCombinational: 2
IsDatapathOnly: 1
HasWiredReturn: 1
HasMFsm: 2
HasVarLatency: 0
IsPipeline: 1
IsRtlPipelined: 1
IsInstanceOverlapped: 0
IsDontTouch: 0
HasImplIP: 0
IsGatedGlobalClock: 0

+ Individual pipeline summary: 
  * Pipeline-0: initiation interval (II) = 1, depth = 2


============================================================
+ Verbose Summary: Schedule
============================================================
* Number of FSM states: 2
* Pipeline: 1
  Pipeline-0: II = 1, D = 2, States = { 1 2 }
* Dataflow Pipeline: 0

* FSM state transitions: 
1 --> 
	2  / true
2 --> 
* FSM state operations: 

 <State 1>: 0.88ns
ST_1: bus_read [1/1] 0.00ns
.preheader.0:0  %bus_read = call i32 @_ssdm_op_Read.ap_auto.i32(i32 %bus_r)

ST_1: tmp [1/1] 0.00ns
.preheader.0:1  %tmp = trunc i32 %bus_read to i1

ST_1: stg_5 [1/1] 0.88ns
.preheader.0:2  br i1 %tmp, label %.loopexit, label %.preheader.1

ST_1: tmp_7 [1/1] 0.00ns
.preheader.1:0  %tmp_7 = call i1 @_ssdm_op_BitSelect.i1.i32.i32(i32 %bus_read, i32 1)

ST_1: stg_7 [1/1] 0.88ns
.preheader.1:1  br i1 %tmp_7, label %.loopexit, label %.preheader.2

ST_1: tmp_8 [1/1] 0.00ns
.preheader.2:0  %tmp_8 = call i1 @_ssdm_op_BitSelect.i1.i32.i32(i32 %bus_read, i32 2)

ST_1: stg_9 [1/1] 0.88ns
.preheader.2:1  br i1 %tmp_8, label %.loopexit, label %.preheader.3

ST_1: tmp_9 [1/1] 0.00ns
.preheader.3:0  %tmp_9 = call i1 @_ssdm_op_BitSelect.i1.i32.i32(i32 %bus_read, i32 3)

ST_1: stg_11 [1/1] 0.88ns
.preheader.3:1  br i1 %tmp_9, label %.loopexit, label %.preheader.4

ST_1: tmp_10 [1/1] 0.00ns
.preheader.4:0  %tmp_10 = call i1 @_ssdm_op_BitSelect.i1.i32.i32(i32 %bus_read, i32 4)

ST_1: stg_13 [1/1] 0.88ns
.preheader.4:1  br i1 %tmp_10, label %.loopexit, label %.preheader.5

ST_1: tmp_11 [1/1] 0.00ns
.preheader.5:0  %tmp_11 = call i1 @_ssdm_op_BitSelect.i1.i32.i32(i32 %bus_read, i32 5)

ST_1: stg_15 [1/1] 0.88ns
.preheader.5:1  br i1 %tmp_11, label %.loopexit, label %.preheader.6

ST_1: tmp_12 [1/1] 0.00ns
.preheader.6:0  %tmp_12 = call i1 @_ssdm_op_BitSelect.i1.i32.i32(i32 %bus_read, i32 6)

ST_1: stg_17 [1/1] 0.88ns
.preheader.6:1  br i1 %tmp_12, label %.loopexit, label %.preheader.7

ST_1: tmp_13 [1/1] 0.00ns
.preheader.7:0  %tmp_13 = call i1 @_ssdm_op_BitSelect.i1.i32.i32(i32 %bus_read, i32 7)

ST_1: stg_19 [1/1] 0.88ns
.preheader.7:1  br i1 %tmp_13, label %.loopexit, label %.preheader.8

ST_1: tmp_14 [1/1] 0.00ns
.preheader.8:0  %tmp_14 = call i1 @_ssdm_op_BitSelect.i1.i32.i32(i32 %bus_read, i32 8)

ST_1: stg_21 [1/1] 0.88ns
.preheader.8:1  br i1 %tmp_14, label %.loopexit, label %.preheader.9

ST_1: tmp_15 [1/1] 0.00ns
.preheader.9:0  %tmp_15 = call i1 @_ssdm_op_BitSelect.i1.i32.i32(i32 %bus_read, i32 9)

ST_1: stg_23 [1/1] 0.88ns
.preheader.9:1  br i1 %tmp_15, label %.loopexit, label %.preheader.10

ST_1: tmp_16 [1/1] 0.00ns
.preheader.10:0  %tmp_16 = call i1 @_ssdm_op_BitSelect.i1.i32.i32(i32 %bus_read, i32 10)

ST_1: stg_25 [1/1] 0.88ns
.preheader.10:1  br i1 %tmp_16, label %.loopexit, label %.preheader.11

ST_1: tmp_17 [1/1] 0.00ns
.preheader.11:0  %tmp_17 = call i1 @_ssdm_op_BitSelect.i1.i32.i32(i32 %bus_read, i32 11)

ST_1: stg_27 [1/1] 0.88ns
.preheader.11:1  br i1 %tmp_17, label %.loopexit, label %.preheader.12

ST_1: tmp_18 [1/1] 0.00ns
.preheader.12:0  %tmp_18 = call i1 @_ssdm_op_BitSelect.i1.i32.i32(i32 %bus_read, i32 12)

ST_1: stg_29 [1/1] 0.88ns
.preheader.12:1  br i1 %tmp_18, label %.loopexit, label %.preheader.13

ST_1: tmp_19 [1/1] 0.00ns
.preheader.13:0  %tmp_19 = call i1 @_ssdm_op_BitSelect.i1.i32.i32(i32 %bus_read, i32 13)

ST_1: stg_31 [1/1] 0.88ns
.preheader.13:1  br i1 %tmp_19, label %.loopexit, label %.preheader.14

ST_1: tmp_20 [1/1] 0.00ns
.preheader.14:0  %tmp_20 = call i1 @_ssdm_op_BitSelect.i1.i32.i32(i32 %bus_read, i32 14)

ST_1: stg_33 [1/1] 0.88ns
.preheader.14:1  br i1 %tmp_20, label %.loopexit, label %.preheader.15

ST_1: tmp_21 [1/1] 0.00ns
.preheader.15:0  %tmp_21 = call i1 @_ssdm_op_BitSelect.i1.i32.i32(i32 %bus_read, i32 15)

ST_1: stg_35 [1/1] 0.88ns
.preheader.15:1  br i1 %tmp_21, label %.loopexit, label %.preheader.16

ST_1: tmp_22 [1/1] 0.00ns
.preheader.16:0  %tmp_22 = call i1 @_ssdm_op_BitSelect.i1.i32.i32(i32 %bus_read, i32 16)

ST_1: stg_37 [1/1] 0.88ns
.preheader.16:1  br i1 %tmp_22, label %.loopexit, label %.preheader.17

ST_1: tmp_23 [1/1] 0.00ns
.preheader.17:0  %tmp_23 = call i1 @_ssdm_op_BitSelect.i1.i32.i32(i32 %bus_read, i32 17)

ST_1: stg_39 [1/1] 0.88ns
.preheader.17:1  br i1 %tmp_23, label %.loopexit, label %.preheader.18

ST_1: tmp_24 [1/1] 0.00ns
.preheader.18:0  %tmp_24 = call i1 @_ssdm_op_BitSelect.i1.i32.i32(i32 %bus_read, i32 18)

ST_1: stg_41 [1/1] 0.88ns
.preheader.18:1  br i1 %tmp_24, label %.loopexit, label %.preheader.19

ST_1: tmp_25 [1/1] 0.00ns
.preheader.19:0  %tmp_25 = call i1 @_ssdm_op_BitSelect.i1.i32.i32(i32 %bus_read, i32 19)

ST_1: stg_43 [1/1] 0.88ns
.preheader.19:1  br i1 %tmp_25, label %.loopexit, label %.preheader.20

ST_1: tmp_26 [1/1] 0.00ns
.preheader.20:0  %tmp_26 = call i1 @_ssdm_op_BitSelect.i1.i32.i32(i32 %bus_read, i32 20)

ST_1: stg_45 [1/1] 0.88ns
.preheader.20:1  br i1 %tmp_26, label %.loopexit, label %.preheader.21

ST_1: tmp_27 [1/1] 0.00ns
.preheader.21:0  %tmp_27 = call i1 @_ssdm_op_BitSelect.i1.i32.i32(i32 %bus_read, i32 21)

ST_1: stg_47 [1/1] 0.88ns
.preheader.21:1  br i1 %tmp_27, label %.loopexit, label %.preheader.22

ST_1: tmp_28 [1/1] 0.00ns
.preheader.22:0  %tmp_28 = call i1 @_ssdm_op_BitSelect.i1.i32.i32(i32 %bus_read, i32 22)

ST_1: stg_49 [1/1] 0.88ns
.preheader.22:1  br i1 %tmp_28, label %.loopexit, label %.preheader.23

ST_1: tmp_29 [1/1] 0.00ns
.preheader.23:0  %tmp_29 = call i1 @_ssdm_op_BitSelect.i1.i32.i32(i32 %bus_read, i32 23)

ST_1: stg_51 [1/1] 0.88ns
.preheader.23:1  br i1 %tmp_29, label %.loopexit, label %.preheader.24

ST_1: tmp_30 [1/1] 0.00ns
.preheader.24:0  %tmp_30 = call i1 @_ssdm_op_BitSelect.i1.i32.i32(i32 %bus_read, i32 24)

ST_1: stg_53 [1/1] 0.88ns
.preheader.24:1  br i1 %tmp_30, label %.loopexit, label %.preheader.25

ST_1: tmp_31 [1/1] 0.00ns
.preheader.25:0  %tmp_31 = call i1 @_ssdm_op_BitSelect.i1.i32.i32(i32 %bus_read, i32 25)

ST_1: stg_55 [1/1] 0.88ns
.preheader.25:1  br i1 %tmp_31, label %.loopexit, label %.preheader.26

ST_1: tmp_32 [1/1] 0.00ns
.preheader.26:0  %tmp_32 = call i1 @_ssdm_op_BitSelect.i1.i32.i32(i32 %bus_read, i32 26)

ST_1: stg_57 [1/1] 0.88ns
.preheader.26:1  br i1 %tmp_32, label %.loopexit, label %.preheader.27

ST_1: tmp_33 [1/1] 0.00ns
.preheader.27:0  %tmp_33 = call i1 @_ssdm_op_BitSelect.i1.i32.i32(i32 %bus_read, i32 27)

ST_1: stg_59 [1/1] 0.88ns
.preheader.27:1  br i1 %tmp_33, label %.loopexit, label %.preheader.28

ST_1: tmp_34 [1/1] 0.00ns
.preheader.28:0  %tmp_34 = call i1 @_ssdm_op_BitSelect.i1.i32.i32(i32 %bus_read, i32 28)

ST_1: stg_61 [1/1] 0.88ns
.preheader.28:1  br i1 %tmp_34, label %.loopexit, label %.preheader.29

ST_1: tmp_35 [1/1] 0.00ns
.preheader.29:0  %tmp_35 = call i1 @_ssdm_op_BitSelect.i1.i32.i32(i32 %bus_read, i32 29)

ST_1: stg_63 [1/1] 0.88ns
.preheader.29:1  br i1 %tmp_35, label %.loopexit, label %.preheader.30

ST_1: tmp_36 [1/1] 0.00ns
.preheader.30:0  %tmp_36 = call i1 @_ssdm_op_BitSelect.i1.i32.i32(i32 %bus_read, i32 30)

ST_1: stg_65 [1/1] 0.88ns
.preheader.30:1  br i1 %tmp_36, label %.loopexit, label %.preheader.31


 <State 2>: 0.82ns
ST_2: p_s [1/1] 0.00ns
.loopexit:0  %p_s = phi i5 [ 0, %.preheader.0 ], [ 1, %.preheader.1 ], [ 2, %.preheader.2 ], [ 3, %.preheader.3 ], [ 4, %.preheader.4 ], [ 5, %.preheader.5 ], [ 6, %.preheader.6 ], [ 7, %.preheader.7 ], [ 8, %.preheader.8 ], [ 9, %.preheader.9 ], [ 10, %.preheader.10 ], [ 11, %.preheader.11 ], [ 12, %.preheader.12 ], [ 13, %.preheader.13 ], [ 14, %.preheader.14 ], [ 15, %.preheader.15 ], [ -16, %.preheader.16 ], [ -15, %.preheader.17 ], [ -14, %.preheader.18 ], [ -13, %.preheader.19 ], [ -12, %.preheader.20 ], [ -11, %.preheader.21 ], [ -10, %.preheader.22 ], [ -9, %.preheader.23 ], [ -8, %.preheader.24 ], [ -7, %.preheader.25 ], [ -6, %.preheader.26 ], [ -5, %.preheader.27 ], [ -4, %.preheader.28 ], [ -3, %.preheader.29 ], [ -2, %.preheader.30 ]

ST_2: stg_67 [1/1] 0.82ns
.loopexit:1  br label %.preheader.31

ST_2: merge [1/1] 0.00ns
.preheader.31:0  %merge = phi i5 [ -1, %.preheader.30 ], [ %p_s, %.loopexit ]

ST_2: stg_69 [1/1] 0.00ns
.preheader.31:1  ret i5 %merge



============================================================
+ Verbose Summary: Binding
============================================================
STG Binding: 
---------------- STG Properties BEGIN ----------------
- Is combinational: 0
- Is one-state seq: 0
- Is datapath-only: 1
- Is clock enabled: 1
- Is pipelined: 1
- Is top level: 0
Port [ Return ] is wired: 1; IO mode=ap_ctrl_hs:ce=0
Port [ bus_r]:  wired=1; compound=0; hidden=0; nouse=0; global=0; static=0; extern=0; dir=0; type=0; mode=0x3fa2018; pingpong=0; private_global=0; IO mode=ap_none:ce=0
---------------- STG Properties END ------------------

---------------- Datapath Model BEGIN ----------------

<LifeTime>
<method=bitvector/>
bus_read (read     ) [ 000]
tmp      (trunc    ) [ 011]
stg_5    (br       ) [ 011]
tmp_7    (bitselect) [ 011]
stg_7    (br       ) [ 011]
tmp_8    (bitselect) [ 011]
stg_9    (br       ) [ 011]
tmp_9    (bitselect) [ 011]
stg_11   (br       ) [ 011]
tmp_10   (bitselect) [ 011]
stg_13   (br       ) [ 011]
tmp_11   (bitselect) [ 011]
stg_15   (br       ) [ 011]
tmp_12   (bitselect) [ 011]
stg_17   (br       ) [ 011]
tmp_13   (bitselect) [ 011]
stg_19   (br       ) [ 011]
tmp_14   (bitselect) [ 011]
stg_21   (br       ) [ 011]
tmp_15   (bitselect) [ 011]
stg_23   (br       ) [ 011]
tmp_16   (bitselect) [ 011]
stg_25   (br       ) [ 011]
tmp_17   (bitselect) [ 011]
stg_27   (br       ) [ 011]
tmp_18   (bitselect) [ 011]
stg_29   (br       ) [ 011]
tmp_19   (bitselect) [ 011]
stg_31   (br       ) [ 011]
tmp_20   (bitselect) [ 011]
stg_33   (br       ) [ 011]
tmp_21   (bitselect) [ 011]
stg_35   (br       ) [ 011]
tmp_22   (bitselect) [ 011]
stg_37   (br       ) [ 011]
tmp_23   (bitselect) [ 011]
stg_39   (br       ) [ 011]
tmp_24   (bitselect) [ 011]
stg_41   (br       ) [ 011]
tmp_25   (bitselect) [ 011]
stg_43   (br       ) [ 011]
tmp_26   (bitselect) [ 011]
stg_45   (br       ) [ 011]
tmp_27   (bitselect) [ 011]
stg_47   (br       ) [ 011]
tmp_28   (bitselect) [ 011]
stg_49   (br       ) [ 011]
tmp_29   (bitselect) [ 011]
stg_51   (br       ) [ 011]
tmp_30   (bitselect) [ 011]
stg_53   (br       ) [ 011]
tmp_31   (bitselect) [ 011]
stg_55   (br       ) [ 011]
tmp_32   (bitselect) [ 011]
stg_57   (br       ) [ 011]
tmp_33   (bitselect) [ 011]
stg_59   (br       ) [ 011]
tmp_34   (bitselect) [ 011]
stg_61   (br       ) [ 011]
tmp_35   (bitselect) [ 011]
stg_63   (br       ) [ 011]
tmp_36   (bitselect) [ 011]
stg_65   (br       ) [ 011]
p_s      (phi      ) [ 011]
stg_67   (br       ) [ 000]
merge    (phi      ) [ 011]
stg_69   (ret      ) [ 000]
</LifeTime>

<model>

<comp_list>
<comp id="0" class="1000" name="bus_r">
<pin_list>
<pin id="1" dir="1" index="0" bw="1" slack="0"/>
</pin_list>
<bind>
<StgValue><ssdm name="bus_r"/></StgValue>
</bind>
</comp>

<comp id="2" class="1001" name="const_2">
<pin_list>
<pin id="3" dir="1" index="0" bw="1" slack="0"/>
</pin_list>
<bind>
<StgValue><ssdm name="_ssdm_op_Read.ap_auto.i32"/></StgValue>
</bind>
</comp>

<comp id="4" class="1001" name="const_4">
<pin_list>
<pin id="5" dir="1" index="0" bw="1" slack="0"/>
</pin_list>
<bind>
<StgValue><ssdm name="_ssdm_op_BitSelect.i1.i32.i32"/></StgValue>
</bind>
</comp>

<comp id="6" class="1001" name="const_6">
<pin_list>
<pin id="7" dir="1" index="0" bw="1" slack="0"/>
</pin_list>
<bind>
<StgValue><ssdm name=""/></StgValue>
</bind>
</comp>

<comp id="8" class="1001" name="const_8">
<pin_list>
<pin id="9" dir="1" index="0" bw="1" slack="0"/>
</pin_list>
<bind>
<StgValue><ssdm name=""/></StgValue>
</bind>
</comp>

<comp id="10" class="1001" name="const_10">
<pin_list>
<pin id="11" dir="1" index="0" bw="1" slack="0"/>
</pin_list>
<bind>
<StgValue><ssdm name=""/></StgValue>
</bind>
</comp>

<comp id="12" class="1001" name="const_12">
<pin_list>
<pin id="13" dir="1" index="0" bw="1" slack="0"/>
</pin_list>
<bind>
<StgValue><ssdm name=""/></StgValue>
</bind>
</comp>

<comp id="14" class="1001" name="const_14">
<pin_list>
<pin id="15" dir="1" index="0" bw="1" slack="0"/>
</pin_list>
<bind>
<StgValue><ssdm name=""/></StgValue>
</bind>
</comp>

<comp id="16" class="1001" name="const_16">
<pin_list>
<pin id="17" dir="1" index="0" bw="1" slack="0"/>
</pin_list>
<bind>
<StgValue><ssdm name=""/></StgValue>
</bind>
</comp>

<comp id="18" class="1001" name="const_18">
<pin_list>
<pin id="19" dir="1" index="0" bw="1" slack="0"/>
</pin_list>
<bind>
<StgValue><ssdm name=""/></StgValue>
</bind>
</comp>

<comp id="20" class="1001" name="const_20">
<pin_list>
<pin id="21" dir="1" index="0" bw="1" slack="0"/>
</pin_list>
<bind>
<StgValue><ssdm name=""/></StgValue>
</bind>
</comp>

<comp id="22" class="1001" name="const_22">
<pin_list>
<pin id="23" dir="1" index="0" bw="1" slack="0"/>
</pin_list>
<bind>
<StgValue><ssdm name=""/></StgValue>
</bind>
</comp>

<comp id="24" class="1001" name="const_24">
<pin_list>
<pin id="25" dir="1" index="0" bw="1" slack="0"/>
</pin_list>
<bind>
<StgValue><ssdm name=""/></StgValue>
</bind>
</comp>

<comp id="26" class="1001" name="const_26">
<pin_list>
<pin id="27" dir="1" index="0" bw="1" slack="0"/>
</pin_list>
<bind>
<StgValue><ssdm name=""/></StgValue>
</bind>
</comp>

<comp id="28" class="1001" name="const_28">
<pin_list>
<pin id="29" dir="1" index="0" bw="1" slack="0"/>
</pin_list>
<bind>
<StgValue><ssdm name=""/></StgValue>
</bind>
</comp>

<comp id="30" class="1001" name="const_30">
<pin_list>
<pin id="31" dir="1" index="0" bw="1" slack="0"/>
</pin_list>
<bind>
<StgValue><ssdm name=""/></StgValue>
</bind>
</comp>

<comp id="32" class="1001" name="const_32">
<pin_list>
<pin id="33" dir="1" index="0" bw="1" slack="0"/>
</pin_list>
<bind>
<StgValue><ssdm name=""/></StgValue>
</bind>
</comp>

<comp id="34" class="1001" name="const_34">
<pin_list>
<pin id="35" dir="1" index="0" bw="1" slack="0"/>
</pin_list>
<bind>
<StgValue><ssdm name=""/></StgValue>
</bind>
</comp>

<comp id="36" class="1001" name="const_36">
<pin_list>
<pin id="37" dir="1" index="0" bw="1" slack="0"/>
</pin_list>
<bind>
<StgValue><ssdm name=""/></StgValue>
</bind>
</comp>

<comp id="38" class="1001" name="const_38">
<pin_list>
<pin id="39" dir="1" index="0" bw="1" slack="0"/>
</pin_list>
<bind>
<StgValue><ssdm name=""/></StgValue>
</bind>
</comp>

<comp id="40" class="1001" name="const_40">
<pin_list>
<pin id="41" dir="1" index="0" bw="1" slack="0"/>
</pin_list>
<bind>
<StgValue><ssdm name=""/></StgValue>
</bind>
</comp>

<comp id="42" class="1001" name="const_42">
<pin_list>
<pin id="43" dir="1" index="0" bw="1" slack="0"/>
</pin_list>
<bind>
<StgValue><ssdm name=""/></StgValue>
</bind>
</comp>

<comp id="44" class="1001" name="const_44">
<pin_list>
<pin id="45" dir="1" index="0" bw="1" slack="0"/>
</pin_list>
<bind>
<StgValue><ssdm name=""/></StgValue>
</bind>
</comp>

<comp id="46" class="1001" name="const_46">
<pin_list>
<pin id="47" dir="1" index="0" bw="1" slack="0"/>
</pin_list>
<bind>
<StgValue><ssdm name=""/></StgValue>
</bind>
</comp>

<comp id="48" class="1001" name="const_48">
<pin_list>
<pin id="49" dir="1" index="0" bw="1" slack="0"/>
</pin_list>
<bind>
<StgValue><ssdm name=""/></StgValue>
</bind>
</comp>

<comp id="50" class="1001" name="const_50">
<pin_list>
<pin id="51" dir="1" index="0" bw="1" slack="0"/>
</pin_list>
<bind>
<StgValue><ssdm name=""/></StgValue>
</bind>
</comp>

<comp id="52" class="1001" name="const_52">
<pin_list>
<pin id="53" dir="1" index="0" bw="1" slack="0"/>
</pin_list>
<bind>
<StgValue><ssdm name=""/></StgValue>
</bind>
</comp>

<comp id="54" class="1001" name="const_54">
<pin_list>
<pin id="55" dir="1" index="0" bw="1" slack="0"/>
</pin_list>
<bind>
<StgValue><ssdm name=""/></StgValue>
</bind>
</comp>

<comp id="56" class="1001" name="const_56">
<pin_list>
<pin id="57" dir="1" index="0" bw="1" slack="0"/>
</pin_list>
<bind>
<StgValue><ssdm name=""/></StgValue>
</bind>
</comp>

<comp id="58" class="1001" name="const_58">
<pin_list>
<pin id="59" dir="1" index="0" bw="1" slack="0"/>
</pin_list>
<bind>
<StgValue><ssdm name=""/></StgValue>
</bind>
</comp>

<comp id="60" class="1001" name="const_60">
<pin_list>
<pin id="61" dir="1" index="0" bw="1" slack="0"/>
</pin_list>
<bind>
<StgValue><ssdm name=""/></StgValue>
</bind>
</comp>

<comp id="62" class="1001" name="const_62">
<pin_list>
<pin id="63" dir="1" index="0" bw="1" slack="0"/>
</pin_list>
<bind>
<StgValue><ssdm name=""/></StgValue>
</bind>
</comp>

<comp id="64" class="1001" name="const_64">
<pin_list>
<pin id="65" dir="1" index="0" bw="1" slack="0"/>
</pin_list>
<bind>
<StgValue><ssdm name=""/></StgValue>
</bind>
</comp>

<comp id="66" class="1001" name="const_66">
<pin_list>
<pin id="67" dir="1" index="0" bw="1" slack="1"/>
</pin_list>
<bind>
<StgValue><ssdm name=""/></StgValue>
</bind>
</comp>

<comp id="68" class="1001" name="const_68">
<pin_list>
<pin id="69" dir="1" index="0" bw="1" slack="1"/>
</pin_list>
<bind>
<StgValue><ssdm name=""/></StgValue>
</bind>
</comp>

<comp id="70" class="1001" name="const_70">
<pin_list>
<pin id="71" dir="1" index="0" bw="1" slack="1"/>
</pin_list>
<bind>
<StgValue><ssdm name=""/></StgValue>
</bind>
</comp>

<comp id="72" class="1001" name="const_72">
<pin_list>
<pin id="73" dir="1" index="0" bw="1" slack="1"/>
</pin_list>
<bind>
<StgValue><ssdm name=""/></StgValue>
</bind>
</comp>

<comp id="74" class="1001" name="const_74">
<pin_list>
<pin id="75" dir="1" index="0" bw="1" slack="1"/>
</pin_list>
<bind>
<StgValue><ssdm name=""/></StgValue>
</bind>
</comp>

<comp id="76" class="1001" name="const_76">
<pin_list>
<pin id="77" dir="1" index="0" bw="1" slack="1"/>
</pin_list>
<bind>
<StgValue><ssdm name=""/></StgValue>
</bind>
</comp>

<comp id="78" class="1001" name="const_78">
<pin_list>
<pin id="79" dir="1" index="0" bw="1" slack="1"/>
</pin_list>
<bind>
<StgValue><ssdm name=""/></StgValue>
</bind>
</comp>

<comp id="80" class="1001" name="const_80">
<pin_list>
<pin id="81" dir="1" index="0" bw="1" slack="1"/>
</pin_list>
<bind>
<StgValue><ssdm name=""/></StgValue>
</bind>
</comp>

<comp id="82" class="1001" name="const_82">
<pin_list>
<pin id="83" dir="1" index="0" bw="1" slack="1"/>
</pin_list>
<bind>
<StgValue><ssdm name=""/></StgValue>
</bind>
</comp>

<comp id="84" class="1001" name="const_84">
<pin_list>
<pin id="85" dir="1" index="0" bw="1" slack="1"/>
</pin_list>
<bind>
<StgValue><ssdm name=""/></StgValue>
</bind>
</comp>

<comp id="86" class="1001" name="const_86">
<pin_list>
<pin id="87" dir="1" index="0" bw="1" slack="1"/>
</pin_list>
<bind>
<StgValue><ssdm name=""/></StgValue>
</bind>
</comp>

<comp id="88" class="1001" name="const_88">
<pin_list>
<pin id="89" dir="1" index="0" bw="1" slack="1"/>
</pin_list>
<bind>
<StgValue><ssdm name=""/></StgValue>
</bind>
</comp>

<comp id="90" class="1001" name="const_90">
<pin_list>
<pin id="91" dir="1" index="0" bw="1" slack="1"/>
</pin_list>
<bind>
<StgValue><ssdm name=""/></StgValue>
</bind>
</comp>

<comp id="92" class="1001" name="const_92">
<pin_list>
<pin id="93" dir="1" index="0" bw="1" slack="1"/>
</pin_list>
<bind>
<StgValue><ssdm name=""/></StgValue>
</bind>
</comp>

<comp id="94" class="1001" name="const_94">
<pin_list>
<pin id="95" dir="1" index="0" bw="1" slack="1"/>
</pin_list>
<bind>
<StgValue><ssdm name=""/></StgValue>
</bind>
</comp>

<comp id="96" class="1001" name="const_96">
<pin_list>
<pin id="97" dir="1" index="0" bw="1" slack="1"/>
</pin_list>
<bind>
<StgValue><ssdm name=""/></StgValue>
</bind>
</comp>

<comp id="98" class="1001" name="const_98">
<pin_list>
<pin id="99" dir="1" index="0" bw="1" slack="1"/>
</pin_list>
<bind>
<StgValue><ssdm name=""/></StgValue>
</bind>
</comp>

<comp id="100" class="1001" name="const_100">
<pin_list>
<pin id="101" dir="1" index="0" bw="1" slack="1"/>
</pin_list>
<bind>
<StgValue><ssdm name=""/></StgValue>
</bind>
</comp>

<comp id="102" class="1001" name="const_102">
<pin_list>
<pin id="103" dir="1" index="0" bw="1" slack="1"/>
</pin_list>
<bind>
<StgValue><ssdm name=""/></StgValue>
</bind>
</comp>

<comp id="104" class="1001" name="const_104">
<pin_list>
<pin id="105" dir="1" index="0" bw="1" slack="1"/>
</pin_list>
<bind>
<StgValue><ssdm name=""/></StgValue>
</bind>
</comp>

<comp id="106" class="1001" name="const_106">
<pin_list>
<pin id="107" dir="1" index="0" bw="1" slack="1"/>
</pin_list>
<bind>
<StgValue><ssdm name=""/></StgValue>
</bind>
</comp>

<comp id="108" class="1001" name="const_108">
<pin_list>
<pin id="109" dir="1" index="0" bw="1" slack="1"/>
</pin_list>
<bind>
<StgValue><ssdm name=""/></StgValue>
</bind>
</comp>

<comp id="110" class="1001" name="const_110">
<pin_list>
<pin id="111" dir="1" index="0" bw="1" slack="1"/>
</pin_list>
<bind>
<StgValue><ssdm name=""/></StgValue>
</bind>
</comp>

<comp id="112" class="1001" name="const_112">
<pin_list>
<pin id="113" dir="1" index="0" bw="1" slack="1"/>
</pin_list>
<bind>
<StgValue><ssdm name=""/></StgValue>
</bind>
</comp>

<comp id="114" class="1001" name="const_114">
<pin_list>
<pin id="115" dir="1" index="0" bw="1" slack="1"/>
</pin_list>
<bind>
<StgValue><ssdm name=""/></StgValue>
</bind>
</comp>

<comp id="116" class="1001" name="const_116">
<pin_list>
<pin id="117" dir="1" index="0" bw="1" slack="1"/>
</pin_list>
<bind>
<StgValue><ssdm name=""/></StgValue>
</bind>
</comp>

<comp id="118" class="1001" name="const_118">
<pin_list>
<pin id="119" dir="1" index="0" bw="1" slack="1"/>
</pin_list>
<bind>
<StgValue><ssdm name=""/></StgValue>
</bind>
</comp>

<comp id="120" class="1001" name="const_120">
<pin_list>
<pin id="121" dir="1" index="0" bw="1" slack="1"/>
</pin_list>
<bind>
<StgValue><ssdm name=""/></StgValue>
</bind>
</comp>

<comp id="122" class="1001" name="const_122">
<pin_list>
<pin id="123" dir="1" index="0" bw="1" slack="1"/>
</pin_list>
<bind>
<StgValue><ssdm name=""/></StgValue>
</bind>
</comp>

<comp id="124" class="1001" name="const_124">
<pin_list>
<pin id="125" dir="1" index="0" bw="1" slack="1"/>
</pin_list>
<bind>
<StgValue><ssdm name=""/></StgValue>
</bind>
</comp>

<comp id="126" class="1001" name="const_126">
<pin_list>
<pin id="127" dir="1" index="0" bw="1" slack="1"/>
</pin_list>
<bind>
<StgValue><ssdm name=""/></StgValue>
</bind>
</comp>

<comp id="128" class="1001" name="const_128">
<pin_list>
<pin id="129" dir="1" index="0" bw="1" slack="1"/>
</pin_list>
<bind>
<StgValue><ssdm name=""/></StgValue>
</bind>
</comp>

<comp id="130" class="1004" name="bus_read_read_fu_130">
<pin_list>
<pin id="131" dir="0" index="0" bw="32" slack="0"/>
<pin id="132" dir="0" index="1" bw="32" slack="0"/>
<pin id="133" dir="1" index="2" bw="32" slack="0"/>
</pin_list>
<bind>
<opcode="read(1150) " fcode="read"/>
<opset="bus_read/1 "/>
</bind>
</comp>

<comp id="136" class="1005" name="p_s_reg_136">
<pin_list>
<pin id="137" dir="0" index="0" bw="5" slack="1"/>
<pin id="138" dir="1" index="1" bw="5" slack="1"/>
</pin_list>
<bind>
<opset="p_s (phireg) "/>
</bind>
</comp>

<comp id="170" class="1004" name="p_s_phi_fu_170">
<pin_list>
<pin id="171" dir="0" index="0" bw="1" slack="1"/>
<pin id="172" dir="0" index="1" bw="0" slack="2147483647"/>
<pin id="173" dir="0" index="2" bw="1" slack="1"/>
<pin id="174" dir="0" index="3" bw="0" slack="2147483647"/>
<pin id="175" dir="0" index="4" bw="3" slack="1"/>
<pin id="176" dir="0" index="5" bw="0" slack="2147483647"/>
<pin id="177" dir="0" index="6" bw="3" slack="1"/>
<pin id="178" dir="0" index="7" bw="0" slack="2147483647"/>
<pin id="179" dir="0" index="8" bw="4" slack="1"/>
<pin id="180" dir="0" index="9" bw="0" slack="2147483647"/>
<pin id="181" dir="0" index="10" bw="4" slack="1"/>
<pin id="182" dir="0" index="11" bw="0" slack="2147483647"/>
<pin id="183" dir="0" index="12" bw="4" slack="1"/>
<pin id="184" dir="0" index="13" bw="0" slack="2147483647"/>
<pin id="185" dir="0" index="14" bw="4" slack="1"/>
<pin id="186" dir="0" index="15" bw="0" slack="2147483647"/>
<pin id="187" dir="0" index="16" bw="5" slack="1"/>
<pin id="188" dir="0" index="17" bw="0" slack="2147483647"/>
<pin id="189" dir="0" index="18" bw="5" slack="1"/>
<pin id="190" dir="0" index="19" bw="0" slack="2147483647"/>
<pin id="191" dir="0" index="20" bw="5" slack="1"/>
<pin id="192" dir="0" index="21" bw="0" slack="2147483647"/>
<pin id="193" dir="0" index="22" bw="5" slack="1"/>
<pin id="194" dir="0" index="23" bw="0" slack="2147483647"/>
<pin id="195" dir="0" index="24" bw="5" slack="1"/>
<pin id="196" dir="0" index="25" bw="0" slack="2147483647"/>
<pin id="197" dir="0" index="26" bw="5" slack="1"/>
<pin id="198" dir="0" index="27" bw="0" slack="2147483647"/>
<pin id="199" dir="0" index="28" bw="5" slack="1"/>
<pin id="200" dir="0" index="29" bw="0" slack="2147483647"/>
<pin id="201" dir="0" index="30" bw="5" slack="1"/>
<pin id="202" dir="0" index="31" bw="0" slack="2147483647"/>
<pin id="203" dir="0" index="32" bw="5" slack="1"/>
<pin id="204" dir="0" index="33" bw="0" slack="2147483647"/>
<pin id="205" dir="0" index="34" bw="5" slack="1"/>
<pin id="206" dir="0" index="35" bw="0" slack="2147483647"/>
<pin id="207" dir="0" index="36" bw="5" slack="1"/>
<pin id="208" dir="0" index="37" bw="0" slack="2147483647"/>
<pin id="209" dir="0" index="38" bw="5" slack="1"/>
<pin id="210" dir="0" index="39" bw="0" slack="2147483647"/>
<pin id="211" dir="0" index="40" bw="5" slack="1"/>
<pin id="212" dir="0" index="41" bw="0" slack="2147483647"/>
<pin id="213" dir="0" index="42" bw="5" slack="1"/>
<pin id="214" dir="0" index="43" bw="0" slack="2147483647"/>
<pin id="215" dir="0" index="44" bw="5" slack="1"/>
<pin id="216" dir="0" index="45" bw="0" slack="2147483647"/>
<pin id="217" dir="0" index="46" bw="5" slack="1"/>
<pin id="218" dir="0" index="47" bw="0" slack="2147483647"/>
<pin id="219" dir="0" index="48" bw="4" slack="1"/>
<pin id="220" dir="0" index="49" bw="0" slack="2147483647"/>
<pin id="221" dir="0" index="50" bw="4" slack="1"/>
<pin id="222" dir="0" index="51" bw="0" slack="2147483647"/>
<pin id="223" dir="0" index="52" bw="4" slack="1"/>
<pin id="224" dir="0" index="53" bw="0" slack="2147483647"/>
<pin id="225" dir="0" index="54" bw="4" slack="1"/>
<pin id="226" dir="0" index="55" bw="0" slack="2147483647"/>
<pin id="227" dir="0" index="56" bw="3" slack="1"/>
<pin id="228" dir="0" index="57" bw="0" slack="2147483647"/>
<pin id="229" dir="0" index="58" bw="3" slack="1"/>
<pin id="230" dir="0" index="59" bw="0" slack="2147483647"/>
<pin id="231" dir="0" index="60" bw="2" slack="1"/>
<pin id="232" dir="0" index="61" bw="0" slack="2147483647"/>
<pin id="233" dir="1" index="62" bw="5" slack="0"/>
</pin_list>
<bind>
<opcode="phi(47) " fcode="phi"/>
<opset="p_s/2 "/>
</bind>
</comp>

<comp id="265" class="1005" name="merge_reg_265">
<pin_list>
<pin id="266" dir="0" index="0" bw="5" slack="1"/>
<pin id="267" dir="1" index="1" bw="5" slack="1"/>
</pin_list>
<bind>
<opset="merge (phireg) "/>
</bind>
</comp>

<comp id="269" class="1004" name="merge_phi_fu_269">
<pin_list>
<pin id="270" dir="0" index="0" bw="1" slack="1"/>
<pin id="271" dir="0" index="1" bw="0" slack="2147483647"/>
<pin id="272" dir="0" index="2" bw="5" slack="0"/>
<pin id="273" dir="0" index="3" bw="0" slack="2147483647"/>
<pin id="274" dir="1" index="4" bw="5" slack="2147483647"/>
</pin_list>
<bind>
<opcode="phi(47) " fcode="phi"/>
<opset="merge/2 "/>
</bind>
</comp>

<comp id="278" class="1004" name="tmp_fu_278">
<pin_list>
<pin id="279" dir="0" index="0" bw="32" slack="0"/>
<pin id="280" dir="1" index="1" bw="1" slack="1"/>
</pin_list>
<bind>
<opcode="trunc(33) " fcode="trunc"/>
<opset="tmp/1 "/>
</bind>
</comp>

<comp id="282" class="1004" name="tmp_7_fu_282">
<pin_list>
<pin id="283" dir="0" index="0" bw="1" slack="0"/>
<pin id="284" dir="0" index="1" bw="32" slack="0"/>
<pin id="285" dir="0" index="2" bw="1" slack="0"/>
<pin id="286" dir="1" index="3" bw="1" slack="1"/>
</pin_list>
<bind>
<opcode="bitselect(1000) " fcode="bitselect"/>
<opset="tmp_7/1 "/>
</bind>
</comp>

<comp id="290" class="1004" name="tmp_8_fu_290">
<pin_list>
<pin id="291" dir="0" index="0" bw="1" slack="0"/>
<pin id="292" dir="0" index="1" bw="32" slack="0"/>
<pin id="293" dir="0" index="2" bw="3" slack="0"/>
<pin id="294" dir="1" index="3" bw="1" slack="1"/>
</pin_list>
<bind>
<opcode="bitselect(1000) " fcode="bitselect"/>
<opset="tmp_8/1 "/>
</bind>
</comp>

<comp id="298" class="1004" name="tmp_9_fu_298">
<pin_list>
<pin id="299" dir="0" index="0" bw="1" slack="0"/>
<pin id="300" dir="0" index="1" bw="32" slack="0"/>
<pin id="301" dir="0" index="2" bw="3" slack="0"/>
<pin id="302" dir="1" index="3" bw="1" slack="1"/>
</pin_list>
<bind>
<opcode="bitselect(1000) " fcode="bitselect"/>
<opset="tmp_9/1 "/>
</bind>
</comp>

<comp id="306" class="1004" name="tmp_10_fu_306">
<pin_list>
<pin id="307" dir="0" index="0" bw="1" slack="0"/>
<pin id="308" dir="0" index="1" bw="32" slack="0"/>
<pin id="309" dir="0" index="2" bw="4" slack="0"/>
<pin id="310" dir="1" index="3" bw="1" slack="1"/>
</pin_list>
<bind>
<opcode="bitselect(1000) " fcode="bitselect"/>
<opset="tmp_10/1 "/>
</bind>
</comp>

<comp id="314" class="1004" name="tmp_11_fu_314">
<pin_list>
<pin id="315" dir="0" index="0" bw="1" slack="0"/>
<pin id="316" dir="0" index="1" bw="32" slack="0"/>
<pin id="317" dir="0" index="2" bw="4" slack="0"/>
<pin id="318" dir="1" index="3" bw="1" slack="1"/>
</pin_list>
<bind>
<opcode="bitselect(1000) " fcode="bitselect"/>
<opset="tmp_11/1 "/>
</bind>
</comp>

<comp id="322" class="1004" name="tmp_12_fu_322">
<pin_list>
<pin id="323" dir="0" index="0" bw="1" slack="0"/>
<pin id="324" dir="0" index="1" bw="32" slack="0"/>
<pin id="325" dir="0" index="2" bw="4" slack="0"/>
<pin id="326" dir="1" index="3" bw="1" slack="1"/>
</pin_list>
<bind>
<opcode="bitselect(1000) " fcode="bitselect"/>
<opset="tmp_12/1 "/>
</bind>
</comp>

<comp id="330" class="1004" name="tmp_13_fu_330">
<pin_list>
<pin id="331" dir="0" index="0" bw="1" slack="0"/>
<pin id="332" dir="0" index="1" bw="32" slack="0"/>
<pin id="333" dir="0" index="2" bw="4" slack="0"/>
<pin id="334" dir="1" index="3" bw="1" slack="1"/>
</pin_list>
<bind>
<opcode="bitselect(1000) " fcode="bitselect"/>
<opset="tmp_13/1 "/>
</bind>
</comp>

<comp id="338" class="1004" name="tmp_14_fu_338">
<pin_list>
<pin id="339" dir="0" index="0" bw="1" slack="0"/>
<pin id="340" dir="0" index="1" bw="32" slack="0"/>
<pin id="341" dir="0" index="2" bw="5" slack="0"/>
<pin id="342" dir="1" index="3" bw="1" slack="1"/>
</pin_list>
<bind>
<opcode="bitselect(1000) " fcode="bitselect"/>
<opset="tmp_14/1 "/>
</bind>
</comp>

<comp id="346" class="1004" name="tmp_15_fu_346">
<pin_list>
<pin id="347" dir="0" index="0" bw="1" slack="0"/>
<pin id="348" dir="0" index="1" bw="32" slack="0"/>
<pin id="349" dir="0" index="2" bw="5" slack="0"/>
<pin id="350" dir="1" index="3" bw="1" slack="1"/>
</pin_list>
<bind>
<opcode="bitselect(1000) " fcode="bitselect"/>
<opset="tmp_15/1 "/>
</bind>
</comp>

<comp id="354" class="1004" name="tmp_16_fu_354">
<pin_list>
<pin id="355" dir="0" index="0" bw="1" slack="0"/>
<pin id="356" dir="0" index="1" bw="32" slack="0"/>
<pin id="357" dir="0" index="2" bw="5" slack="0"/>
<pin id="358" dir="1" index="3" bw="1" slack="1"/>
</pin_list>
<bind>
<opcode="bitselect(1000) " fcode="bitselect"/>
<opset="tmp_16/1 "/>
</bind>
</comp>

<comp id="362" class="1004" name="tmp_17_fu_362">
<pin_list>
<pin id="363" dir="0" index="0" bw="1" slack="0"/>
<pin id="364" dir="0" index="1" bw="32" slack="0"/>
<pin id="365" dir="0" index="2" bw="5" slack="0"/>
<pin id="366" dir="1" index="3" bw="1" slack="1"/>
</pin_list>
<bind>
<opcode="bitselect(1000) " fcode="bitselect"/>
<opset="tmp_17/1 "/>
</bind>
</comp>

<comp id="370" class="1004" name="tmp_18_fu_370">
<pin_list>
<pin id="371" dir="0" index="0" bw="1" slack="0"/>
<pin id="372" dir="0" index="1" bw="32" slack="0"/>
<pin id="373" dir="0" index="2" bw="5" slack="0"/>
<pin id="374" dir="1" index="3" bw="1" slack="1"/>
</pin_list>
<bind>
<opcode="bitselect(1000) " fcode="bitselect"/>
<opset="tmp_18/1 "/>
</bind>
</comp>

<comp id="378" class="1004" name="tmp_19_fu_378">
<pin_list>
<pin id="379" dir="0" index="0" bw="1" slack="0"/>
<pin id="380" dir="0" index="1" bw="32" slack="0"/>
<pin id="381" dir="0" index="2" bw="5" slack="0"/>
<pin id="382" dir="1" index="3" bw="1" slack="1"/>
</pin_list>
<bind>
<opcode="bitselect(1000) " fcode="bitselect"/>
<opset="tmp_19/1 "/>
</bind>
</comp>

<comp id="386" class="1004" name="tmp_20_fu_386">
<pin_list>
<pin id="387" dir="0" index="0" bw="1" slack="0"/>
<pin id="388" dir="0" index="1" bw="32" slack="0"/>
<pin id="389" dir="0" index="2" bw="5" slack="0"/>
<pin id="390" dir="1" index="3" bw="1" slack="1"/>
</pin_list>
<bind>
<opcode="bitselect(1000) " fcode="bitselect"/>
<opset="tmp_20/1 "/>
</bind>
</comp>

<comp id="394" class="1004" name="tmp_21_fu_394">
<pin_list>
<pin id="395" dir="0" index="0" bw="1" slack="0"/>
<pin id="396" dir="0" index="1" bw="32" slack="0"/>
<pin id="397" dir="0" index="2" bw="5" slack="0"/>
<pin id="398" dir="1" index="3" bw="1" slack="1"/>
</pin_list>
<bind>
<opcode="bitselect(1000) " fcode="bitselect"/>
<opset="tmp_21/1 "/>
</bind>
</comp>

<comp id="402" class="1004" name="tmp_22_fu_402">
<pin_list>
<pin id="403" dir="0" index="0" bw="1" slack="0"/>
<pin id="404" dir="0" index="1" bw="32" slack="0"/>
<pin id="405" dir="0" index="2" bw="6" slack="0"/>
<pin id="406" dir="1" index="3" bw="1" slack="1"/>
</pin_list>
<bind>
<opcode="bitselect(1000) " fcode="bitselect"/>
<opset="tmp_22/1 "/>
</bind>
</comp>

<comp id="410" class="1004" name="tmp_23_fu_410">
<pin_list>
<pin id="411" dir="0" index="0" bw="1" slack="0"/>
<pin id="412" dir="0" index="1" bw="32" slack="0"/>
<pin id="413" dir="0" index="2" bw="6" slack="0"/>
<pin id="414" dir="1" index="3" bw="1" slack="1"/>
</pin_list>
<bind>
<opcode="bitselect(1000) " fcode="bitselect"/>
<opset="tmp_23/1 "/>
</bind>
</comp>

<comp id="418" class="1004" name="tmp_24_fu_418">
<pin_list>
<pin id="419" dir="0" index="0" bw="1" slack="0"/>
<pin id="420" dir="0" index="1" bw="32" slack="0"/>
<pin id="421" dir="0" index="2" bw="6" slack="0"/>
<pin id="422" dir="1" index="3" bw="1" slack="1"/>
</pin_list>
<bind>
<opcode="bitselect(1000) " fcode="bitselect"/>
<opset="tmp_24/1 "/>
</bind>
</comp>

<comp id="426" class="1004" name="tmp_25_fu_426">
<pin_list>
<pin id="427" dir="0" index="0" bw="1" slack="0"/>
<pin id="428" dir="0" index="1" bw="32" slack="0"/>
<pin id="429" dir="0" index="2" bw="6" slack="0"/>
<pin id="430" dir="1" index="3" bw="1" slack="1"/>
</pin_list>
<bind>
<opcode="bitselect(1000) " fcode="bitselect"/>
<opset="tmp_25/1 "/>
</bind>
</comp>

<comp id="434" class="1004" name="tmp_26_fu_434">
<pin_list>
<pin id="435" dir="0" index="0" bw="1" slack="0"/>
<pin id="436" dir="0" index="1" bw="32" slack="0"/>
<pin id="437" dir="0" index="2" bw="6" slack="0"/>
<pin id="438" dir="1" index="3" bw="1" slack="1"/>
</pin_list>
<bind>
<opcode="bitselect(1000) " fcode="bitselect"/>
<opset="tmp_26/1 "/>
</bind>
</comp>

<comp id="442" class="1004" name="tmp_27_fu_442">
<pin_list>
<pin id="443" dir="0" index="0" bw="1" slack="0"/>
<pin id="444" dir="0" index="1" bw="32" slack="0"/>
<pin id="445" dir="0" index="2" bw="6" slack="0"/>
<pin id="446" dir="1" index="3" bw="1" slack="1"/>
</pin_list>
<bind>
<opcode="bitselect(1000) " fcode="bitselect"/>
<opset="tmp_27/1 "/>
</bind>
</comp>

<comp id="450" class="1004" name="tmp_28_fu_450">
<pin_list>
<pin id="451" dir="0" index="0" bw="1" slack="0"/>
<pin id="452" dir="0" index="1" bw="32" slack="0"/>
<pin id="453" dir="0" index="2" bw="6" slack="0"/>
<pin id="454" dir="1" index="3" bw="1" slack="1"/>
</pin_list>
<bind>
<opcode="bitselect(1000) " fcode="bitselect"/>
<opset="tmp_28/1 "/>
</bind>
</comp>

<comp id="458" class="1004" name="tmp_29_fu_458">
<pin_list>
<pin id="459" dir="0" index="0" bw="1" slack="0"/>
<pin id="460" dir="0" index="1" bw="32" slack="0"/>
<pin id="461" dir="0" index="2" bw="6" slack="0"/>
<pin id="462" dir="1" index="3" bw="1" slack="1"/>
</pin_list>
<bind>
<opcode="bitselect(1000) " fcode="bitselect"/>
<opset="tmp_29/1 "/>
</bind>
</comp>

<comp id="466" class="1004" name="tmp_30_fu_466">
<pin_list>
<pin id="467" dir="0" index="0" bw="1" slack="0"/>
<pin id="468" dir="0" index="1" bw="32" slack="0"/>
<pin id="469" dir="0" index="2" bw="6" slack="0"/>
<pin id="470" dir="1" index="3" bw="1" slack="1"/>
</pin_list>
<bind>
<opcode="bitselect(1000) " fcode="bitselect"/>
<opset="tmp_30/1 "/>
</bind>
</comp>

<comp id="474" class="1004" name="tmp_31_fu_474">
<pin_list>
<pin id="475" dir="0" index="0" bw="1" slack="0"/>
<pin id="476" dir="0" index="1" bw="32" slack="0"/>
<pin id="477" dir="0" index="2" bw="6" slack="0"/>
<pin id="478" dir="1" index="3" bw="1" slack="1"/>
</pin_list>
<bind>
<opcode="bitselect(1000) " fcode="bitselect"/>
<opset="tmp_31/1 "/>
</bind>
</comp>

<comp id="482" class="1004" name="tmp_32_fu_482">
<pin_list>
<pin id="483" dir="0" index="0" bw="1" slack="0"/>
<pin id="484" dir="0" index="1" bw="32" slack="0"/>
<pin id="485" dir="0" index="2" bw="6" slack="0"/>
<pin id="486" dir="1" index="3" bw="1" slack="1"/>
</pin_list>
<bind>
<opcode="bitselect(1000) " fcode="bitselect"/>
<opset="tmp_32/1 "/>
</bind>
</comp>

<comp id="490" class="1004" name="tmp_33_fu_490">
<pin_list>
<pin id="491" dir="0" index="0" bw="1" slack="0"/>
<pin id="492" dir="0" index="1" bw="32" slack="0"/>
<pin id="493" dir="0" index="2" bw="6" slack="0"/>
<pin id="494" dir="1" index="3" bw="1" slack="1"/>
</pin_list>
<bind>
<opcode="bitselect(1000) " fcode="bitselect"/>
<opset="tmp_33/1 "/>
</bind>
</comp>

<comp id="498" class="1004" name="tmp_34_fu_498">
<pin_list>
<pin id="499" dir="0" index="0" bw="1" slack="0"/>
<pin id="500" dir="0" index="1" bw="32" slack="0"/>
<pin id="501" dir="0" index="2" bw="6" slack="0"/>
<pin id="502" dir="1" index="3" bw="1" slack="1"/>
</pin_list>
<bind>
<opcode="bitselect(1000) " fcode="bitselect"/>
<opset="tmp_34/1 "/>
</bind>
</comp>

<comp id="506" class="1004" name="tmp_35_fu_506">
<pin_list>
<pin id="507" dir="0" index="0" bw="1" slack="0"/>
<pin id="508" dir="0" index="1" bw="32" slack="0"/>
<pin id="509" dir="0" index="2" bw="6" slack="0"/>
<pin id="510" dir="1" index="3" bw="1" slack="1"/>
</pin_list>
<bind>
<opcode="bitselect(1000) " fcode="bitselect"/>
<opset="tmp_35/1 "/>
</bind>
</comp>

<comp id="514" class="1004" name="tmp_36_fu_514">
<pin_list>
<pin id="515" dir="0" index="0" bw="1" slack="0"/>
<pin id="516" dir="0" index="1" bw="32" slack="0"/>
<pin id="517" dir="0" index="2" bw="6" slack="0"/>
<pin id="518" dir="1" index="3" bw="1" slack="1"/>
</pin_list>
<bind>
<opcode="bitselect(1000) " fcode="bitselect"/>
<opset="tmp_36/1 "/>
</bind>
</comp>

<comp id="522" class="1005" name="tmp_reg_522">
<pin_list>
<pin id="523" dir="0" index="0" bw="1" slack="1"/>
<pin id="524" dir="1" index="1" bw="1" slack="2147483647"/>
</pin_list>
<bind>
<opset="tmp "/>
</bind>
</comp>

<comp id="526" class="1005" name="tmp_7_reg_526">
<pin_list>
<pin id="527" dir="0" index="0" bw="1" slack="1"/>
<pin id="528" dir="1" index="1" bw="1" slack="2147483647"/>
</pin_list>
<bind>
<opset="tmp_7 "/>
</bind>
</comp>

<comp id="530" class="1005" name="tmp_8_reg_530">
<pin_list>
<pin id="531" dir="0" index="0" bw="1" slack="1"/>
<pin id="532" dir="1" index="1" bw="1" slack="2147483647"/>
</pin_list>
<bind>
<opset="tmp_8 "/>
</bind>
</comp>

<comp id="534" class="1005" name="tmp_9_reg_534">
<pin_list>
<pin id="535" dir="0" index="0" bw="1" slack="1"/>
<pin id="536" dir="1" index="1" bw="1" slack="2147483647"/>
</pin_list>
<bind>
<opset="tmp_9 "/>
</bind>
</comp>

<comp id="538" class="1005" name="tmp_10_reg_538">
<pin_list>
<pin id="539" dir="0" index="0" bw="1" slack="1"/>
<pin id="540" dir="1" index="1" bw="1" slack="2147483647"/>
</pin_list>
<bind>
<opset="tmp_10 "/>
</bind>
</comp>

<comp id="542" class="1005" name="tmp_11_reg_542">
<pin_list>
<pin id="543" dir="0" index="0" bw="1" slack="1"/>
<pin id="544" dir="1" index="1" bw="1" slack="2147483647"/>
</pin_list>
<bind>
<opset="tmp_11 "/>
</bind>
</comp>

<comp id="546" class="1005" name="tmp_12_reg_546">
<pin_list>
<pin id="547" dir="0" index="0" bw="1" slack="1"/>
<pin id="548" dir="1" index="1" bw="1" slack="2147483647"/>
</pin_list>
<bind>
<opset="tmp_12 "/>
</bind>
</comp>

<comp id="550" class="1005" name="tmp_13_reg_550">
<pin_list>
<pin id="551" dir="0" index="0" bw="1" slack="1"/>
<pin id="552" dir="1" index="1" bw="1" slack="2147483647"/>
</pin_list>
<bind>
<opset="tmp_13 "/>
</bind>
</comp>

<comp id="554" class="1005" name="tmp_14_reg_554">
<pin_list>
<pin id="555" dir="0" index="0" bw="1" slack="1"/>
<pin id="556" dir="1" index="1" bw="1" slack="2147483647"/>
</pin_list>
<bind>
<opset="tmp_14 "/>
</bind>
</comp>

<comp id="558" class="1005" name="tmp_15_reg_558">
<pin_list>
<pin id="559" dir="0" index="0" bw="1" slack="1"/>
<pin id="560" dir="1" index="1" bw="1" slack="2147483647"/>
</pin_list>
<bind>
<opset="tmp_15 "/>
</bind>
</comp>

<comp id="562" class="1005" name="tmp_16_reg_562">
<pin_list>
<pin id="563" dir="0" index="0" bw="1" slack="1"/>
<pin id="564" dir="1" index="1" bw="1" slack="2147483647"/>
</pin_list>
<bind>
<opset="tmp_16 "/>
</bind>
</comp>

<comp id="566" class="1005" name="tmp_17_reg_566">
<pin_list>
<pin id="567" dir="0" index="0" bw="1" slack="1"/>
<pin id="568" dir="1" index="1" bw="1" slack="2147483647"/>
</pin_list>
<bind>
<opset="tmp_17 "/>
</bind>
</comp>

<comp id="570" class="1005" name="tmp_18_reg_570">
<pin_list>
<pin id="571" dir="0" index="0" bw="1" slack="1"/>
<pin id="572" dir="1" index="1" bw="1" slack="2147483647"/>
</pin_list>
<bind>
<opset="tmp_18 "/>
</bind>
</comp>

<comp id="574" class="1005" name="tmp_19_reg_574">
<pin_list>
<pin id="575" dir="0" index="0" bw="1" slack="1"/>
<pin id="576" dir="1" index="1" bw="1" slack="2147483647"/>
</pin_list>
<bind>
<opset="tmp_19 "/>
</bind>
</comp>

<comp id="578" class="1005" name="tmp_20_reg_578">
<pin_list>
<pin id="579" dir="0" index="0" bw="1" slack="1"/>
<pin id="580" dir="1" index="1" bw="1" slack="2147483647"/>
</pin_list>
<bind>
<opset="tmp_20 "/>
</bind>
</comp>

<comp id="582" class="1005" name="tmp_21_reg_582">
<pin_list>
<pin id="583" dir="0" index="0" bw="1" slack="1"/>
<pin id="584" dir="1" index="1" bw="1" slack="2147483647"/>
</pin_list>
<bind>
<opset="tmp_21 "/>
</bind>
</comp>

<comp id="586" class="1005" name="tmp_22_reg_586">
<pin_list>
<pin id="587" dir="0" index="0" bw="1" slack="1"/>
<pin id="588" dir="1" index="1" bw="1" slack="2147483647"/>
</pin_list>
<bind>
<opset="tmp_22 "/>
</bind>
</comp>

<comp id="590" class="1005" name="tmp_23_reg_590">
<pin_list>
<pin id="591" dir="0" index="0" bw="1" slack="1"/>
<pin id="592" dir="1" index="1" bw="1" slack="2147483647"/>
</pin_list>
<bind>
<opset="tmp_23 "/>
</bind>
</comp>

<comp id="594" class="1005" name="tmp_24_reg_594">
<pin_list>
<pin id="595" dir="0" index="0" bw="1" slack="1"/>
<pin id="596" dir="1" index="1" bw="1" slack="2147483647"/>
</pin_list>
<bind>
<opset="tmp_24 "/>
</bind>
</comp>

<comp id="598" class="1005" name="tmp_25_reg_598">
<pin_list>
<pin id="599" dir="0" index="0" bw="1" slack="1"/>
<pin id="600" dir="1" index="1" bw="1" slack="2147483647"/>
</pin_list>
<bind>
<opset="tmp_25 "/>
</bind>
</comp>

<comp id="602" class="1005" name="tmp_26_reg_602">
<pin_list>
<pin id="603" dir="0" index="0" bw="1" slack="1"/>
<pin id="604" dir="1" index="1" bw="1" slack="2147483647"/>
</pin_list>
<bind>
<opset="tmp_26 "/>
</bind>
</comp>

<comp id="606" class="1005" name="tmp_27_reg_606">
<pin_list>
<pin id="607" dir="0" index="0" bw="1" slack="1"/>
<pin id="608" dir="1" index="1" bw="1" slack="2147483647"/>
</pin_list>
<bind>
<opset="tmp_27 "/>
</bind>
</comp>

<comp id="610" class="1005" name="tmp_28_reg_610">
<pin_list>
<pin id="611" dir="0" index="0" bw="1" slack="1"/>
<pin id="612" dir="1" index="1" bw="1" slack="2147483647"/>
</pin_list>
<bind>
<opset="tmp_28 "/>
</bind>
</comp>

<comp id="614" class="1005" name="tmp_29_reg_614">
<pin_list>
<pin id="615" dir="0" index="0" bw="1" slack="1"/>
<pin id="616" dir="1" index="1" bw="1" slack="2147483647"/>
</pin_list>
<bind>
<opset="tmp_29 "/>
</bind>
</comp>

<comp id="618" class="1005" name="tmp_30_reg_618">
<pin_list>
<pin id="619" dir="0" index="0" bw="1" slack="1"/>
<pin id="620" dir="1" index="1" bw="1" slack="2147483647"/>
</pin_list>
<bind>
<opset="tmp_30 "/>
</bind>
</comp>

<comp id="622" class="1005" name="tmp_31_reg_622">
<pin_list>
<pin id="623" dir="0" index="0" bw="1" slack="1"/>
<pin id="624" dir="1" index="1" bw="1" slack="2147483647"/>
</pin_list>
<bind>
<opset="tmp_31 "/>
</bind>
</comp>

<comp id="626" class="1005" name="tmp_32_reg_626">
<pin_list>
<pin id="627" dir="0" index="0" bw="1" slack="1"/>
<pin id="628" dir="1" index="1" bw="1" slack="2147483647"/>
</pin_list>
<bind>
<opset="tmp_32 "/>
</bind>
</comp>

<comp id="630" class="1005" name="tmp_33_reg_630">
<pin_list>
<pin id="631" dir="0" index="0" bw="1" slack="1"/>
<pin id="632" dir="1" index="1" bw="1" slack="2147483647"/>
</pin_list>
<bind>
<opset="tmp_33 "/>
</bind>
</comp>

<comp id="634" class="1005" name="tmp_34_reg_634">
<pin_list>
<pin id="635" dir="0" index="0" bw="1" slack="1"/>
<pin id="636" dir="1" index="1" bw="1" slack="2147483647"/>
</pin_list>
<bind>
<opset="tmp_34 "/>
</bind>
</comp>

<comp id="638" class="1005" name="tmp_35_reg_638">
<pin_list>
<pin id="639" dir="0" index="0" bw="1" slack="1"/>
<pin id="640" dir="1" index="1" bw="1" slack="2147483647"/>
</pin_list>
<bind>
<opset="tmp_35 "/>
</bind>
</comp>

<comp id="642" class="1005" name="tmp_36_reg_642">
<pin_list>
<pin id="643" dir="0" index="0" bw="1" slack="1"/>
<pin id="644" dir="1" index="1" bw="1" slack="2147483647"/>
</pin_list>
<bind>
<opset="tmp_36 "/>
</bind>
</comp>

</comp_list>

<net_list>
<net id="134"><net_src comp="2" pin="0"/><net_sink comp="130" pin=0"/></net>

<net id="135"><net_src comp="0" pin="0"/><net_sink comp="130" pin=1"/></net>

<net id="139"><net_src comp="66" pin="0"/><net_sink comp="136" pin=0"/></net>

<net id="140"><net_src comp="68" pin="0"/><net_sink comp="136" pin=0"/></net>

<net id="141"><net_src comp="70" pin="0"/><net_sink comp="136" pin=0"/></net>

<net id="142"><net_src comp="72" pin="0"/><net_sink comp="136" pin=0"/></net>

<net id="143"><net_src comp="74" pin="0"/><net_sink comp="136" pin=0"/></net>

<net id="144"><net_src comp="76" pin="0"/><net_sink comp="136" pin=0"/></net>

<net id="145"><net_src comp="78" pin="0"/><net_sink comp="136" pin=0"/></net>

<net id="146"><net_src comp="80" pin="0"/><net_sink comp="136" pin=0"/></net>

<net id="147"><net_src comp="82" pin="0"/><net_sink comp="136" pin=0"/></net>

<net id="148"><net_src comp="84" pin="0"/><net_sink comp="136" pin=0"/></net>

<net id="149"><net_src comp="86" pin="0"/><net_sink comp="136" pin=0"/></net>

<net id="150"><net_src comp="88" pin="0"/><net_sink comp="136" pin=0"/></net>

<net id="151"><net_src comp="90" pin="0"/><net_sink comp="136" pin=0"/></net>

<net id="152"><net_src comp="92" pin="0"/><net_sink comp="136" pin=0"/></net>

<net id="153"><net_src comp="94" pin="0"/><net_sink comp="136" pin=0"/></net>

<net id="154"><net_src comp="96" pin="0"/><net_sink comp="136" pin=0"/></net>

<net id="155"><net_src comp="98" pin="0"/><net_sink comp="136" pin=0"/></net>

<net id="156"><net_src comp="100" pin="0"/><net_sink comp="136" pin=0"/></net>

<net id="157"><net_src comp="102" pin="0"/><net_sink comp="136" pin=0"/></net>

<net id="158"><net_src comp="104" pin="0"/><net_sink comp="136" pin=0"/></net>

<net id="159"><net_src comp="106" pin="0"/><net_sink comp="136" pin=0"/></net>

<net id="160"><net_src comp="108" pin="0"/><net_sink comp="136" pin=0"/></net>

<net id="161"><net_src comp="110" pin="0"/><net_sink comp="136" pin=0"/></net>

<net id="162"><net_src comp="112" pin="0"/><net_sink comp="136" pin=0"/></net>

<net id="163"><net_src comp="114" pin="0"/><net_sink comp="136" pin=0"/></net>

<net id="164"><net_src comp="116" pin="0"/><net_sink comp="136" pin=0"/></net>

<net id="165"><net_src comp="118" pin="0"/><net_sink comp="136" pin=0"/></net>

<net id="166"><net_src comp="120" pin="0"/><net_sink comp="136" pin=0"/></net>

<net id="167"><net_src comp="122" pin="0"/><net_sink comp="136" pin=0"/></net>

<net id="168"><net_src comp="124" pin="0"/><net_sink comp="136" pin=0"/></net>

<net id="169"><net_src comp="126" pin="0"/><net_sink comp="136" pin=0"/></net>

<net id="234"><net_src comp="136" pin="1"/><net_sink comp="170" pin=0"/></net>

<net id="235"><net_src comp="136" pin="1"/><net_sink comp="170" pin=2"/></net>

<net id="236"><net_src comp="136" pin="1"/><net_sink comp="170" pin=4"/></net>

<net id="237"><net_src comp="136" pin="1"/><net_sink comp="170" pin=6"/></net>

<net id="238"><net_src comp="136" pin="1"/><net_sink comp="170" pin=8"/></net>

<net id="239"><net_src comp="136" pin="1"/><net_sink comp="170" pin=10"/></net>

<net id="240"><net_src comp="136" pin="1"/><net_sink comp="170" pin=12"/></net>

<net id="241"><net_src comp="136" pin="1"/><net_sink comp="170" pin=14"/></net>

<net id="242"><net_src comp="136" pin="1"/><net_sink comp="170" pin=16"/></net>

<net id="243"><net_src comp="136" pin="1"/><net_sink comp="170" pin=18"/></net>

<net id="244"><net_src comp="136" pin="1"/><net_sink comp="170" pin=20"/></net>

<net id="245"><net_src comp="136" pin="1"/><net_sink comp="170" pin=22"/></net>

<net id="246"><net_src comp="136" pin="1"/><net_sink comp="170" pin=24"/></net>

<net id="247"><net_src comp="136" pin="1"/><net_sink comp="170" pin=26"/></net>

<net id="248"><net_src comp="136" pin="1"/><net_sink comp="170" pin=28"/></net>

<net id="249"><net_src comp="136" pin="1"/><net_sink comp="170" pin=30"/></net>

<net id="250"><net_src comp="136" pin="1"/><net_sink comp="170" pin=32"/></net>

<net id="251"><net_src comp="136" pin="1"/><net_sink comp="170" pin=34"/></net>

<net id="252"><net_src comp="136" pin="1"/><net_sink comp="170" pin=36"/></net>

<net id="253"><net_src comp="136" pin="1"/><net_sink comp="170" pin=38"/></net>

<net id="254"><net_src comp="136" pin="1"/><net_sink comp="170" pin=40"/></net>

<net id="255"><net_src comp="136" pin="1"/><net_sink comp="170" pin=42"/></net>

<net id="256"><net_src comp="136" pin="1"/><net_sink comp="170" pin=44"/></net>

<net id="257"><net_src comp="136" pin="1"/><net_sink comp="170" pin=46"/></net>

<net id="258"><net_src comp="136" pin="1"/><net_sink comp="170" pin=48"/></net>

<net id="259"><net_src comp="136" pin="1"/><net_sink comp="170" pin=50"/></net>

<net id="260"><net_src comp="136" pin="1"/><net_sink comp="170" pin=52"/></net>

<net id="261"><net_src comp="136" pin="1"/><net_sink comp="170" pin=54"/></net>

<net id="262"><net_src comp="136" pin="1"/><net_sink comp="170" pin=56"/></net>

<net id="263"><net_src comp="136" pin="1"/><net_sink comp="170" pin=58"/></net>

<net id="264"><net_src comp="136" pin="1"/><net_sink comp="170" pin=60"/></net>

<net id="268"><net_src comp="128" pin="0"/><net_sink comp="265" pin=0"/></net>

<net id="275"><net_src comp="265" pin="1"/><net_sink comp="269" pin=0"/></net>

<net id="276"><net_src comp="170" pin="62"/><net_sink comp="269" pin=2"/></net>

<net id="281"><net_src comp="130" pin="2"/><net_sink comp="278" pin=0"/></net>

<net id="287"><net_src comp="4" pin="0"/><net_sink comp="282" pin=0"/></net>

<net id="288"><net_src comp="130" pin="2"/><net_sink comp="282" pin=1"/></net>

<net id="289"><net_src comp="6" pin="0"/><net_sink comp="282" pin=2"/></net>

<net id="295"><net_src comp="4" pin="0"/><net_sink comp="290" pin=0"/></net>

<net id="296"><net_src comp="130" pin="2"/><net_sink comp="290" pin=1"/></net>

<net id="297"><net_src comp="8" pin="0"/><net_sink comp="290" pin=2"/></net>

<net id="303"><net_src comp="4" pin="0"/><net_sink comp="298" pin=0"/></net>

<net id="304"><net_src comp="130" pin="2"/><net_sink comp="298" pin=1"/></net>

<net id="305"><net_src comp="10" pin="0"/><net_sink comp="298" pin=2"/></net>

<net id="311"><net_src comp="4" pin="0"/><net_sink comp="306" pin=0"/></net>

<net id="312"><net_src comp="130" pin="2"/><net_sink comp="306" pin=1"/></net>

<net id="313"><net_src comp="12" pin="0"/><net_sink comp="306" pin=2"/></net>

<net id="319"><net_src comp="4" pin="0"/><net_sink comp="314" pin=0"/></net>

<net id="320"><net_src comp="130" pin="2"/><net_sink comp="314" pin=1"/></net>

<net id="321"><net_src comp="14" pin="0"/><net_sink comp="314" pin=2"/></net>

<net id="327"><net_src comp="4" pin="0"/><net_sink comp="322" pin=0"/></net>

<net id="328"><net_src comp="130" pin="2"/><net_sink comp="322" pin=1"/></net>

<net id="329"><net_src comp="16" pin="0"/><net_sink comp="322" pin=2"/></net>

<net id="335"><net_src comp="4" pin="0"/><net_sink comp="330" pin=0"/></net>

<net id="336"><net_src comp="130" pin="2"/><net_sink comp="330" pin=1"/></net>

<net id="337"><net_src comp="18" pin="0"/><net_sink comp="330" pin=2"/></net>

<net id="343"><net_src comp="4" pin="0"/><net_sink comp="338" pin=0"/></net>

<net id="344"><net_src comp="130" pin="2"/><net_sink comp="338" pin=1"/></net>

<net id="345"><net_src comp="20" pin="0"/><net_sink comp="338" pin=2"/></net>

<net id="351"><net_src comp="4" pin="0"/><net_sink comp="346" pin=0"/></net>

<net id="352"><net_src comp="130" pin="2"/><net_sink comp="346" pin=1"/></net>

<net id="353"><net_src comp="22" pin="0"/><net_sink comp="346" pin=2"/></net>

<net id="359"><net_src comp="4" pin="0"/><net_sink comp="354" pin=0"/></net>

<net id="360"><net_src comp="130" pin="2"/><net_sink comp="354" pin=1"/></net>

<net id="361"><net_src comp="24" pin="0"/><net_sink comp="354" pin=2"/></net>

<net id="367"><net_src comp="4" pin="0"/><net_sink comp="362" pin=0"/></net>

<net id="368"><net_src comp="130" pin="2"/><net_sink comp="362" pin=1"/></net>

<net id="369"><net_src comp="26" pin="0"/><net_sink comp="362" pin=2"/></net>

<net id="375"><net_src comp="4" pin="0"/><net_sink comp="370" pin=0"/></net>

<net id="376"><net_src comp="130" pin="2"/><net_sink comp="370" pin=1"/></net>

<net id="377"><net_src comp="28" pin="0"/><net_sink comp="370" pin=2"/></net>

<net id="383"><net_src comp="4" pin="0"/><net_sink comp="378" pin=0"/></net>

<net id="384"><net_src comp="130" pin="2"/><net_sink comp="378" pin=1"/></net>

<net id="385"><net_src comp="30" pin="0"/><net_sink comp="378" pin=2"/></net>

<net id="391"><net_src comp="4" pin="0"/><net_sink comp="386" pin=0"/></net>

<net id="392"><net_src comp="130" pin="2"/><net_sink comp="386" pin=1"/></net>

<net id="393"><net_src comp="32" pin="0"/><net_sink comp="386" pin=2"/></net>

<net id="399"><net_src comp="4" pin="0"/><net_sink comp="394" pin=0"/></net>

<net id="400"><net_src comp="130" pin="2"/><net_sink comp="394" pin=1"/></net>

<net id="401"><net_src comp="34" pin="0"/><net_sink comp="394" pin=2"/></net>

<net id="407"><net_src comp="4" pin="0"/><net_sink comp="402" pin=0"/></net>

<net id="408"><net_src comp="130" pin="2"/><net_sink comp="402" pin=1"/></net>

<net id="409"><net_src comp="36" pin="0"/><net_sink comp="402" pin=2"/></net>

<net id="415"><net_src comp="4" pin="0"/><net_sink comp="410" pin=0"/></net>

<net id="416"><net_src comp="130" pin="2"/><net_sink comp="410" pin=1"/></net>

<net id="417"><net_src comp="38" pin="0"/><net_sink comp="410" pin=2"/></net>

<net id="423"><net_src comp="4" pin="0"/><net_sink comp="418" pin=0"/></net>

<net id="424"><net_src comp="130" pin="2"/><net_sink comp="418" pin=1"/></net>

<net id="425"><net_src comp="40" pin="0"/><net_sink comp="418" pin=2"/></net>

<net id="431"><net_src comp="4" pin="0"/><net_sink comp="426" pin=0"/></net>

<net id="432"><net_src comp="130" pin="2"/><net_sink comp="426" pin=1"/></net>

<net id="433"><net_src comp="42" pin="0"/><net_sink comp="426" pin=2"/></net>

<net id="439"><net_src comp="4" pin="0"/><net_sink comp="434" pin=0"/></net>

<net id="440"><net_src comp="130" pin="2"/><net_sink comp="434" pin=1"/></net>

<net id="441"><net_src comp="44" pin="0"/><net_sink comp="434" pin=2"/></net>

<net id="447"><net_src comp="4" pin="0"/><net_sink comp="442" pin=0"/></net>

<net id="448"><net_src comp="130" pin="2"/><net_sink comp="442" pin=1"/></net>

<net id="449"><net_src comp="46" pin="0"/><net_sink comp="442" pin=2"/></net>

<net id="455"><net_src comp="4" pin="0"/><net_sink comp="450" pin=0"/></net>

<net id="456"><net_src comp="130" pin="2"/><net_sink comp="450" pin=1"/></net>

<net id="457"><net_src comp="48" pin="0"/><net_sink comp="450" pin=2"/></net>

<net id="463"><net_src comp="4" pin="0"/><net_sink comp="458" pin=0"/></net>

<net id="464"><net_src comp="130" pin="2"/><net_sink comp="458" pin=1"/></net>

<net id="465"><net_src comp="50" pin="0"/><net_sink comp="458" pin=2"/></net>

<net id="471"><net_src comp="4" pin="0"/><net_sink comp="466" pin=0"/></net>

<net id="472"><net_src comp="130" pin="2"/><net_sink comp="466" pin=1"/></net>

<net id="473"><net_src comp="52" pin="0"/><net_sink comp="466" pin=2"/></net>

<net id="479"><net_src comp="4" pin="0"/><net_sink comp="474" pin=0"/></net>

<net id="480"><net_src comp="130" pin="2"/><net_sink comp="474" pin=1"/></net>

<net id="481"><net_src comp="54" pin="0"/><net_sink comp="474" pin=2"/></net>

<net id="487"><net_src comp="4" pin="0"/><net_sink comp="482" pin=0"/></net>

<net id="488"><net_src comp="130" pin="2"/><net_sink comp="482" pin=1"/></net>

<net id="489"><net_src comp="56" pin="0"/><net_sink comp="482" pin=2"/></net>

<net id="495"><net_src comp="4" pin="0"/><net_sink comp="490" pin=0"/></net>

<net id="496"><net_src comp="130" pin="2"/><net_sink comp="490" pin=1"/></net>

<net id="497"><net_src comp="58" pin="0"/><net_sink comp="490" pin=2"/></net>

<net id="503"><net_src comp="4" pin="0"/><net_sink comp="498" pin=0"/></net>

<net id="504"><net_src comp="130" pin="2"/><net_sink comp="498" pin=1"/></net>

<net id="505"><net_src comp="60" pin="0"/><net_sink comp="498" pin=2"/></net>

<net id="511"><net_src comp="4" pin="0"/><net_sink comp="506" pin=0"/></net>

<net id="512"><net_src comp="130" pin="2"/><net_sink comp="506" pin=1"/></net>

<net id="513"><net_src comp="62" pin="0"/><net_sink comp="506" pin=2"/></net>

<net id="519"><net_src comp="4" pin="0"/><net_sink comp="514" pin=0"/></net>

<net id="520"><net_src comp="130" pin="2"/><net_sink comp="514" pin=1"/></net>

<net id="521"><net_src comp="64" pin="0"/><net_sink comp="514" pin=2"/></net>

<net id="525"><net_src comp="278" pin="1"/><net_sink comp="522" pin=0"/></net>

<net id="529"><net_src comp="282" pin="3"/><net_sink comp="526" pin=0"/></net>

<net id="533"><net_src comp="290" pin="3"/><net_sink comp="530" pin=0"/></net>

<net id="537"><net_src comp="298" pin="3"/><net_sink comp="534" pin=0"/></net>

<net id="541"><net_src comp="306" pin="3"/><net_sink comp="538" pin=0"/></net>

<net id="545"><net_src comp="314" pin="3"/><net_sink comp="542" pin=0"/></net>

<net id="549"><net_src comp="322" pin="3"/><net_sink comp="546" pin=0"/></net>

<net id="553"><net_src comp="330" pin="3"/><net_sink comp="550" pin=0"/></net>

<net id="557"><net_src comp="338" pin="3"/><net_sink comp="554" pin=0"/></net>

<net id="561"><net_src comp="346" pin="3"/><net_sink comp="558" pin=0"/></net>

<net id="565"><net_src comp="354" pin="3"/><net_sink comp="562" pin=0"/></net>

<net id="569"><net_src comp="362" pin="3"/><net_sink comp="566" pin=0"/></net>

<net id="573"><net_src comp="370" pin="3"/><net_sink comp="570" pin=0"/></net>

<net id="577"><net_src comp="378" pin="3"/><net_sink comp="574" pin=0"/></net>

<net id="581"><net_src comp="386" pin="3"/><net_sink comp="578" pin=0"/></net>

<net id="585"><net_src comp="394" pin="3"/><net_sink comp="582" pin=0"/></net>

<net id="589"><net_src comp="402" pin="3"/><net_sink comp="586" pin=0"/></net>

<net id="593"><net_src comp="410" pin="3"/><net_sink comp="590" pin=0"/></net>

<net id="597"><net_src comp="418" pin="3"/><net_sink comp="594" pin=0"/></net>

<net id="601"><net_src comp="426" pin="3"/><net_sink comp="598" pin=0"/></net>

<net id="605"><net_src comp="434" pin="3"/><net_sink comp="602" pin=0"/></net>

<net id="609"><net_src comp="442" pin="3"/><net_sink comp="606" pin=0"/></net>

<net id="613"><net_src comp="450" pin="3"/><net_sink comp="610" pin=0"/></net>

<net id="617"><net_src comp="458" pin="3"/><net_sink comp="614" pin=0"/></net>

<net id="621"><net_src comp="466" pin="3"/><net_sink comp="618" pin=0"/></net>

<net id="625"><net_src comp="474" pin="3"/><net_sink comp="622" pin=0"/></net>

<net id="629"><net_src comp="482" pin="3"/><net_sink comp="626" pin=0"/></net>

<net id="633"><net_src comp="490" pin="3"/><net_sink comp="630" pin=0"/></net>

<net id="637"><net_src comp="498" pin="3"/><net_sink comp="634" pin=0"/></net>

<net id="641"><net_src comp="506" pin="3"/><net_sink comp="638" pin=0"/></net>

<net id="645"><net_src comp="514" pin="3"/><net_sink comp="642" pin=0"/></net>

</net_list>

</model> 
---------------- Datapath Model END ------------------

* FSMD analyzer results:
  - Output states:
	Port: bus_r | {}
  - Chain level:
	State 1
		stg_5 : 1
		stg_7 : 1
		stg_9 : 1
		stg_11 : 1
		stg_13 : 1
		stg_15 : 1
		stg_17 : 1
		stg_19 : 1
		stg_21 : 1
		stg_23 : 1
		stg_25 : 1
		stg_27 : 1
		stg_29 : 1
		stg_31 : 1
		stg_33 : 1
		stg_35 : 1
		stg_37 : 1
		stg_39 : 1
		stg_41 : 1
		stg_43 : 1
		stg_45 : 1
		stg_47 : 1
		stg_49 : 1
		stg_51 : 1
		stg_53 : 1
		stg_55 : 1
		stg_57 : 1
		stg_59 : 1
		stg_61 : 1
		stg_63 : 1
		stg_65 : 1
	State 2
		merge : 1
		stg_69 : 2


============================================================
+ Verbose Summary: Datapath Resource usage 
============================================================

* Functional unit list:
|----------|----------------------|
| Operation|    Functional Unit   |
|----------|----------------------|
|   read   | bus_read_read_fu_130 |
|----------|----------------------|
|   trunc  |      tmp_fu_278      |
|----------|----------------------|
|          |     tmp_7_fu_282     |
|          |     tmp_8_fu_290     |
|          |     tmp_9_fu_298     |
|          |     tmp_10_fu_306    |
|          |     tmp_11_fu_314    |
|          |     tmp_12_fu_322    |
|          |     tmp_13_fu_330    |
|          |     tmp_14_fu_338    |
|          |     tmp_15_fu_346    |
|          |     tmp_16_fu_354    |
|          |     tmp_17_fu_362    |
|          |     tmp_18_fu_370    |
|          |     tmp_19_fu_378    |
|          |     tmp_20_fu_386    |
| bitselect|     tmp_21_fu_394    |
|          |     tmp_22_fu_402    |
|          |     tmp_23_fu_410    |
|          |     tmp_24_fu_418    |
|          |     tmp_25_fu_426    |
|          |     tmp_26_fu_434    |
|          |     tmp_27_fu_442    |
|          |     tmp_28_fu_450    |
|          |     tmp_29_fu_458    |
|          |     tmp_30_fu_466    |
|          |     tmp_31_fu_474    |
|          |     tmp_32_fu_482    |
|          |     tmp_33_fu_490    |
|          |     tmp_34_fu_498    |
|          |     tmp_35_fu_506    |
|          |     tmp_36_fu_514    |
|----------|----------------------|
|   Total  |                      |
|----------|----------------------|

Memories:
N/A

* Register list:
+--------------+--------+
|              |   FF   |
+--------------+--------+
| merge_reg_265|    5   |
|  p_s_reg_136 |    5   |
|tmp_10_reg_538|    1   |
|tmp_11_reg_542|    1   |
|tmp_12_reg_546|    1   |
|tmp_13_reg_550|    1   |
|tmp_14_reg_554|    1   |
|tmp_15_reg_558|    1   |
|tmp_16_reg_562|    1   |
|tmp_17_reg_566|    1   |
|tmp_18_reg_570|    1   |
|tmp_19_reg_574|    1   |
|tmp_20_reg_578|    1   |
|tmp_21_reg_582|    1   |
|tmp_22_reg_586|    1   |
|tmp_23_reg_590|    1   |
|tmp_24_reg_594|    1   |
|tmp_25_reg_598|    1   |
|tmp_26_reg_602|    1   |
|tmp_27_reg_606|    1   |
|tmp_28_reg_610|    1   |
|tmp_29_reg_614|    1   |
|tmp_30_reg_618|    1   |
|tmp_31_reg_622|    1   |
|tmp_32_reg_626|    1   |
|tmp_33_reg_630|    1   |
|tmp_34_reg_634|    1   |
|tmp_35_reg_638|    1   |
|tmp_36_reg_642|    1   |
| tmp_7_reg_526|    1   |
| tmp_8_reg_530|    1   |
| tmp_9_reg_534|    1   |
|  tmp_reg_522 |    1   |
+--------------+--------+
|     Total    |   41   |
+--------------+--------+

* Multiplexer (MUX) list: 
|-------------|------|------|------|--------||---------||---------|
|     Comp    |  Pin | Size |  BW  | S x BW ||  Delay  ||   LUT   |
|-------------|------|------|------|--------||---------||---------|
| p_s_reg_136 |  p0  |  31  |   5  |   155  ||    10   |
|-------------|------|------|------|--------||---------||---------|
|    Total    |      |      |      |   155  ||  1.495  ||    10   |
|-------------|------|------|------|--------||---------||---------|



* Summary:
+-----------+--------+--------+--------+
|           |  Delay |   FF   |   LUT  |
+-----------+--------+--------+--------+
|  Function |    -   |    -   |    -   |
|   Memory  |    -   |    -   |    -   |
|Multiplexer|    1   |    -   |   10   |
|  Register |    -   |   41   |    -   |
+-----------+--------+--------+--------+
|   Total   |    1   |   41   |   10   |
+-----------+--------+--------+--------+
