

================================================================
== Vivado HLS Report for 'nfa_get_initials_1'
================================================================
* Date:           Sat Nov 08 10:20:38 2014

* Version:        2014.1 (build date: Fri Apr 04 13:20:25 PM 2014)
* Project:        oil_plainc_hls
* Solution:       solution_virtex5_plb
* Product family: virtex5 virtex5_fpv5 
* Target device:  xc5vlx50tff1136-3


================================================================
== Performance Estimates
================================================================
+ Timing (ns): 
    * Summary: 
    +---------+-------+----------+------------+
    |  Clock  | Target| Estimated| Uncertainty|
    +---------+-------+----------+------------+
    |default  |  10.00|      7.00|        3.00|
    +---------+-------+----------+------------+

+ Latency (clock cycles): 
    * Summary: 
    +-----+-----+-----+-----+----------+
    |  Latency  |  Interval | Pipeline |
    | min | max | min | max |   Type   |
    +-----+-----+-----+-----+----------+
    |    3|    3|    1|    1| function |
    +-----+-----+-----+-----+----------+

    + Detail: 
        * Instance: 
        N/A

        * Loop: 
        N/A



================================================================
== Utilization Estimates
================================================================
* Summary: 
+-----------------+---------+-------+-------+-------+
|       Name      | BRAM_18K| DSP48E|   FF  |  LUT  |
+-----------------+---------+-------+-------+-------+
|Expression       |        -|      -|      -|      -|
|FIFO             |        -|      -|      -|      -|
|Instance         |        -|      -|      -|      -|
|Memory           |        -|      -|      -|      -|
|Multiplexer      |        -|      -|      -|      -|
|Register         |        -|      -|      -|      -|
+-----------------+---------+-------+-------+-------+
|Total            |        0|      0|      0|      0|
+-----------------+---------+-------+-------+-------+
|Available        |      120|     48|  28800|  28800|
+-----------------+---------+-------+-------+-------+
|Utilization (%)  |        0|      0|      0|      0|
+-----------------+---------+-------+-------+-------+

+ Detail: 
    * Instance: 
    N/A

    * Memory: 
    N/A

    * FIFO: 
    N/A

    * Expression: 
    N/A

    * Multiplexer: 
    N/A

    * Register: 
    N/A



================================================================
== Interface
================================================================
* Summary: 
N/A

============================================================
+ Verbose Summary: Synthesis Manager
============================================================
InlineROM: 1
ExposeGlobal: 0
============================================================
+ Verbose Summary: CDFG Model
============================================================
IsTopModel: 0
ResetActiveHigh: 1
IsCombinational: 0
IsDatapathOnly: 0
HasWiredReturn: 1
HasMFsm: 2
HasVarLatency: 0
IsPipeline: 1
IsRtlPipelined: 1
IsInstanceOverlapped: 0
IsDontTouch: 0
HasImplIP: 0
IsGatedGlobalClock: 0

+ Individual pipeline summary: 
  * Pipeline-0: initiation interval (II) = 1, depth = 4


============================================================
+ Verbose Summary: Schedule
============================================================
* Number of FSM states: 4
* Pipeline: 1
  Pipeline-0: II = 1, D = 4, States = { 1 2 3 4 }
* Dataflow Pipeline: 0

* FSM state transitions: 
1 --> 
	2  / true
2 --> 
	3  / true
3 --> 
	4  / true
4 --> 
* FSM state operations: 

 <State 1>: 7.00ns
ST_1: tmp_read [1/1] 0.00ns
:0  %tmp_read = call i5 @_ssdm_op_Read.ap_auto.i5(i5 %tmp_s)

ST_1: nfa_initials_buckets_load_req [2/2] 7.00ns
:5  %nfa_initials_buckets_load_req = call i1 @_ssdm_op_ReadReq.ap_bus.i64P(i64* %nfa_initials_buckets, i32 1)


 <State 2>: 7.00ns
ST_2: nfa_initials_buckets_load_req [1/2] 7.00ns
:5  %nfa_initials_buckets_load_req = call i1 @_ssdm_op_ReadReq.ap_bus.i64P(i64* %nfa_initials_buckets, i32 1)


 <State 3>: 7.00ns
ST_3: nfa_initials_buckets_read [1/1] 7.00ns
:6  %nfa_initials_buckets_read = call i64 @_ssdm_op_Read.ap_bus.i64P(i64* %nfa_initials_buckets)


 <State 4>: 2.39ns
ST_4: tmp_cast [1/1] 0.00ns
:1  %tmp_cast = zext i5 %tmp_read to i64

ST_4: stg_10 [1/1] 0.00ns
:2  call void (...)* @_ssdm_op_SpecIFCore(i64* %nfa_initials_buckets, [1 x i8]* @p_str1129, [7 x i8]* @p_str38, [1 x i8]* @p_str1129, [1 x i8]* @p_str1129, [1 x i8]* @p_str1129, [1 x i8]* @p_str1129)

ST_4: stg_11 [1/1] 0.00ns
:3  call void (...)* @_ssdm_op_SpecBus(i64* %nfa_initials_buckets, [7 x i8]* @p_str35, i32 0, i32 0, i32 0, i32 10, [1 x i8]* @p_str1129, [1 x i8]* @p_str1129, [1 x i8]* @p_str1129) nounwind

ST_4: initials_buckets_addr [1/1] 0.00ns
:4  %initials_buckets_addr = getelementptr [16 x i64]* %initials_buckets, i64 0, i64 %tmp_cast

ST_4: stg_13 [1/1] 2.39ns
:7  store i64 %nfa_initials_buckets_read, i64* %initials_buckets_addr, align 8

ST_4: stg_14 [1/1] 0.00ns
:8  ret void



============================================================
+ Verbose Summary: Binding
============================================================
N/A
* FSMD analyzer results:
  - Output states:
  - Chain level:
	State 1
	State 2
	State 3
	State 4


============================================================
+ Verbose Summary: Datapath Resource usage 
============================================================
N/A
