

================================================================
== Vivado HLS Report for 'p_bsf32_hw'
================================================================
* Date:           Sat Nov 08 10:20:49 2014

* Version:        2014.1 (build date: Fri Apr 04 13:20:25 PM 2014)
* Project:        oil_plainc_hls
* Solution:       solution_virtex5_plb
* Product family: virtex5 virtex5_fpv5 
* Target device:  xc5vlx50tff1136-3


================================================================
== Performance Estimates
================================================================
+ Timing (ns): 
    * Summary: 
    +---------+-------+----------+------------+
    |  Clock  | Target| Estimated| Uncertainty|
    +---------+-------+----------+------------+
    |default  |  10.00|      3.45|        3.00|
    +---------+-------+----------+------------+

+ Latency (clock cycles): 
    * Summary: 
    +-----+-----+-----+-----+----------+
    |  Latency  |  Interval | Pipeline |
    | min | max | min | max |   Type   |
    +-----+-----+-----+-----+----------+
    |    0|    0|    1|    1| function |
    +-----+-----+-----+-----+----------+

    + Detail: 
        * Instance: 
        N/A

        * Loop: 
        N/A



================================================================
== Utilization Estimates
================================================================
* Summary: 
+-----------------+---------+-------+-------+-------+
|       Name      | BRAM_18K| DSP48E|   FF  |  LUT  |
+-----------------+---------+-------+-------+-------+
|Expression       |        -|      -|      -|      -|
|FIFO             |        -|      -|      -|      -|
|Instance         |        -|      -|      -|      -|
|Memory           |        -|      -|      -|      -|
|Multiplexer      |        -|      -|      -|     56|
|Register         |        -|      -|      -|      -|
+-----------------+---------+-------+-------+-------+
|Total            |        0|      0|      0|     56|
+-----------------+---------+-------+-------+-------+
|Available        |      120|     48|  28800|  28800|
+-----------------+---------+-------+-------+-------+
|Utilization (%)  |        0|      0|      0|   ~0  |
+-----------------+---------+-------+-------+-------+

+ Detail: 
    * Instance: 
    N/A

    * Memory: 
    N/A

    * FIFO: 
    N/A

    * Expression: 
    N/A

    * Multiplexer: 
    +-----------------------------+----+-----------+-----+-----------+
    |             Name            | LUT| Input Size| Bits| Total Bits|
    +-----------------------------+----+-----------+-----+-----------+
    |UnifiedRetVal_phi_fu_237_p4  |   6|          3|    6|         18|
    |p_s_phi_fu_139_p62           |  50|         32|    5|        160|
    +-----------------------------+----+-----------+-----+-----------+
    |Total                        |  56|         35|   11|        178|
    +-----------------------------+----+-----------+-----+-----------+

    * Register: 
    N/A



================================================================
== Interface
================================================================
* Summary: 
+-----------+-----+-----+------------+--------------+--------------+
| RTL Ports | Dir | Bits|  Protocol  | Source Object|    C Type    |
+-----------+-----+-----+------------+--------------+--------------+
|bus_r      |  in |   32|   ap_none  |     bus_r    |    scalar    |
|ap_return  | out |    6| ap_ctrl_hs |   _bsf32_hw  | return value |
+-----------+-----+-----+------------+--------------+--------------+

============================================================
+ Verbose Summary: Synthesis Manager
============================================================
InlineROM: 1
ExposeGlobal: 0
============================================================
+ Verbose Summary: CDFG Model
============================================================
IsTopModel: 0
ResetActiveHigh: 1
IsCombinational: 1
IsDatapathOnly: 2
HasWiredReturn: 1
HasMFsm: 2
HasVarLatency: 0
IsPipeline: 1
IsRtlPipelined: 0
IsInstanceOverlapped: 0
IsDontTouch: 0
HasImplIP: 0
IsGatedGlobalClock: 0

+ Individual pipeline summary: 
  * Pipeline-0: initiation interval (II) = 1, depth = 1


============================================================
+ Verbose Summary: Schedule
============================================================
* Number of FSM states: 1
* Pipeline: 1
  Pipeline-0: II = 1, D = 1, States = { 1 }
* Dataflow Pipeline: 0

* FSM state transitions: 
1 --> 
* FSM state operations: 

 <State 1>: 3.45ns
ST_1: bus_read [1/1] 0.00ns
._crit_edge.0:0  %bus_read = call i32 @_ssdm_op_Read.ap_auto.i32(i32 %bus_r)

ST_1: tmp [1/1] 0.00ns
._crit_edge.0:1  %tmp = trunc i32 %bus_read to i1

ST_1: stg_4 [1/1] 2.47ns
._crit_edge.0:2  br i1 %tmp, label %.loopexit, label %._crit_edge.1

ST_1: tmp_5 [1/1] 0.00ns
._crit_edge.1:0  %tmp_5 = call i1 @_ssdm_op_BitSelect.i1.i32.i32(i32 %bus_read, i32 1)

ST_1: stg_6 [1/1] 2.47ns
._crit_edge.1:1  br i1 %tmp_5, label %.loopexit, label %._crit_edge.2

ST_1: tmp_6 [1/1] 0.00ns
._crit_edge.2:0  %tmp_6 = call i1 @_ssdm_op_BitSelect.i1.i32.i32(i32 %bus_read, i32 2)

ST_1: stg_8 [1/1] 2.47ns
._crit_edge.2:1  br i1 %tmp_6, label %.loopexit, label %._crit_edge.3

ST_1: tmp_7 [1/1] 0.00ns
._crit_edge.3:0  %tmp_7 = call i1 @_ssdm_op_BitSelect.i1.i32.i32(i32 %bus_read, i32 3)

ST_1: stg_10 [1/1] 2.47ns
._crit_edge.3:1  br i1 %tmp_7, label %.loopexit, label %._crit_edge.4

ST_1: tmp_8 [1/1] 0.00ns
._crit_edge.4:0  %tmp_8 = call i1 @_ssdm_op_BitSelect.i1.i32.i32(i32 %bus_read, i32 4)

ST_1: stg_12 [1/1] 2.47ns
._crit_edge.4:1  br i1 %tmp_8, label %.loopexit, label %._crit_edge.5

ST_1: tmp_9 [1/1] 0.00ns
._crit_edge.5:0  %tmp_9 = call i1 @_ssdm_op_BitSelect.i1.i32.i32(i32 %bus_read, i32 5)

ST_1: stg_14 [1/1] 2.47ns
._crit_edge.5:1  br i1 %tmp_9, label %.loopexit, label %._crit_edge.6

ST_1: tmp_10 [1/1] 0.00ns
._crit_edge.6:0  %tmp_10 = call i1 @_ssdm_op_BitSelect.i1.i32.i32(i32 %bus_read, i32 6)

ST_1: stg_16 [1/1] 2.47ns
._crit_edge.6:1  br i1 %tmp_10, label %.loopexit, label %._crit_edge.7

ST_1: tmp_11 [1/1] 0.00ns
._crit_edge.7:0  %tmp_11 = call i1 @_ssdm_op_BitSelect.i1.i32.i32(i32 %bus_read, i32 7)

ST_1: stg_18 [1/1] 2.47ns
._crit_edge.7:1  br i1 %tmp_11, label %.loopexit, label %._crit_edge.8

ST_1: tmp_12 [1/1] 0.00ns
._crit_edge.8:0  %tmp_12 = call i1 @_ssdm_op_BitSelect.i1.i32.i32(i32 %bus_read, i32 8)

ST_1: stg_20 [1/1] 2.47ns
._crit_edge.8:1  br i1 %tmp_12, label %.loopexit, label %._crit_edge.9

ST_1: tmp_13 [1/1] 0.00ns
._crit_edge.9:0  %tmp_13 = call i1 @_ssdm_op_BitSelect.i1.i32.i32(i32 %bus_read, i32 9)

ST_1: stg_22 [1/1] 2.47ns
._crit_edge.9:1  br i1 %tmp_13, label %.loopexit, label %._crit_edge.10

ST_1: tmp_14 [1/1] 0.00ns
._crit_edge.10:0  %tmp_14 = call i1 @_ssdm_op_BitSelect.i1.i32.i32(i32 %bus_read, i32 10)

ST_1: stg_24 [1/1] 2.47ns
._crit_edge.10:1  br i1 %tmp_14, label %.loopexit, label %._crit_edge.11

ST_1: tmp_15 [1/1] 0.00ns
._crit_edge.11:0  %tmp_15 = call i1 @_ssdm_op_BitSelect.i1.i32.i32(i32 %bus_read, i32 11)

ST_1: stg_26 [1/1] 2.47ns
._crit_edge.11:1  br i1 %tmp_15, label %.loopexit, label %._crit_edge.12

ST_1: tmp_16 [1/1] 0.00ns
._crit_edge.12:0  %tmp_16 = call i1 @_ssdm_op_BitSelect.i1.i32.i32(i32 %bus_read, i32 12)

ST_1: stg_28 [1/1] 2.47ns
._crit_edge.12:1  br i1 %tmp_16, label %.loopexit, label %._crit_edge.13

ST_1: tmp_17 [1/1] 0.00ns
._crit_edge.13:0  %tmp_17 = call i1 @_ssdm_op_BitSelect.i1.i32.i32(i32 %bus_read, i32 13)

ST_1: stg_30 [1/1] 2.47ns
._crit_edge.13:1  br i1 %tmp_17, label %.loopexit, label %._crit_edge.14

ST_1: tmp_18 [1/1] 0.00ns
._crit_edge.14:0  %tmp_18 = call i1 @_ssdm_op_BitSelect.i1.i32.i32(i32 %bus_read, i32 14)

ST_1: stg_32 [1/1] 2.47ns
._crit_edge.14:1  br i1 %tmp_18, label %.loopexit, label %._crit_edge.15

ST_1: tmp_19 [1/1] 0.00ns
._crit_edge.15:0  %tmp_19 = call i1 @_ssdm_op_BitSelect.i1.i32.i32(i32 %bus_read, i32 15)

ST_1: stg_34 [1/1] 2.47ns
._crit_edge.15:1  br i1 %tmp_19, label %.loopexit, label %._crit_edge.16

ST_1: tmp_20 [1/1] 0.00ns
._crit_edge.16:0  %tmp_20 = call i1 @_ssdm_op_BitSelect.i1.i32.i32(i32 %bus_read, i32 16)

ST_1: stg_36 [1/1] 2.47ns
._crit_edge.16:1  br i1 %tmp_20, label %.loopexit, label %._crit_edge.17

ST_1: tmp_21 [1/1] 0.00ns
._crit_edge.17:0  %tmp_21 = call i1 @_ssdm_op_BitSelect.i1.i32.i32(i32 %bus_read, i32 17)

ST_1: stg_38 [1/1] 2.47ns
._crit_edge.17:1  br i1 %tmp_21, label %.loopexit, label %._crit_edge.18

ST_1: tmp_22 [1/1] 0.00ns
._crit_edge.18:0  %tmp_22 = call i1 @_ssdm_op_BitSelect.i1.i32.i32(i32 %bus_read, i32 18)

ST_1: stg_40 [1/1] 2.47ns
._crit_edge.18:1  br i1 %tmp_22, label %.loopexit, label %._crit_edge.19

ST_1: tmp_23 [1/1] 0.00ns
._crit_edge.19:0  %tmp_23 = call i1 @_ssdm_op_BitSelect.i1.i32.i32(i32 %bus_read, i32 19)

ST_1: stg_42 [1/1] 2.47ns
._crit_edge.19:1  br i1 %tmp_23, label %.loopexit, label %._crit_edge.20

ST_1: tmp_24 [1/1] 0.00ns
._crit_edge.20:0  %tmp_24 = call i1 @_ssdm_op_BitSelect.i1.i32.i32(i32 %bus_read, i32 20)

ST_1: stg_44 [1/1] 2.47ns
._crit_edge.20:1  br i1 %tmp_24, label %.loopexit, label %._crit_edge.21

ST_1: tmp_25 [1/1] 0.00ns
._crit_edge.21:0  %tmp_25 = call i1 @_ssdm_op_BitSelect.i1.i32.i32(i32 %bus_read, i32 21)

ST_1: stg_46 [1/1] 2.47ns
._crit_edge.21:1  br i1 %tmp_25, label %.loopexit, label %._crit_edge.22

ST_1: tmp_26 [1/1] 0.00ns
._crit_edge.22:0  %tmp_26 = call i1 @_ssdm_op_BitSelect.i1.i32.i32(i32 %bus_read, i32 22)

ST_1: stg_48 [1/1] 2.47ns
._crit_edge.22:1  br i1 %tmp_26, label %.loopexit, label %._crit_edge.23

ST_1: tmp_27 [1/1] 0.00ns
._crit_edge.23:0  %tmp_27 = call i1 @_ssdm_op_BitSelect.i1.i32.i32(i32 %bus_read, i32 23)

ST_1: stg_50 [1/1] 2.47ns
._crit_edge.23:1  br i1 %tmp_27, label %.loopexit, label %._crit_edge.24

ST_1: tmp_28 [1/1] 0.00ns
._crit_edge.24:0  %tmp_28 = call i1 @_ssdm_op_BitSelect.i1.i32.i32(i32 %bus_read, i32 24)

ST_1: stg_52 [1/1] 2.47ns
._crit_edge.24:1  br i1 %tmp_28, label %.loopexit, label %._crit_edge.25

ST_1: tmp_29 [1/1] 0.00ns
._crit_edge.25:0  %tmp_29 = call i1 @_ssdm_op_BitSelect.i1.i32.i32(i32 %bus_read, i32 25)

ST_1: stg_54 [1/1] 2.47ns
._crit_edge.25:1  br i1 %tmp_29, label %.loopexit, label %._crit_edge.26

ST_1: tmp_30 [1/1] 0.00ns
._crit_edge.26:0  %tmp_30 = call i1 @_ssdm_op_BitSelect.i1.i32.i32(i32 %bus_read, i32 26)

ST_1: stg_56 [1/1] 2.47ns
._crit_edge.26:1  br i1 %tmp_30, label %.loopexit, label %._crit_edge.27

ST_1: tmp_31 [1/1] 0.00ns
._crit_edge.27:0  %tmp_31 = call i1 @_ssdm_op_BitSelect.i1.i32.i32(i32 %bus_read, i32 27)

ST_1: stg_58 [1/1] 2.47ns
._crit_edge.27:1  br i1 %tmp_31, label %.loopexit, label %._crit_edge.28

ST_1: tmp_32 [1/1] 0.00ns
._crit_edge.28:0  %tmp_32 = call i1 @_ssdm_op_BitSelect.i1.i32.i32(i32 %bus_read, i32 28)

ST_1: stg_60 [1/1] 2.47ns
._crit_edge.28:1  br i1 %tmp_32, label %.loopexit, label %._crit_edge.29

ST_1: tmp_33 [1/1] 0.00ns
._crit_edge.29:0  %tmp_33 = call i1 @_ssdm_op_BitSelect.i1.i32.i32(i32 %bus_read, i32 29)

ST_1: stg_62 [1/1] 2.47ns
._crit_edge.29:1  br i1 %tmp_33, label %.loopexit, label %._crit_edge.30

ST_1: tmp_34 [1/1] 0.00ns
._crit_edge.30:0  %tmp_34 = call i1 @_ssdm_op_BitSelect.i1.i32.i32(i32 %bus_read, i32 30)

ST_1: stg_64 [1/1] 2.47ns
._crit_edge.30:1  br i1 %tmp_34, label %.loopexit, label %._crit_edge.31

ST_1: stg_65 [1/1] 0.98ns
._crit_edge.31:0  br label %UnifiedReturnBlock

ST_1: p_s [1/1] 0.00ns
.loopexit:0  %p_s = phi i5 [ 0, %._crit_edge.0 ], [ 1, %._crit_edge.1 ], [ 2, %._crit_edge.2 ], [ 3, %._crit_edge.3 ], [ 4, %._crit_edge.4 ], [ 5, %._crit_edge.5 ], [ 6, %._crit_edge.6 ], [ 7, %._crit_edge.7 ], [ 8, %._crit_edge.8 ], [ 9, %._crit_edge.9 ], [ 10, %._crit_edge.10 ], [ 11, %._crit_edge.11 ], [ 12, %._crit_edge.12 ], [ 13, %._crit_edge.13 ], [ 14, %._crit_edge.14 ], [ 15, %._crit_edge.15 ], [ -16, %._crit_edge.16 ], [ -15, %._crit_edge.17 ], [ -14, %._crit_edge.18 ], [ -13, %._crit_edge.19 ], [ -12, %._crit_edge.20 ], [ -11, %._crit_edge.21 ], [ -10, %._crit_edge.22 ], [ -9, %._crit_edge.23 ], [ -8, %._crit_edge.24 ], [ -7, %._crit_edge.25 ], [ -6, %._crit_edge.26 ], [ -5, %._crit_edge.27 ], [ -4, %._crit_edge.28 ], [ -3, %._crit_edge.29 ], [ -2, %._crit_edge.30 ]

ST_1: p_cast_cast [1/1] 0.00ns
.loopexit:1  %p_cast_cast = zext i5 %p_s to i6

ST_1: stg_68 [1/1] 0.98ns
.loopexit:2  br label %UnifiedReturnBlock

ST_1: UnifiedRetVal [1/1] 0.00ns
UnifiedReturnBlock:0  %UnifiedRetVal = phi i6 [ 31, %._crit_edge.31 ], [ %p_cast_cast, %.loopexit ]

ST_1: stg_70 [1/1] 0.00ns
UnifiedReturnBlock:1  ret i6 %UnifiedRetVal



============================================================
+ Verbose Summary: Binding
============================================================
STG Binding: 
---------------- STG Properties BEGIN ----------------
- Is combinational: 1
- Is one-state seq: 0
- Is datapath-only: 0
- Is clock enabled: 0
- Is pipelined: 1
- Is top level: 0
Port [ Return ] is wired: 1; IO mode=ap_ctrl_hs:ce=0
Port [ bus_r]:  wired=1; compound=0; hidden=0; nouse=0; global=0; static=0; extern=0; dir=0; type=0; mode=0x46d056f190; pingpong=0; private_global=0; IO mode=ap_none:ce=0
---------------- STG Properties END ------------------

---------------- Datapath Model BEGIN ----------------

<LifeTime>
<method=bitvector/>
bus_read      (read     ) [ 00]
tmp           (trunc    ) [ 01]
stg_4         (br       ) [ 00]
tmp_5         (bitselect) [ 01]
stg_6         (br       ) [ 00]
tmp_6         (bitselect) [ 01]
stg_8         (br       ) [ 00]
tmp_7         (bitselect) [ 01]
stg_10        (br       ) [ 00]
tmp_8         (bitselect) [ 01]
stg_12        (br       ) [ 00]
tmp_9         (bitselect) [ 01]
stg_14        (br       ) [ 00]
tmp_10        (bitselect) [ 01]
stg_16        (br       ) [ 00]
tmp_11        (bitselect) [ 01]
stg_18        (br       ) [ 00]
tmp_12        (bitselect) [ 01]
stg_20        (br       ) [ 00]
tmp_13        (bitselect) [ 01]
stg_22        (br       ) [ 00]
tmp_14        (bitselect) [ 01]
stg_24        (br       ) [ 00]
tmp_15        (bitselect) [ 01]
stg_26        (br       ) [ 00]
tmp_16        (bitselect) [ 01]
stg_28        (br       ) [ 00]
tmp_17        (bitselect) [ 01]
stg_30        (br       ) [ 00]
tmp_18        (bitselect) [ 01]
stg_32        (br       ) [ 00]
tmp_19        (bitselect) [ 01]
stg_34        (br       ) [ 00]
tmp_20        (bitselect) [ 01]
stg_36        (br       ) [ 00]
tmp_21        (bitselect) [ 01]
stg_38        (br       ) [ 00]
tmp_22        (bitselect) [ 01]
stg_40        (br       ) [ 00]
tmp_23        (bitselect) [ 01]
stg_42        (br       ) [ 00]
tmp_24        (bitselect) [ 01]
stg_44        (br       ) [ 00]
tmp_25        (bitselect) [ 01]
stg_46        (br       ) [ 00]
tmp_26        (bitselect) [ 01]
stg_48        (br       ) [ 00]
tmp_27        (bitselect) [ 01]
stg_50        (br       ) [ 00]
tmp_28        (bitselect) [ 01]
stg_52        (br       ) [ 00]
tmp_29        (bitselect) [ 01]
stg_54        (br       ) [ 00]
tmp_30        (bitselect) [ 01]
stg_56        (br       ) [ 00]
tmp_31        (bitselect) [ 01]
stg_58        (br       ) [ 00]
tmp_32        (bitselect) [ 01]
stg_60        (br       ) [ 00]
tmp_33        (bitselect) [ 01]
stg_62        (br       ) [ 00]
tmp_34        (bitselect) [ 01]
stg_64        (br       ) [ 00]
stg_65        (br       ) [ 00]
p_s           (phi      ) [ 00]
p_cast_cast   (zext     ) [ 00]
stg_68        (br       ) [ 00]
UnifiedRetVal (phi      ) [ 00]
stg_70        (ret      ) [ 00]
</LifeTime>

<model>

<comp_list>
<comp id="0" class="1000" name="bus_r">
<pin_list>
<pin id="1" dir="1" index="0" bw="1" slack="0"/>
</pin_list>
<bind>
<StgValue><ssdm name="bus_r"/></StgValue>
</bind>
</comp>

<comp id="2" class="1001" name="const_2">
<pin_list>
<pin id="3" dir="1" index="0" bw="1" slack="0"/>
</pin_list>
<bind>
<StgValue><ssdm name="_ssdm_op_Read.ap_auto.i32"/></StgValue>
</bind>
</comp>

<comp id="4" class="1001" name="const_4">
<pin_list>
<pin id="5" dir="1" index="0" bw="1" slack="0"/>
</pin_list>
<bind>
<StgValue><ssdm name="_ssdm_op_BitSelect.i1.i32.i32"/></StgValue>
</bind>
</comp>

<comp id="6" class="1001" name="const_6">
<pin_list>
<pin id="7" dir="1" index="0" bw="1" slack="0"/>
</pin_list>
<bind>
<StgValue><ssdm name=""/></StgValue>
</bind>
</comp>

<comp id="8" class="1001" name="const_8">
<pin_list>
<pin id="9" dir="1" index="0" bw="1" slack="0"/>
</pin_list>
<bind>
<StgValue><ssdm name=""/></StgValue>
</bind>
</comp>

<comp id="10" class="1001" name="const_10">
<pin_list>
<pin id="11" dir="1" index="0" bw="1" slack="0"/>
</pin_list>
<bind>
<StgValue><ssdm name=""/></StgValue>
</bind>
</comp>

<comp id="12" class="1001" name="const_12">
<pin_list>
<pin id="13" dir="1" index="0" bw="1" slack="0"/>
</pin_list>
<bind>
<StgValue><ssdm name=""/></StgValue>
</bind>
</comp>

<comp id="14" class="1001" name="const_14">
<pin_list>
<pin id="15" dir="1" index="0" bw="1" slack="0"/>
</pin_list>
<bind>
<StgValue><ssdm name=""/></StgValue>
</bind>
</comp>

<comp id="16" class="1001" name="const_16">
<pin_list>
<pin id="17" dir="1" index="0" bw="1" slack="0"/>
</pin_list>
<bind>
<StgValue><ssdm name=""/></StgValue>
</bind>
</comp>

<comp id="18" class="1001" name="const_18">
<pin_list>
<pin id="19" dir="1" index="0" bw="1" slack="0"/>
</pin_list>
<bind>
<StgValue><ssdm name=""/></StgValue>
</bind>
</comp>

<comp id="20" class="1001" name="const_20">
<pin_list>
<pin id="21" dir="1" index="0" bw="1" slack="0"/>
</pin_list>
<bind>
<StgValue><ssdm name=""/></StgValue>
</bind>
</comp>

<comp id="22" class="1001" name="const_22">
<pin_list>
<pin id="23" dir="1" index="0" bw="1" slack="0"/>
</pin_list>
<bind>
<StgValue><ssdm name=""/></StgValue>
</bind>
</comp>

<comp id="24" class="1001" name="const_24">
<pin_list>
<pin id="25" dir="1" index="0" bw="1" slack="0"/>
</pin_list>
<bind>
<StgValue><ssdm name=""/></StgValue>
</bind>
</comp>

<comp id="26" class="1001" name="const_26">
<pin_list>
<pin id="27" dir="1" index="0" bw="1" slack="0"/>
</pin_list>
<bind>
<StgValue><ssdm name=""/></StgValue>
</bind>
</comp>

<comp id="28" class="1001" name="const_28">
<pin_list>
<pin id="29" dir="1" index="0" bw="1" slack="0"/>
</pin_list>
<bind>
<StgValue><ssdm name=""/></StgValue>
</bind>
</comp>

<comp id="30" class="1001" name="const_30">
<pin_list>
<pin id="31" dir="1" index="0" bw="1" slack="0"/>
</pin_list>
<bind>
<StgValue><ssdm name=""/></StgValue>
</bind>
</comp>

<comp id="32" class="1001" name="const_32">
<pin_list>
<pin id="33" dir="1" index="0" bw="1" slack="0"/>
</pin_list>
<bind>
<StgValue><ssdm name=""/></StgValue>
</bind>
</comp>

<comp id="34" class="1001" name="const_34">
<pin_list>
<pin id="35" dir="1" index="0" bw="1" slack="0"/>
</pin_list>
<bind>
<StgValue><ssdm name=""/></StgValue>
</bind>
</comp>

<comp id="36" class="1001" name="const_36">
<pin_list>
<pin id="37" dir="1" index="0" bw="1" slack="0"/>
</pin_list>
<bind>
<StgValue><ssdm name=""/></StgValue>
</bind>
</comp>

<comp id="38" class="1001" name="const_38">
<pin_list>
<pin id="39" dir="1" index="0" bw="1" slack="0"/>
</pin_list>
<bind>
<StgValue><ssdm name=""/></StgValue>
</bind>
</comp>

<comp id="40" class="1001" name="const_40">
<pin_list>
<pin id="41" dir="1" index="0" bw="1" slack="0"/>
</pin_list>
<bind>
<StgValue><ssdm name=""/></StgValue>
</bind>
</comp>

<comp id="42" class="1001" name="const_42">
<pin_list>
<pin id="43" dir="1" index="0" bw="1" slack="0"/>
</pin_list>
<bind>
<StgValue><ssdm name=""/></StgValue>
</bind>
</comp>

<comp id="44" class="1001" name="const_44">
<pin_list>
<pin id="45" dir="1" index="0" bw="1" slack="0"/>
</pin_list>
<bind>
<StgValue><ssdm name=""/></StgValue>
</bind>
</comp>

<comp id="46" class="1001" name="const_46">
<pin_list>
<pin id="47" dir="1" index="0" bw="1" slack="0"/>
</pin_list>
<bind>
<StgValue><ssdm name=""/></StgValue>
</bind>
</comp>

<comp id="48" class="1001" name="const_48">
<pin_list>
<pin id="49" dir="1" index="0" bw="1" slack="0"/>
</pin_list>
<bind>
<StgValue><ssdm name=""/></StgValue>
</bind>
</comp>

<comp id="50" class="1001" name="const_50">
<pin_list>
<pin id="51" dir="1" index="0" bw="1" slack="0"/>
</pin_list>
<bind>
<StgValue><ssdm name=""/></StgValue>
</bind>
</comp>

<comp id="52" class="1001" name="const_52">
<pin_list>
<pin id="53" dir="1" index="0" bw="1" slack="0"/>
</pin_list>
<bind>
<StgValue><ssdm name=""/></StgValue>
</bind>
</comp>

<comp id="54" class="1001" name="const_54">
<pin_list>
<pin id="55" dir="1" index="0" bw="1" slack="0"/>
</pin_list>
<bind>
<StgValue><ssdm name=""/></StgValue>
</bind>
</comp>

<comp id="56" class="1001" name="const_56">
<pin_list>
<pin id="57" dir="1" index="0" bw="1" slack="0"/>
</pin_list>
<bind>
<StgValue><ssdm name=""/></StgValue>
</bind>
</comp>

<comp id="58" class="1001" name="const_58">
<pin_list>
<pin id="59" dir="1" index="0" bw="1" slack="0"/>
</pin_list>
<bind>
<StgValue><ssdm name=""/></StgValue>
</bind>
</comp>

<comp id="60" class="1001" name="const_60">
<pin_list>
<pin id="61" dir="1" index="0" bw="1" slack="0"/>
</pin_list>
<bind>
<StgValue><ssdm name=""/></StgValue>
</bind>
</comp>

<comp id="62" class="1001" name="const_62">
<pin_list>
<pin id="63" dir="1" index="0" bw="1" slack="0"/>
</pin_list>
<bind>
<StgValue><ssdm name=""/></StgValue>
</bind>
</comp>

<comp id="64" class="1001" name="const_64">
<pin_list>
<pin id="65" dir="1" index="0" bw="1" slack="0"/>
</pin_list>
<bind>
<StgValue><ssdm name=""/></StgValue>
</bind>
</comp>

<comp id="66" class="1001" name="const_66">
<pin_list>
<pin id="67" dir="1" index="0" bw="1" slack="0"/>
</pin_list>
<bind>
<StgValue><ssdm name=""/></StgValue>
</bind>
</comp>

<comp id="68" class="1001" name="const_68">
<pin_list>
<pin id="69" dir="1" index="0" bw="1" slack="0"/>
</pin_list>
<bind>
<StgValue><ssdm name=""/></StgValue>
</bind>
</comp>

<comp id="70" class="1001" name="const_70">
<pin_list>
<pin id="71" dir="1" index="0" bw="1" slack="0"/>
</pin_list>
<bind>
<StgValue><ssdm name=""/></StgValue>
</bind>
</comp>

<comp id="72" class="1001" name="const_72">
<pin_list>
<pin id="73" dir="1" index="0" bw="1" slack="0"/>
</pin_list>
<bind>
<StgValue><ssdm name=""/></StgValue>
</bind>
</comp>

<comp id="74" class="1001" name="const_74">
<pin_list>
<pin id="75" dir="1" index="0" bw="1" slack="0"/>
</pin_list>
<bind>
<StgValue><ssdm name=""/></StgValue>
</bind>
</comp>

<comp id="76" class="1001" name="const_76">
<pin_list>
<pin id="77" dir="1" index="0" bw="1" slack="0"/>
</pin_list>
<bind>
<StgValue><ssdm name=""/></StgValue>
</bind>
</comp>

<comp id="78" class="1001" name="const_78">
<pin_list>
<pin id="79" dir="1" index="0" bw="1" slack="0"/>
</pin_list>
<bind>
<StgValue><ssdm name=""/></StgValue>
</bind>
</comp>

<comp id="80" class="1001" name="const_80">
<pin_list>
<pin id="81" dir="1" index="0" bw="1" slack="0"/>
</pin_list>
<bind>
<StgValue><ssdm name=""/></StgValue>
</bind>
</comp>

<comp id="82" class="1001" name="const_82">
<pin_list>
<pin id="83" dir="1" index="0" bw="1" slack="0"/>
</pin_list>
<bind>
<StgValue><ssdm name=""/></StgValue>
</bind>
</comp>

<comp id="84" class="1001" name="const_84">
<pin_list>
<pin id="85" dir="1" index="0" bw="1" slack="0"/>
</pin_list>
<bind>
<StgValue><ssdm name=""/></StgValue>
</bind>
</comp>

<comp id="86" class="1001" name="const_86">
<pin_list>
<pin id="87" dir="1" index="0" bw="1" slack="0"/>
</pin_list>
<bind>
<StgValue><ssdm name=""/></StgValue>
</bind>
</comp>

<comp id="88" class="1001" name="const_88">
<pin_list>
<pin id="89" dir="1" index="0" bw="1" slack="0"/>
</pin_list>
<bind>
<StgValue><ssdm name=""/></StgValue>
</bind>
</comp>

<comp id="90" class="1001" name="const_90">
<pin_list>
<pin id="91" dir="1" index="0" bw="1" slack="0"/>
</pin_list>
<bind>
<StgValue><ssdm name=""/></StgValue>
</bind>
</comp>

<comp id="92" class="1001" name="const_92">
<pin_list>
<pin id="93" dir="1" index="0" bw="1" slack="0"/>
</pin_list>
<bind>
<StgValue><ssdm name=""/></StgValue>
</bind>
</comp>

<comp id="94" class="1001" name="const_94">
<pin_list>
<pin id="95" dir="1" index="0" bw="1" slack="0"/>
</pin_list>
<bind>
<StgValue><ssdm name=""/></StgValue>
</bind>
</comp>

<comp id="96" class="1001" name="const_96">
<pin_list>
<pin id="97" dir="1" index="0" bw="1" slack="0"/>
</pin_list>
<bind>
<StgValue><ssdm name=""/></StgValue>
</bind>
</comp>

<comp id="98" class="1001" name="const_98">
<pin_list>
<pin id="99" dir="1" index="0" bw="1" slack="0"/>
</pin_list>
<bind>
<StgValue><ssdm name=""/></StgValue>
</bind>
</comp>

<comp id="100" class="1001" name="const_100">
<pin_list>
<pin id="101" dir="1" index="0" bw="1" slack="0"/>
</pin_list>
<bind>
<StgValue><ssdm name=""/></StgValue>
</bind>
</comp>

<comp id="102" class="1001" name="const_102">
<pin_list>
<pin id="103" dir="1" index="0" bw="1" slack="0"/>
</pin_list>
<bind>
<StgValue><ssdm name=""/></StgValue>
</bind>
</comp>

<comp id="104" class="1001" name="const_104">
<pin_list>
<pin id="105" dir="1" index="0" bw="1" slack="0"/>
</pin_list>
<bind>
<StgValue><ssdm name=""/></StgValue>
</bind>
</comp>

<comp id="106" class="1001" name="const_106">
<pin_list>
<pin id="107" dir="1" index="0" bw="1" slack="0"/>
</pin_list>
<bind>
<StgValue><ssdm name=""/></StgValue>
</bind>
</comp>

<comp id="108" class="1001" name="const_108">
<pin_list>
<pin id="109" dir="1" index="0" bw="1" slack="0"/>
</pin_list>
<bind>
<StgValue><ssdm name=""/></StgValue>
</bind>
</comp>

<comp id="110" class="1001" name="const_110">
<pin_list>
<pin id="111" dir="1" index="0" bw="1" slack="0"/>
</pin_list>
<bind>
<StgValue><ssdm name=""/></StgValue>
</bind>
</comp>

<comp id="112" class="1001" name="const_112">
<pin_list>
<pin id="113" dir="1" index="0" bw="1" slack="0"/>
</pin_list>
<bind>
<StgValue><ssdm name=""/></StgValue>
</bind>
</comp>

<comp id="114" class="1001" name="const_114">
<pin_list>
<pin id="115" dir="1" index="0" bw="1" slack="0"/>
</pin_list>
<bind>
<StgValue><ssdm name=""/></StgValue>
</bind>
</comp>

<comp id="116" class="1001" name="const_116">
<pin_list>
<pin id="117" dir="1" index="0" bw="1" slack="0"/>
</pin_list>
<bind>
<StgValue><ssdm name=""/></StgValue>
</bind>
</comp>

<comp id="118" class="1001" name="const_118">
<pin_list>
<pin id="119" dir="1" index="0" bw="1" slack="0"/>
</pin_list>
<bind>
<StgValue><ssdm name=""/></StgValue>
</bind>
</comp>

<comp id="120" class="1001" name="const_120">
<pin_list>
<pin id="121" dir="1" index="0" bw="1" slack="0"/>
</pin_list>
<bind>
<StgValue><ssdm name=""/></StgValue>
</bind>
</comp>

<comp id="122" class="1001" name="const_122">
<pin_list>
<pin id="123" dir="1" index="0" bw="1" slack="0"/>
</pin_list>
<bind>
<StgValue><ssdm name=""/></StgValue>
</bind>
</comp>

<comp id="124" class="1001" name="const_124">
<pin_list>
<pin id="125" dir="1" index="0" bw="1" slack="0"/>
</pin_list>
<bind>
<StgValue><ssdm name=""/></StgValue>
</bind>
</comp>

<comp id="126" class="1001" name="const_126">
<pin_list>
<pin id="127" dir="1" index="0" bw="1" slack="0"/>
</pin_list>
<bind>
<StgValue><ssdm name=""/></StgValue>
</bind>
</comp>

<comp id="128" class="1001" name="const_128">
<pin_list>
<pin id="129" dir="1" index="0" bw="1" slack="0"/>
</pin_list>
<bind>
<StgValue><ssdm name=""/></StgValue>
</bind>
</comp>

<comp id="130" class="1004" name="bus_read_read_fu_130">
<pin_list>
<pin id="131" dir="0" index="0" bw="32" slack="0"/>
<pin id="132" dir="0" index="1" bw="32" slack="0"/>
<pin id="133" dir="1" index="2" bw="32" slack="0"/>
</pin_list>
<bind>
<opcode="read(1150) " fcode="read"/>
<opset="bus_read/1 "/>
</bind>
</comp>

<comp id="136" class="1005" name="p_s_reg_136">
<pin_list>
<pin id="137" dir="0" index="0" bw="5" slack="2147483647"/>
<pin id="138" dir="1" index="1" bw="5" slack="2147483647"/>
</pin_list>
<bind>
<opset="p_s (phireg) "/>
</bind>
</comp>

<comp id="139" class="1004" name="p_s_phi_fu_139">
<pin_list>
<pin id="140" dir="0" index="0" bw="1" slack="0"/>
<pin id="141" dir="0" index="1" bw="0" slack="2147483647"/>
<pin id="142" dir="0" index="2" bw="1" slack="0"/>
<pin id="143" dir="0" index="3" bw="0" slack="2147483647"/>
<pin id="144" dir="0" index="4" bw="3" slack="0"/>
<pin id="145" dir="0" index="5" bw="0" slack="2147483647"/>
<pin id="146" dir="0" index="6" bw="3" slack="0"/>
<pin id="147" dir="0" index="7" bw="0" slack="2147483647"/>
<pin id="148" dir="0" index="8" bw="4" slack="0"/>
<pin id="149" dir="0" index="9" bw="0" slack="2147483647"/>
<pin id="150" dir="0" index="10" bw="4" slack="0"/>
<pin id="151" dir="0" index="11" bw="0" slack="2147483647"/>
<pin id="152" dir="0" index="12" bw="4" slack="0"/>
<pin id="153" dir="0" index="13" bw="0" slack="2147483647"/>
<pin id="154" dir="0" index="14" bw="4" slack="0"/>
<pin id="155" dir="0" index="15" bw="0" slack="2147483647"/>
<pin id="156" dir="0" index="16" bw="5" slack="0"/>
<pin id="157" dir="0" index="17" bw="0" slack="2147483647"/>
<pin id="158" dir="0" index="18" bw="5" slack="0"/>
<pin id="159" dir="0" index="19" bw="0" slack="2147483647"/>
<pin id="160" dir="0" index="20" bw="5" slack="0"/>
<pin id="161" dir="0" index="21" bw="0" slack="2147483647"/>
<pin id="162" dir="0" index="22" bw="5" slack="0"/>
<pin id="163" dir="0" index="23" bw="0" slack="2147483647"/>
<pin id="164" dir="0" index="24" bw="5" slack="0"/>
<pin id="165" dir="0" index="25" bw="0" slack="2147483647"/>
<pin id="166" dir="0" index="26" bw="5" slack="0"/>
<pin id="167" dir="0" index="27" bw="0" slack="2147483647"/>
<pin id="168" dir="0" index="28" bw="5" slack="0"/>
<pin id="169" dir="0" index="29" bw="0" slack="2147483647"/>
<pin id="170" dir="0" index="30" bw="5" slack="0"/>
<pin id="171" dir="0" index="31" bw="0" slack="2147483647"/>
<pin id="172" dir="0" index="32" bw="5" slack="0"/>
<pin id="173" dir="0" index="33" bw="0" slack="2147483647"/>
<pin id="174" dir="0" index="34" bw="5" slack="0"/>
<pin id="175" dir="0" index="35" bw="0" slack="2147483647"/>
<pin id="176" dir="0" index="36" bw="5" slack="0"/>
<pin id="177" dir="0" index="37" bw="0" slack="2147483647"/>
<pin id="178" dir="0" index="38" bw="5" slack="0"/>
<pin id="179" dir="0" index="39" bw="0" slack="2147483647"/>
<pin id="180" dir="0" index="40" bw="5" slack="0"/>
<pin id="181" dir="0" index="41" bw="0" slack="2147483647"/>
<pin id="182" dir="0" index="42" bw="5" slack="0"/>
<pin id="183" dir="0" index="43" bw="0" slack="2147483647"/>
<pin id="184" dir="0" index="44" bw="5" slack="0"/>
<pin id="185" dir="0" index="45" bw="0" slack="2147483647"/>
<pin id="186" dir="0" index="46" bw="5" slack="0"/>
<pin id="187" dir="0" index="47" bw="0" slack="2147483647"/>
<pin id="188" dir="0" index="48" bw="4" slack="0"/>
<pin id="189" dir="0" index="49" bw="0" slack="2147483647"/>
<pin id="190" dir="0" index="50" bw="4" slack="0"/>
<pin id="191" dir="0" index="51" bw="0" slack="2147483647"/>
<pin id="192" dir="0" index="52" bw="4" slack="0"/>
<pin id="193" dir="0" index="53" bw="0" slack="2147483647"/>
<pin id="194" dir="0" index="54" bw="4" slack="0"/>
<pin id="195" dir="0" index="55" bw="0" slack="2147483647"/>
<pin id="196" dir="0" index="56" bw="3" slack="0"/>
<pin id="197" dir="0" index="57" bw="0" slack="2147483647"/>
<pin id="198" dir="0" index="58" bw="3" slack="0"/>
<pin id="199" dir="0" index="59" bw="0" slack="2147483647"/>
<pin id="200" dir="0" index="60" bw="2" slack="0"/>
<pin id="201" dir="0" index="61" bw="0" slack="2147483647"/>
<pin id="202" dir="1" index="62" bw="5" slack="0"/>
</pin_list>
<bind>
<opcode="phi(47) " fcode="phi"/>
<opset="p_s/1 "/>
</bind>
</comp>

<comp id="234" class="1005" name="UnifiedRetVal_reg_234">
<pin_list>
<pin id="235" dir="0" index="0" bw="6" slack="2147483647"/>
<pin id="236" dir="1" index="1" bw="6" slack="2147483647"/>
</pin_list>
<bind>
<opset="UnifiedRetVal (phireg) "/>
</bind>
</comp>

<comp id="237" class="1004" name="UnifiedRetVal_phi_fu_237">
<pin_list>
<pin id="238" dir="0" index="0" bw="6" slack="0"/>
<pin id="239" dir="0" index="1" bw="0" slack="2147483647"/>
<pin id="240" dir="0" index="2" bw="5" slack="0"/>
<pin id="241" dir="0" index="3" bw="0" slack="2147483647"/>
<pin id="242" dir="1" index="4" bw="6" slack="2147483647"/>
</pin_list>
<bind>
<opcode="phi(47) " fcode="phi"/>
<opset="UnifiedRetVal/1 "/>
</bind>
</comp>

<comp id="245" class="1004" name="tmp_fu_245">
<pin_list>
<pin id="246" dir="0" index="0" bw="32" slack="0"/>
<pin id="247" dir="1" index="1" bw="1" slack="2147483647"/>
</pin_list>
<bind>
<opcode="trunc(33) " fcode="trunc"/>
<opset="tmp/1 "/>
</bind>
</comp>

<comp id="249" class="1004" name="tmp_5_fu_249">
<pin_list>
<pin id="250" dir="0" index="0" bw="1" slack="0"/>
<pin id="251" dir="0" index="1" bw="32" slack="0"/>
<pin id="252" dir="0" index="2" bw="1" slack="0"/>
<pin id="253" dir="1" index="3" bw="1" slack="2147483647"/>
</pin_list>
<bind>
<opcode="bitselect(1000) " fcode="bitselect"/>
<opset="tmp_5/1 "/>
</bind>
</comp>

<comp id="257" class="1004" name="tmp_6_fu_257">
<pin_list>
<pin id="258" dir="0" index="0" bw="1" slack="0"/>
<pin id="259" dir="0" index="1" bw="32" slack="0"/>
<pin id="260" dir="0" index="2" bw="3" slack="0"/>
<pin id="261" dir="1" index="3" bw="1" slack="2147483647"/>
</pin_list>
<bind>
<opcode="bitselect(1000) " fcode="bitselect"/>
<opset="tmp_6/1 "/>
</bind>
</comp>

<comp id="265" class="1004" name="tmp_7_fu_265">
<pin_list>
<pin id="266" dir="0" index="0" bw="1" slack="0"/>
<pin id="267" dir="0" index="1" bw="32" slack="0"/>
<pin id="268" dir="0" index="2" bw="3" slack="0"/>
<pin id="269" dir="1" index="3" bw="1" slack="2147483647"/>
</pin_list>
<bind>
<opcode="bitselect(1000) " fcode="bitselect"/>
<opset="tmp_7/1 "/>
</bind>
</comp>

<comp id="273" class="1004" name="tmp_8_fu_273">
<pin_list>
<pin id="274" dir="0" index="0" bw="1" slack="0"/>
<pin id="275" dir="0" index="1" bw="32" slack="0"/>
<pin id="276" dir="0" index="2" bw="4" slack="0"/>
<pin id="277" dir="1" index="3" bw="1" slack="2147483647"/>
</pin_list>
<bind>
<opcode="bitselect(1000) " fcode="bitselect"/>
<opset="tmp_8/1 "/>
</bind>
</comp>

<comp id="281" class="1004" name="tmp_9_fu_281">
<pin_list>
<pin id="282" dir="0" index="0" bw="1" slack="0"/>
<pin id="283" dir="0" index="1" bw="32" slack="0"/>
<pin id="284" dir="0" index="2" bw="4" slack="0"/>
<pin id="285" dir="1" index="3" bw="1" slack="2147483647"/>
</pin_list>
<bind>
<opcode="bitselect(1000) " fcode="bitselect"/>
<opset="tmp_9/1 "/>
</bind>
</comp>

<comp id="289" class="1004" name="tmp_10_fu_289">
<pin_list>
<pin id="290" dir="0" index="0" bw="1" slack="0"/>
<pin id="291" dir="0" index="1" bw="32" slack="0"/>
<pin id="292" dir="0" index="2" bw="4" slack="0"/>
<pin id="293" dir="1" index="3" bw="1" slack="2147483647"/>
</pin_list>
<bind>
<opcode="bitselect(1000) " fcode="bitselect"/>
<opset="tmp_10/1 "/>
</bind>
</comp>

<comp id="297" class="1004" name="tmp_11_fu_297">
<pin_list>
<pin id="298" dir="0" index="0" bw="1" slack="0"/>
<pin id="299" dir="0" index="1" bw="32" slack="0"/>
<pin id="300" dir="0" index="2" bw="4" slack="0"/>
<pin id="301" dir="1" index="3" bw="1" slack="2147483647"/>
</pin_list>
<bind>
<opcode="bitselect(1000) " fcode="bitselect"/>
<opset="tmp_11/1 "/>
</bind>
</comp>

<comp id="305" class="1004" name="tmp_12_fu_305">
<pin_list>
<pin id="306" dir="0" index="0" bw="1" slack="0"/>
<pin id="307" dir="0" index="1" bw="32" slack="0"/>
<pin id="308" dir="0" index="2" bw="5" slack="0"/>
<pin id="309" dir="1" index="3" bw="1" slack="2147483647"/>
</pin_list>
<bind>
<opcode="bitselect(1000) " fcode="bitselect"/>
<opset="tmp_12/1 "/>
</bind>
</comp>

<comp id="313" class="1004" name="tmp_13_fu_313">
<pin_list>
<pin id="314" dir="0" index="0" bw="1" slack="0"/>
<pin id="315" dir="0" index="1" bw="32" slack="0"/>
<pin id="316" dir="0" index="2" bw="5" slack="0"/>
<pin id="317" dir="1" index="3" bw="1" slack="2147483647"/>
</pin_list>
<bind>
<opcode="bitselect(1000) " fcode="bitselect"/>
<opset="tmp_13/1 "/>
</bind>
</comp>

<comp id="321" class="1004" name="tmp_14_fu_321">
<pin_list>
<pin id="322" dir="0" index="0" bw="1" slack="0"/>
<pin id="323" dir="0" index="1" bw="32" slack="0"/>
<pin id="324" dir="0" index="2" bw="5" slack="0"/>
<pin id="325" dir="1" index="3" bw="1" slack="2147483647"/>
</pin_list>
<bind>
<opcode="bitselect(1000) " fcode="bitselect"/>
<opset="tmp_14/1 "/>
</bind>
</comp>

<comp id="329" class="1004" name="tmp_15_fu_329">
<pin_list>
<pin id="330" dir="0" index="0" bw="1" slack="0"/>
<pin id="331" dir="0" index="1" bw="32" slack="0"/>
<pin id="332" dir="0" index="2" bw="5" slack="0"/>
<pin id="333" dir="1" index="3" bw="1" slack="2147483647"/>
</pin_list>
<bind>
<opcode="bitselect(1000) " fcode="bitselect"/>
<opset="tmp_15/1 "/>
</bind>
</comp>

<comp id="337" class="1004" name="tmp_16_fu_337">
<pin_list>
<pin id="338" dir="0" index="0" bw="1" slack="0"/>
<pin id="339" dir="0" index="1" bw="32" slack="0"/>
<pin id="340" dir="0" index="2" bw="5" slack="0"/>
<pin id="341" dir="1" index="3" bw="1" slack="2147483647"/>
</pin_list>
<bind>
<opcode="bitselect(1000) " fcode="bitselect"/>
<opset="tmp_16/1 "/>
</bind>
</comp>

<comp id="345" class="1004" name="tmp_17_fu_345">
<pin_list>
<pin id="346" dir="0" index="0" bw="1" slack="0"/>
<pin id="347" dir="0" index="1" bw="32" slack="0"/>
<pin id="348" dir="0" index="2" bw="5" slack="0"/>
<pin id="349" dir="1" index="3" bw="1" slack="2147483647"/>
</pin_list>
<bind>
<opcode="bitselect(1000) " fcode="bitselect"/>
<opset="tmp_17/1 "/>
</bind>
</comp>

<comp id="353" class="1004" name="tmp_18_fu_353">
<pin_list>
<pin id="354" dir="0" index="0" bw="1" slack="0"/>
<pin id="355" dir="0" index="1" bw="32" slack="0"/>
<pin id="356" dir="0" index="2" bw="5" slack="0"/>
<pin id="357" dir="1" index="3" bw="1" slack="2147483647"/>
</pin_list>
<bind>
<opcode="bitselect(1000) " fcode="bitselect"/>
<opset="tmp_18/1 "/>
</bind>
</comp>

<comp id="361" class="1004" name="tmp_19_fu_361">
<pin_list>
<pin id="362" dir="0" index="0" bw="1" slack="0"/>
<pin id="363" dir="0" index="1" bw="32" slack="0"/>
<pin id="364" dir="0" index="2" bw="5" slack="0"/>
<pin id="365" dir="1" index="3" bw="1" slack="2147483647"/>
</pin_list>
<bind>
<opcode="bitselect(1000) " fcode="bitselect"/>
<opset="tmp_19/1 "/>
</bind>
</comp>

<comp id="369" class="1004" name="tmp_20_fu_369">
<pin_list>
<pin id="370" dir="0" index="0" bw="1" slack="0"/>
<pin id="371" dir="0" index="1" bw="32" slack="0"/>
<pin id="372" dir="0" index="2" bw="6" slack="0"/>
<pin id="373" dir="1" index="3" bw="1" slack="2147483647"/>
</pin_list>
<bind>
<opcode="bitselect(1000) " fcode="bitselect"/>
<opset="tmp_20/1 "/>
</bind>
</comp>

<comp id="377" class="1004" name="tmp_21_fu_377">
<pin_list>
<pin id="378" dir="0" index="0" bw="1" slack="0"/>
<pin id="379" dir="0" index="1" bw="32" slack="0"/>
<pin id="380" dir="0" index="2" bw="6" slack="0"/>
<pin id="381" dir="1" index="3" bw="1" slack="2147483647"/>
</pin_list>
<bind>
<opcode="bitselect(1000) " fcode="bitselect"/>
<opset="tmp_21/1 "/>
</bind>
</comp>

<comp id="385" class="1004" name="tmp_22_fu_385">
<pin_list>
<pin id="386" dir="0" index="0" bw="1" slack="0"/>
<pin id="387" dir="0" index="1" bw="32" slack="0"/>
<pin id="388" dir="0" index="2" bw="6" slack="0"/>
<pin id="389" dir="1" index="3" bw="1" slack="2147483647"/>
</pin_list>
<bind>
<opcode="bitselect(1000) " fcode="bitselect"/>
<opset="tmp_22/1 "/>
</bind>
</comp>

<comp id="393" class="1004" name="tmp_23_fu_393">
<pin_list>
<pin id="394" dir="0" index="0" bw="1" slack="0"/>
<pin id="395" dir="0" index="1" bw="32" slack="0"/>
<pin id="396" dir="0" index="2" bw="6" slack="0"/>
<pin id="397" dir="1" index="3" bw="1" slack="2147483647"/>
</pin_list>
<bind>
<opcode="bitselect(1000) " fcode="bitselect"/>
<opset="tmp_23/1 "/>
</bind>
</comp>

<comp id="401" class="1004" name="tmp_24_fu_401">
<pin_list>
<pin id="402" dir="0" index="0" bw="1" slack="0"/>
<pin id="403" dir="0" index="1" bw="32" slack="0"/>
<pin id="404" dir="0" index="2" bw="6" slack="0"/>
<pin id="405" dir="1" index="3" bw="1" slack="2147483647"/>
</pin_list>
<bind>
<opcode="bitselect(1000) " fcode="bitselect"/>
<opset="tmp_24/1 "/>
</bind>
</comp>

<comp id="409" class="1004" name="tmp_25_fu_409">
<pin_list>
<pin id="410" dir="0" index="0" bw="1" slack="0"/>
<pin id="411" dir="0" index="1" bw="32" slack="0"/>
<pin id="412" dir="0" index="2" bw="6" slack="0"/>
<pin id="413" dir="1" index="3" bw="1" slack="2147483647"/>
</pin_list>
<bind>
<opcode="bitselect(1000) " fcode="bitselect"/>
<opset="tmp_25/1 "/>
</bind>
</comp>

<comp id="417" class="1004" name="tmp_26_fu_417">
<pin_list>
<pin id="418" dir="0" index="0" bw="1" slack="0"/>
<pin id="419" dir="0" index="1" bw="32" slack="0"/>
<pin id="420" dir="0" index="2" bw="6" slack="0"/>
<pin id="421" dir="1" index="3" bw="1" slack="2147483647"/>
</pin_list>
<bind>
<opcode="bitselect(1000) " fcode="bitselect"/>
<opset="tmp_26/1 "/>
</bind>
</comp>

<comp id="425" class="1004" name="tmp_27_fu_425">
<pin_list>
<pin id="426" dir="0" index="0" bw="1" slack="0"/>
<pin id="427" dir="0" index="1" bw="32" slack="0"/>
<pin id="428" dir="0" index="2" bw="6" slack="0"/>
<pin id="429" dir="1" index="3" bw="1" slack="2147483647"/>
</pin_list>
<bind>
<opcode="bitselect(1000) " fcode="bitselect"/>
<opset="tmp_27/1 "/>
</bind>
</comp>

<comp id="433" class="1004" name="tmp_28_fu_433">
<pin_list>
<pin id="434" dir="0" index="0" bw="1" slack="0"/>
<pin id="435" dir="0" index="1" bw="32" slack="0"/>
<pin id="436" dir="0" index="2" bw="6" slack="0"/>
<pin id="437" dir="1" index="3" bw="1" slack="2147483647"/>
</pin_list>
<bind>
<opcode="bitselect(1000) " fcode="bitselect"/>
<opset="tmp_28/1 "/>
</bind>
</comp>

<comp id="441" class="1004" name="tmp_29_fu_441">
<pin_list>
<pin id="442" dir="0" index="0" bw="1" slack="0"/>
<pin id="443" dir="0" index="1" bw="32" slack="0"/>
<pin id="444" dir="0" index="2" bw="6" slack="0"/>
<pin id="445" dir="1" index="3" bw="1" slack="2147483647"/>
</pin_list>
<bind>
<opcode="bitselect(1000) " fcode="bitselect"/>
<opset="tmp_29/1 "/>
</bind>
</comp>

<comp id="449" class="1004" name="tmp_30_fu_449">
<pin_list>
<pin id="450" dir="0" index="0" bw="1" slack="0"/>
<pin id="451" dir="0" index="1" bw="32" slack="0"/>
<pin id="452" dir="0" index="2" bw="6" slack="0"/>
<pin id="453" dir="1" index="3" bw="1" slack="2147483647"/>
</pin_list>
<bind>
<opcode="bitselect(1000) " fcode="bitselect"/>
<opset="tmp_30/1 "/>
</bind>
</comp>

<comp id="457" class="1004" name="tmp_31_fu_457">
<pin_list>
<pin id="458" dir="0" index="0" bw="1" slack="0"/>
<pin id="459" dir="0" index="1" bw="32" slack="0"/>
<pin id="460" dir="0" index="2" bw="6" slack="0"/>
<pin id="461" dir="1" index="3" bw="1" slack="2147483647"/>
</pin_list>
<bind>
<opcode="bitselect(1000) " fcode="bitselect"/>
<opset="tmp_31/1 "/>
</bind>
</comp>

<comp id="465" class="1004" name="tmp_32_fu_465">
<pin_list>
<pin id="466" dir="0" index="0" bw="1" slack="0"/>
<pin id="467" dir="0" index="1" bw="32" slack="0"/>
<pin id="468" dir="0" index="2" bw="6" slack="0"/>
<pin id="469" dir="1" index="3" bw="1" slack="2147483647"/>
</pin_list>
<bind>
<opcode="bitselect(1000) " fcode="bitselect"/>
<opset="tmp_32/1 "/>
</bind>
</comp>

<comp id="473" class="1004" name="tmp_33_fu_473">
<pin_list>
<pin id="474" dir="0" index="0" bw="1" slack="0"/>
<pin id="475" dir="0" index="1" bw="32" slack="0"/>
<pin id="476" dir="0" index="2" bw="6" slack="0"/>
<pin id="477" dir="1" index="3" bw="1" slack="2147483647"/>
</pin_list>
<bind>
<opcode="bitselect(1000) " fcode="bitselect"/>
<opset="tmp_33/1 "/>
</bind>
</comp>

<comp id="481" class="1004" name="tmp_34_fu_481">
<pin_list>
<pin id="482" dir="0" index="0" bw="1" slack="0"/>
<pin id="483" dir="0" index="1" bw="32" slack="0"/>
<pin id="484" dir="0" index="2" bw="6" slack="0"/>
<pin id="485" dir="1" index="3" bw="1" slack="2147483647"/>
</pin_list>
<bind>
<opcode="bitselect(1000) " fcode="bitselect"/>
<opset="tmp_34/1 "/>
</bind>
</comp>

<comp id="489" class="1004" name="p_cast_cast_fu_489">
<pin_list>
<pin id="490" dir="0" index="0" bw="5" slack="0"/>
<pin id="491" dir="1" index="1" bw="6" slack="0"/>
</pin_list>
<bind>
<opcode="zext(34) " fcode="zext"/>
<opset="p_cast_cast/1 "/>
</bind>
</comp>

</comp_list>

<net_list>
<net id="134"><net_src comp="2" pin="0"/><net_sink comp="130" pin=0"/></net>

<net id="135"><net_src comp="0" pin="0"/><net_sink comp="130" pin=1"/></net>

<net id="203"><net_src comp="66" pin="0"/><net_sink comp="139" pin=0"/></net>

<net id="204"><net_src comp="68" pin="0"/><net_sink comp="139" pin=2"/></net>

<net id="205"><net_src comp="70" pin="0"/><net_sink comp="139" pin=4"/></net>

<net id="206"><net_src comp="72" pin="0"/><net_sink comp="139" pin=6"/></net>

<net id="207"><net_src comp="74" pin="0"/><net_sink comp="139" pin=8"/></net>

<net id="208"><net_src comp="76" pin="0"/><net_sink comp="139" pin=10"/></net>

<net id="209"><net_src comp="78" pin="0"/><net_sink comp="139" pin=12"/></net>

<net id="210"><net_src comp="80" pin="0"/><net_sink comp="139" pin=14"/></net>

<net id="211"><net_src comp="82" pin="0"/><net_sink comp="139" pin=16"/></net>

<net id="212"><net_src comp="84" pin="0"/><net_sink comp="139" pin=18"/></net>

<net id="213"><net_src comp="86" pin="0"/><net_sink comp="139" pin=20"/></net>

<net id="214"><net_src comp="88" pin="0"/><net_sink comp="139" pin=22"/></net>

<net id="215"><net_src comp="90" pin="0"/><net_sink comp="139" pin=24"/></net>

<net id="216"><net_src comp="92" pin="0"/><net_sink comp="139" pin=26"/></net>

<net id="217"><net_src comp="94" pin="0"/><net_sink comp="139" pin=28"/></net>

<net id="218"><net_src comp="96" pin="0"/><net_sink comp="139" pin=30"/></net>

<net id="219"><net_src comp="98" pin="0"/><net_sink comp="139" pin=32"/></net>

<net id="220"><net_src comp="100" pin="0"/><net_sink comp="139" pin=34"/></net>

<net id="221"><net_src comp="102" pin="0"/><net_sink comp="139" pin=36"/></net>

<net id="222"><net_src comp="104" pin="0"/><net_sink comp="139" pin=38"/></net>

<net id="223"><net_src comp="106" pin="0"/><net_sink comp="139" pin=40"/></net>

<net id="224"><net_src comp="108" pin="0"/><net_sink comp="139" pin=42"/></net>

<net id="225"><net_src comp="110" pin="0"/><net_sink comp="139" pin=44"/></net>

<net id="226"><net_src comp="112" pin="0"/><net_sink comp="139" pin=46"/></net>

<net id="227"><net_src comp="114" pin="0"/><net_sink comp="139" pin=48"/></net>

<net id="228"><net_src comp="116" pin="0"/><net_sink comp="139" pin=50"/></net>

<net id="229"><net_src comp="118" pin="0"/><net_sink comp="139" pin=52"/></net>

<net id="230"><net_src comp="120" pin="0"/><net_sink comp="139" pin=54"/></net>

<net id="231"><net_src comp="122" pin="0"/><net_sink comp="139" pin=56"/></net>

<net id="232"><net_src comp="124" pin="0"/><net_sink comp="139" pin=58"/></net>

<net id="233"><net_src comp="126" pin="0"/><net_sink comp="139" pin=60"/></net>

<net id="243"><net_src comp="128" pin="0"/><net_sink comp="237" pin=0"/></net>

<net id="248"><net_src comp="130" pin="2"/><net_sink comp="245" pin=0"/></net>

<net id="254"><net_src comp="4" pin="0"/><net_sink comp="249" pin=0"/></net>

<net id="255"><net_src comp="130" pin="2"/><net_sink comp="249" pin=1"/></net>

<net id="256"><net_src comp="6" pin="0"/><net_sink comp="249" pin=2"/></net>

<net id="262"><net_src comp="4" pin="0"/><net_sink comp="257" pin=0"/></net>

<net id="263"><net_src comp="130" pin="2"/><net_sink comp="257" pin=1"/></net>

<net id="264"><net_src comp="8" pin="0"/><net_sink comp="257" pin=2"/></net>

<net id="270"><net_src comp="4" pin="0"/><net_sink comp="265" pin=0"/></net>

<net id="271"><net_src comp="130" pin="2"/><net_sink comp="265" pin=1"/></net>

<net id="272"><net_src comp="10" pin="0"/><net_sink comp="265" pin=2"/></net>

<net id="278"><net_src comp="4" pin="0"/><net_sink comp="273" pin=0"/></net>

<net id="279"><net_src comp="130" pin="2"/><net_sink comp="273" pin=1"/></net>

<net id="280"><net_src comp="12" pin="0"/><net_sink comp="273" pin=2"/></net>

<net id="286"><net_src comp="4" pin="0"/><net_sink comp="281" pin=0"/></net>

<net id="287"><net_src comp="130" pin="2"/><net_sink comp="281" pin=1"/></net>

<net id="288"><net_src comp="14" pin="0"/><net_sink comp="281" pin=2"/></net>

<net id="294"><net_src comp="4" pin="0"/><net_sink comp="289" pin=0"/></net>

<net id="295"><net_src comp="130" pin="2"/><net_sink comp="289" pin=1"/></net>

<net id="296"><net_src comp="16" pin="0"/><net_sink comp="289" pin=2"/></net>

<net id="302"><net_src comp="4" pin="0"/><net_sink comp="297" pin=0"/></net>

<net id="303"><net_src comp="130" pin="2"/><net_sink comp="297" pin=1"/></net>

<net id="304"><net_src comp="18" pin="0"/><net_sink comp="297" pin=2"/></net>

<net id="310"><net_src comp="4" pin="0"/><net_sink comp="305" pin=0"/></net>

<net id="311"><net_src comp="130" pin="2"/><net_sink comp="305" pin=1"/></net>

<net id="312"><net_src comp="20" pin="0"/><net_sink comp="305" pin=2"/></net>

<net id="318"><net_src comp="4" pin="0"/><net_sink comp="313" pin=0"/></net>

<net id="319"><net_src comp="130" pin="2"/><net_sink comp="313" pin=1"/></net>

<net id="320"><net_src comp="22" pin="0"/><net_sink comp="313" pin=2"/></net>

<net id="326"><net_src comp="4" pin="0"/><net_sink comp="321" pin=0"/></net>

<net id="327"><net_src comp="130" pin="2"/><net_sink comp="321" pin=1"/></net>

<net id="328"><net_src comp="24" pin="0"/><net_sink comp="321" pin=2"/></net>

<net id="334"><net_src comp="4" pin="0"/><net_sink comp="329" pin=0"/></net>

<net id="335"><net_src comp="130" pin="2"/><net_sink comp="329" pin=1"/></net>

<net id="336"><net_src comp="26" pin="0"/><net_sink comp="329" pin=2"/></net>

<net id="342"><net_src comp="4" pin="0"/><net_sink comp="337" pin=0"/></net>

<net id="343"><net_src comp="130" pin="2"/><net_sink comp="337" pin=1"/></net>

<net id="344"><net_src comp="28" pin="0"/><net_sink comp="337" pin=2"/></net>

<net id="350"><net_src comp="4" pin="0"/><net_sink comp="345" pin=0"/></net>

<net id="351"><net_src comp="130" pin="2"/><net_sink comp="345" pin=1"/></net>

<net id="352"><net_src comp="30" pin="0"/><net_sink comp="345" pin=2"/></net>

<net id="358"><net_src comp="4" pin="0"/><net_sink comp="353" pin=0"/></net>

<net id="359"><net_src comp="130" pin="2"/><net_sink comp="353" pin=1"/></net>

<net id="360"><net_src comp="32" pin="0"/><net_sink comp="353" pin=2"/></net>

<net id="366"><net_src comp="4" pin="0"/><net_sink comp="361" pin=0"/></net>

<net id="367"><net_src comp="130" pin="2"/><net_sink comp="361" pin=1"/></net>

<net id="368"><net_src comp="34" pin="0"/><net_sink comp="361" pin=2"/></net>

<net id="374"><net_src comp="4" pin="0"/><net_sink comp="369" pin=0"/></net>

<net id="375"><net_src comp="130" pin="2"/><net_sink comp="369" pin=1"/></net>

<net id="376"><net_src comp="36" pin="0"/><net_sink comp="369" pin=2"/></net>

<net id="382"><net_src comp="4" pin="0"/><net_sink comp="377" pin=0"/></net>

<net id="383"><net_src comp="130" pin="2"/><net_sink comp="377" pin=1"/></net>

<net id="384"><net_src comp="38" pin="0"/><net_sink comp="377" pin=2"/></net>

<net id="390"><net_src comp="4" pin="0"/><net_sink comp="385" pin=0"/></net>

<net id="391"><net_src comp="130" pin="2"/><net_sink comp="385" pin=1"/></net>

<net id="392"><net_src comp="40" pin="0"/><net_sink comp="385" pin=2"/></net>

<net id="398"><net_src comp="4" pin="0"/><net_sink comp="393" pin=0"/></net>

<net id="399"><net_src comp="130" pin="2"/><net_sink comp="393" pin=1"/></net>

<net id="400"><net_src comp="42" pin="0"/><net_sink comp="393" pin=2"/></net>

<net id="406"><net_src comp="4" pin="0"/><net_sink comp="401" pin=0"/></net>

<net id="407"><net_src comp="130" pin="2"/><net_sink comp="401" pin=1"/></net>

<net id="408"><net_src comp="44" pin="0"/><net_sink comp="401" pin=2"/></net>

<net id="414"><net_src comp="4" pin="0"/><net_sink comp="409" pin=0"/></net>

<net id="415"><net_src comp="130" pin="2"/><net_sink comp="409" pin=1"/></net>

<net id="416"><net_src comp="46" pin="0"/><net_sink comp="409" pin=2"/></net>

<net id="422"><net_src comp="4" pin="0"/><net_sink comp="417" pin=0"/></net>

<net id="423"><net_src comp="130" pin="2"/><net_sink comp="417" pin=1"/></net>

<net id="424"><net_src comp="48" pin="0"/><net_sink comp="417" pin=2"/></net>

<net id="430"><net_src comp="4" pin="0"/><net_sink comp="425" pin=0"/></net>

<net id="431"><net_src comp="130" pin="2"/><net_sink comp="425" pin=1"/></net>

<net id="432"><net_src comp="50" pin="0"/><net_sink comp="425" pin=2"/></net>

<net id="438"><net_src comp="4" pin="0"/><net_sink comp="433" pin=0"/></net>

<net id="439"><net_src comp="130" pin="2"/><net_sink comp="433" pin=1"/></net>

<net id="440"><net_src comp="52" pin="0"/><net_sink comp="433" pin=2"/></net>

<net id="446"><net_src comp="4" pin="0"/><net_sink comp="441" pin=0"/></net>

<net id="447"><net_src comp="130" pin="2"/><net_sink comp="441" pin=1"/></net>

<net id="448"><net_src comp="54" pin="0"/><net_sink comp="441" pin=2"/></net>

<net id="454"><net_src comp="4" pin="0"/><net_sink comp="449" pin=0"/></net>

<net id="455"><net_src comp="130" pin="2"/><net_sink comp="449" pin=1"/></net>

<net id="456"><net_src comp="56" pin="0"/><net_sink comp="449" pin=2"/></net>

<net id="462"><net_src comp="4" pin="0"/><net_sink comp="457" pin=0"/></net>

<net id="463"><net_src comp="130" pin="2"/><net_sink comp="457" pin=1"/></net>

<net id="464"><net_src comp="58" pin="0"/><net_sink comp="457" pin=2"/></net>

<net id="470"><net_src comp="4" pin="0"/><net_sink comp="465" pin=0"/></net>

<net id="471"><net_src comp="130" pin="2"/><net_sink comp="465" pin=1"/></net>

<net id="472"><net_src comp="60" pin="0"/><net_sink comp="465" pin=2"/></net>

<net id="478"><net_src comp="4" pin="0"/><net_sink comp="473" pin=0"/></net>

<net id="479"><net_src comp="130" pin="2"/><net_sink comp="473" pin=1"/></net>

<net id="480"><net_src comp="62" pin="0"/><net_sink comp="473" pin=2"/></net>

<net id="486"><net_src comp="4" pin="0"/><net_sink comp="481" pin=0"/></net>

<net id="487"><net_src comp="130" pin="2"/><net_sink comp="481" pin=1"/></net>

<net id="488"><net_src comp="64" pin="0"/><net_sink comp="481" pin=2"/></net>

<net id="492"><net_src comp="139" pin="62"/><net_sink comp="489" pin=0"/></net>

<net id="493"><net_src comp="489" pin="1"/><net_sink comp="237" pin=2"/></net>

</net_list>

</model> 
---------------- Datapath Model END ------------------

* FSMD analyzer results:
  - Output states:
  - Chain level:
	State 1
		stg_4 : 1
		stg_6 : 1
		stg_8 : 1
		stg_10 : 1
		stg_12 : 1
		stg_14 : 1
		stg_16 : 1
		stg_18 : 1
		stg_20 : 1
		stg_22 : 1
		stg_24 : 1
		stg_26 : 1
		stg_28 : 1
		stg_30 : 1
		stg_32 : 1
		stg_34 : 1
		stg_36 : 1
		stg_38 : 1
		stg_40 : 1
		stg_42 : 1
		stg_44 : 1
		stg_46 : 1
		stg_48 : 1
		stg_50 : 1
		stg_52 : 1
		stg_54 : 1
		stg_56 : 1
		stg_58 : 1
		stg_60 : 1
		stg_62 : 1
		stg_64 : 1
		p_s : 2
		p_cast_cast : 3
		UnifiedRetVal : 4
		stg_70 : 5


============================================================
+ Verbose Summary: Datapath Resource usage 
============================================================

* Functional unit list:
|----------|----------------------|
| Operation|    Functional Unit   |
|----------|----------------------|
|   read   | bus_read_read_fu_130 |
|----------|----------------------|
|   trunc  |      tmp_fu_245      |
|----------|----------------------|
|          |     tmp_5_fu_249     |
|          |     tmp_6_fu_257     |
|          |     tmp_7_fu_265     |
|          |     tmp_8_fu_273     |
|          |     tmp_9_fu_281     |
|          |     tmp_10_fu_289    |
|          |     tmp_11_fu_297    |
|          |     tmp_12_fu_305    |
|          |     tmp_13_fu_313    |
|          |     tmp_14_fu_321    |
|          |     tmp_15_fu_329    |
|          |     tmp_16_fu_337    |
|          |     tmp_17_fu_345    |
|          |     tmp_18_fu_353    |
| bitselect|     tmp_19_fu_361    |
|          |     tmp_20_fu_369    |
|          |     tmp_21_fu_377    |
|          |     tmp_22_fu_385    |
|          |     tmp_23_fu_393    |
|          |     tmp_24_fu_401    |
|          |     tmp_25_fu_409    |
|          |     tmp_26_fu_417    |
|          |     tmp_27_fu_425    |
|          |     tmp_28_fu_433    |
|          |     tmp_29_fu_441    |
|          |     tmp_30_fu_449    |
|          |     tmp_31_fu_457    |
|          |     tmp_32_fu_465    |
|          |     tmp_33_fu_473    |
|          |     tmp_34_fu_481    |
|----------|----------------------|
|   zext   |  p_cast_cast_fu_489  |
|----------|----------------------|
|   Total  |                      |
|----------|----------------------|

Memories:
N/A

* Register list:
+---------------------+--------+
|                     |   FF   |
+---------------------+--------+
|UnifiedRetVal_reg_234|    6   |
|     p_s_reg_136     |    5   |
+---------------------+--------+
|        Total        |   11   |
+---------------------+--------+

* Multiplexer (MUX) list: 
|--------|------|------|------|--------|
|  Comp  |  Pin | Size |  BW  | S x BW |
|--------|------|------|------|--------|
|  Total |      |      |      |    0   |
|--------|------|------|------|--------|



* Summary:
+-----------+--------+
|           |   FF   |
+-----------+--------+
|  Function |    -   |
|   Memory  |    -   |
|Multiplexer|    -   |
|  Register |   11   |
+-----------+--------+
|   Total   |   11   |
+-----------+--------+
