

================================================================
== Vivado HLS Report for 'sample_iterator_next'
================================================================
* Date:           Sat Nov 08 10:20:38 2014

* Version:        2014.1 (build date: Fri Apr 04 13:20:25 PM 2014)
* Project:        oil_plainc_hls
* Solution:       solution_virtex5_plb
* Product family: virtex5 virtex5_fpv5 
* Target device:  xc5vlx50tff1136-3


================================================================
== Performance Estimates
================================================================
+ Timing (ns): 
    * Summary: 
    +---------+-------+----------+------------+
    |  Clock  | Target| Estimated| Uncertainty|
    +---------+-------+----------+------------+
    |default  |  10.00|      7.00|        3.00|
    +---------+-------+----------+------------+

+ Latency (clock cycles): 
    * Summary: 
    +-----+-----+-----+-----+---------+
    |  Latency  |  Interval | Pipeline|
    | min | max | min | max |   Type  |
    +-----+-----+-----+-----+---------+
    |    3|    3|    3|    3|   none  |
    +-----+-----+-----+-----+---------+

    + Detail: 
        * Instance: 
        N/A

        * Loop: 
        N/A



================================================================
== Utilization Estimates
================================================================
* Summary: 
+-----------------+---------+-------+-------+-------+
|       Name      | BRAM_18K| DSP48E|   FF  |  LUT  |
+-----------------+---------+-------+-------+-------+
|Expression       |        -|      -|      -|      -|
|FIFO             |        -|      -|      -|      -|
|Instance         |        -|      -|      -|      -|
|Memory           |        -|      -|      -|      -|
|Multiplexer      |        -|      -|      -|      -|
|Register         |        -|      -|      -|      -|
+-----------------+---------+-------+-------+-------+
|Total            |        0|      0|      0|      0|
+-----------------+---------+-------+-------+-------+
|Available        |      120|     48|  28800|  28800|
+-----------------+---------+-------+-------+-------+
|Utilization (%)  |        0|      0|      0|      0|
+-----------------+---------+-------+-------+-------+

+ Detail: 
    * Instance: 
    N/A

    * Memory: 
    N/A

    * FIFO: 
    N/A

    * Expression: 
    N/A

    * Multiplexer: 
    N/A

    * Register: 
    N/A



================================================================
== Interface
================================================================
* Summary: 
N/A

============================================================
+ Verbose Summary: Synthesis Manager
============================================================
InlineROM: 1
ExposeGlobal: 0
============================================================
+ Verbose Summary: CDFG Model
============================================================
IsTopModel: 0
ResetActiveHigh: 1
IsCombinational: 0
IsDatapathOnly: 0
HasWiredReturn: 1
HasMFsm: 0
HasVarLatency: 1
IsPipeline: 0
IsRtlPipelined: 0
IsInstanceOverlapped: 0
IsDontTouch: 0
HasImplIP: 0
IsGatedGlobalClock: 0


============================================================
+ Verbose Summary: Schedule
============================================================
* Number of FSM states: 4
* Pipeline: 0
* Dataflow Pipeline: 0

* FSM state transitions: 
1 --> 
	2  / true
2 --> 
	3  / true
3 --> 
	4  / true
4 --> 
* FSM state operations: 

 <State 1>: 7.00ns
ST_1: i_index_read [1/1] 0.00ns
:7  %i_index_read = call i16 @_ssdm_op_Read.ap_auto.i16(i16 %i_index)

ST_1: tmp_s [1/1] 0.00ns
:9  %tmp_s = zext i16 %i_index_read to i64

ST_1: indices_addr [1/1] 0.00ns
:10  %indices_addr = getelementptr i56* %indices, i64 %tmp_s

ST_1: indices_load_req [2/2] 7.00ns
:11  %indices_load_req = call i1 @_ssdm_op_ReadReq.ap_bus.i56P(i56* %indices_addr, i32 1)


 <State 2>: 7.00ns
ST_2: indices_load_req [1/2] 7.00ns
:11  %indices_load_req = call i1 @_ssdm_op_ReadReq.ap_bus.i56P(i56* %indices_addr, i32 1)


 <State 3>: 7.00ns
ST_3: indices_addr_read [1/1] 7.00ns
:12  %indices_addr_read = call i56 @_ssdm_op_Read.ap_bus.i56P(i56* %indices_addr)

ST_3: indices_samples_load_new5 [1/1] 0.00ns
:13  %indices_samples_load_new5 = call i16 @_ssdm_op_PartSelect.i16.i56.i32.i32(i56 %indices_addr_read, i32 32, i32 47)


 <State 4>: 3.93ns
ST_4: stg_12 [1/1] 0.00ns
:0  call void (...)* @_ssdm_op_SpecIFCore(i56* %indices, [1 x i8]* @p_str1129, [7 x i8]* @p_str38, [1 x i8]* @p_str1129, [1 x i8]* @p_str1129, [1 x i8]* @p_str1129, [1 x i8]* @p_str1129)

ST_4: stg_13 [1/1] 0.00ns
:1  call void (...)* @_ssdm_op_SpecIFCore(i56* %indices, [1 x i8]* @p_str1129, [7 x i8]* @p_str38, [1 x i8]* @p_str1129, [1 x i8]* @p_str1129, [1 x i8]* @p_str1129, [1 x i8]* @p_str1129)

ST_4: stg_14 [1/1] 0.00ns
:2  call void (...)* @_ssdm_op_SpecBus(i56* %indices, [7 x i8]* @p_str35, i32 0, i32 0, i32 0, i32 10, [1 x i8]* @p_str1129, [1 x i8]* @p_str1129, [1 x i8]* @p_str1129)

ST_4: stg_15 [1/1] 0.00ns
:3  call void (...)* @_ssdm_op_SpecBus(i56* %indices, [7 x i8]* @p_str35, i32 0, i32 0, i32 0, i32 10, [1 x i8]* @p_str1129, [1 x i8]* @p_str1129, [1 x i8]* @p_str1129)

ST_4: stg_16 [1/1] 0.00ns
:4  call void (...)* @_ssdm_op_SpecIFCore(i56* %indices, [1 x i8]* @p_str1129, [7 x i8]* @p_str38, [1 x i8]* @p_str1129, [1 x i8]* @p_str1129, [1 x i8]* @p_str1129, [1 x i8]* @p_str1129)

ST_4: stg_17 [1/1] 0.00ns
:5  call void (...)* @_ssdm_op_SpecBus(i56* %indices, [7 x i8]* @p_str35, i32 0, i32 0, i32 0, i32 10, [1 x i8]* @p_str1129, [1 x i8]* @p_str1129, [1 x i8]* @p_str1129)

ST_4: i_sample_read [1/1] 0.00ns
:6  %i_sample_read = call i16 @_ssdm_op_Read.ap_auto.i16(i16 %i_sample)

ST_4: tmp_cast [1/1] 0.00ns
:8  %tmp_cast = zext i16 %i_sample_read to i18

ST_4: tmp_9_cast [1/1] 0.00ns
:14  %tmp_9_cast = zext i16 %indices_samples_load_new5 to i17

ST_4: tmp_4 [1/1] 1.69ns
:15  %tmp_4 = add i17 %tmp_9_cast, -1

ST_4: tmp_10_cast [1/1] 0.00ns
:16  %tmp_10_cast = sext i17 %tmp_4 to i18

ST_4: tmp_5 [1/1] 1.47ns
:17  %tmp_5 = icmp slt i18 %tmp_cast, %tmp_10_cast

ST_4: tmp_6 [1/1] 1.69ns
:18  %tmp_6 = add i16 %i_index_read, 1

ST_4: tmp_7 [1/1] 1.69ns
:19  %tmp_7 = add i16 %i_sample_read, 1

ST_4: agg_result_sample_write_assign [1/1] 0.77ns
:20  %agg_result_sample_write_assign = select i1 %tmp_5, i16 %tmp_7, i16 0

ST_4: agg_result_index_write_assign [1/1] 0.77ns
:21  %agg_result_index_write_assign = select i1 %tmp_5, i16 %i_index_read, i16 %tmp_6

ST_4: mrv [1/1] 0.00ns
:22  %mrv = insertvalue { i16, i16 } undef, i16 %agg_result_index_write_assign, 0

ST_4: mrv_1 [1/1] 0.00ns
:23  %mrv_1 = insertvalue { i16, i16 } %mrv, i16 %agg_result_sample_write_assign, 1

ST_4: stg_30 [1/1] 0.00ns
:24  ret { i16, i16 } %mrv_1



============================================================
+ Verbose Summary: Binding
============================================================
STG Binding: 
---------------- STG Properties BEGIN ----------------
- Is combinational: 0
- Is one-state seq: 0
- Is datapath-only: 0
- Is clock enabled: 0
- Is pipelined: 0
- Is top level: 0
Port [ Return ] is wired: 1; IO mode=ap_ctrl_hs:ce=0
Port [ indices]:  wired=1; compound=1; hidden=0; nouse=0; global=0; static=0; extern=0; dir=0; type=4; mode=0x46d056f730; pingpong=0; private_global=0; IO mode=ap_bus:ce=0
Port [ i_index]:  wired=1; compound=0; hidden=0; nouse=0; global=0; static=0; extern=0; dir=0; type=0; mode=0x46d056f100; pingpong=0; private_global=0; IO mode=ap_none:ce=0
Port [ i_sample]:  wired=1; compound=0; hidden=0; nouse=0; global=0; static=0; extern=0; dir=0; type=0; mode=0x46d056ff10; pingpong=0; private_global=0; IO mode=ap_none:ce=0
---------------- STG Properties END ------------------

---------------- Datapath Model BEGIN ----------------

<LifeTime>
<method=bitvector/>
i_index_read                   (read         ) [ 00111]
tmp_s                          (zext         ) [ 00000]
indices_addr                   (getelementptr) [ 00110]
indices_load_req               (readreq      ) [ 00000]
indices_addr_read              (read         ) [ 00000]
indices_samples_load_new5      (partselect   ) [ 00001]
stg_12                         (specifcore   ) [ 00000]
stg_13                         (specifcore   ) [ 00000]
stg_14                         (specbus      ) [ 00000]
stg_15                         (specbus      ) [ 00000]
stg_16                         (specifcore   ) [ 00000]
stg_17                         (specbus      ) [ 00000]
i_sample_read                  (read         ) [ 00000]
tmp_cast                       (zext         ) [ 00000]
tmp_9_cast                     (zext         ) [ 00000]
tmp_4                          (add          ) [ 00000]
tmp_10_cast                    (sext         ) [ 00000]
tmp_5                          (icmp         ) [ 00000]
tmp_6                          (add          ) [ 00000]
tmp_7                          (add          ) [ 00000]
agg_result_sample_write_assign (select       ) [ 00000]
agg_result_index_write_assign  (select       ) [ 00000]
mrv                            (insertvalue  ) [ 00000]
mrv_1                          (insertvalue  ) [ 00000]
stg_30                         (ret          ) [ 00000]
</LifeTime>

<model>

<comp_list>
<comp id="0" class="1000" name="indices">
<pin_list>
<pin id="1" dir="1" index="0" bw="1" slack="0"/>
</pin_list>
<bind>
<StgValue><ssdm name="indices"/></StgValue>
</bind>
</comp>

<comp id="2" class="1000" name="i_index">
<pin_list>
<pin id="3" dir="1" index="0" bw="1" slack="0"/>
</pin_list>
<bind>
<StgValue><ssdm name="i_index"/></StgValue>
</bind>
</comp>

<comp id="4" class="1000" name="i_sample">
<pin_list>
<pin id="5" dir="1" index="0" bw="1" slack="0"/>
</pin_list>
<bind>
<StgValue><ssdm name="i_sample"/></StgValue>
</bind>
</comp>

<comp id="6" class="1001" name="const_6">
<pin_list>
<pin id="7" dir="1" index="0" bw="1" slack="0"/>
</pin_list>
<bind>
<StgValue><ssdm name="_ssdm_op_Read.ap_auto.i16"/></StgValue>
</bind>
</comp>

<comp id="8" class="1001" name="const_8">
<pin_list>
<pin id="9" dir="1" index="0" bw="1" slack="0"/>
</pin_list>
<bind>
<StgValue><ssdm name="_ssdm_op_ReadReq.ap_bus.i56P"/></StgValue>
</bind>
</comp>

<comp id="10" class="1001" name="const_10">
<pin_list>
<pin id="11" dir="1" index="0" bw="1" slack="0"/>
</pin_list>
<bind>
<StgValue><ssdm name=""/></StgValue>
</bind>
</comp>

<comp id="12" class="1001" name="const_12">
<pin_list>
<pin id="13" dir="1" index="0" bw="1" slack="0"/>
</pin_list>
<bind>
<StgValue><ssdm name="_ssdm_op_Read.ap_bus.i56P"/></StgValue>
</bind>
</comp>

<comp id="14" class="1001" name="const_14">
<pin_list>
<pin id="15" dir="1" index="0" bw="1" slack="0"/>
</pin_list>
<bind>
<StgValue><ssdm name="_ssdm_op_PartSelect.i16.i56.i32.i32"/></StgValue>
</bind>
</comp>

<comp id="16" class="1001" name="const_16">
<pin_list>
<pin id="17" dir="1" index="0" bw="1" slack="0"/>
</pin_list>
<bind>
<StgValue><ssdm name=""/></StgValue>
</bind>
</comp>

<comp id="18" class="1001" name="const_18">
<pin_list>
<pin id="19" dir="1" index="0" bw="1" slack="0"/>
</pin_list>
<bind>
<StgValue><ssdm name=""/></StgValue>
</bind>
</comp>

<comp id="20" class="1001" name="const_20">
<pin_list>
<pin id="21" dir="1" index="0" bw="1" slack="2147483647"/>
</pin_list>
<bind>
<StgValue><ssdm name="_ssdm_op_SpecIFCore"/></StgValue>
</bind>
</comp>

<comp id="22" class="1001" name="const_22">
<pin_list>
<pin id="23" dir="1" index="0" bw="1" slack="2147483647"/>
</pin_list>
<bind>
<StgValue><ssdm name="p_str1129"/></StgValue>
</bind>
</comp>

<comp id="24" class="1001" name="const_24">
<pin_list>
<pin id="25" dir="1" index="0" bw="1" slack="2147483647"/>
</pin_list>
<bind>
<StgValue><ssdm name="p_str38"/></StgValue>
</bind>
</comp>

<comp id="26" class="1001" name="const_26">
<pin_list>
<pin id="27" dir="1" index="0" bw="1" slack="2147483647"/>
</pin_list>
<bind>
<StgValue><ssdm name="_ssdm_op_SpecBus"/></StgValue>
</bind>
</comp>

<comp id="28" class="1001" name="const_28">
<pin_list>
<pin id="29" dir="1" index="0" bw="1" slack="2147483647"/>
</pin_list>
<bind>
<StgValue><ssdm name="p_str35"/></StgValue>
</bind>
</comp>

<comp id="30" class="1001" name="const_30">
<pin_list>
<pin id="31" dir="1" index="0" bw="1" slack="2147483647"/>
</pin_list>
<bind>
<StgValue><ssdm name=""/></StgValue>
</bind>
</comp>

<comp id="32" class="1001" name="const_32">
<pin_list>
<pin id="33" dir="1" index="0" bw="1" slack="2147483647"/>
</pin_list>
<bind>
<StgValue><ssdm name=""/></StgValue>
</bind>
</comp>

<comp id="34" class="1001" name="const_34">
<pin_list>
<pin id="35" dir="1" index="0" bw="1" slack="0"/>
</pin_list>
<bind>
<StgValue><ssdm name=""/></StgValue>
</bind>
</comp>

<comp id="36" class="1001" name="const_36">
<pin_list>
<pin id="37" dir="1" index="0" bw="1" slack="0"/>
</pin_list>
<bind>
<StgValue><ssdm name=""/></StgValue>
</bind>
</comp>

<comp id="38" class="1001" name="const_38">
<pin_list>
<pin id="39" dir="1" index="0" bw="1" slack="0"/>
</pin_list>
<bind>
<StgValue><ssdm name=""/></StgValue>
</bind>
</comp>

<comp id="40" class="1001" name="const_40">
<pin_list>
<pin id="41" dir="1" index="0" bw="1" slack="0"/>
</pin_list>
<bind>
<StgValue><ssdm name=""/></StgValue>
</bind>
</comp>

<comp id="42" class="1004" name="i_index_read_read_fu_42">
<pin_list>
<pin id="43" dir="0" index="0" bw="16" slack="0"/>
<pin id="44" dir="0" index="1" bw="16" slack="0"/>
<pin id="45" dir="1" index="2" bw="16" slack="0"/>
</pin_list>
<bind>
<opcode="read(1150) " fcode="read"/>
<opset="i_index_read/1 "/>
</bind>
</comp>

<comp id="48" class="1004" name="grp_readreq_fu_48">
<pin_list>
<pin id="49" dir="0" index="0" bw="1" slack="0"/>
<pin id="50" dir="0" index="1" bw="56" slack="0"/>
<pin id="51" dir="0" index="2" bw="1" slack="0"/>
<pin id="52" dir="1" index="3" bw="1" slack="2147483647"/>
</pin_list>
<bind>
<opcode="readreq(1154) " fcode="readreq"/>
<opset="indices_load_req/1 "/>
</bind>
</comp>

<comp id="55" class="1004" name="indices_addr_read_read_fu_55">
<pin_list>
<pin id="56" dir="0" index="0" bw="56" slack="0"/>
<pin id="57" dir="0" index="1" bw="56" slack="2"/>
<pin id="58" dir="1" index="2" bw="56" slack="0"/>
</pin_list>
<bind>
<opcode="read(1150) " fcode="read"/>
<opset="indices_addr_read/3 "/>
</bind>
</comp>

<comp id="60" class="1004" name="i_sample_read_read_fu_60">
<pin_list>
<pin id="61" dir="0" index="0" bw="16" slack="0"/>
<pin id="62" dir="0" index="1" bw="16" slack="0"/>
<pin id="63" dir="1" index="2" bw="16" slack="0"/>
</pin_list>
<bind>
<opcode="read(1150) " fcode="read"/>
<opset="i_sample_read/4 "/>
</bind>
</comp>

<comp id="67" class="1004" name="tmp_s_fu_67">
<pin_list>
<pin id="68" dir="0" index="0" bw="16" slack="0"/>
<pin id="69" dir="1" index="1" bw="64" slack="0"/>
</pin_list>
<bind>
<opcode="zext(34) " fcode="zext"/>
<opset="tmp_s/1 "/>
</bind>
</comp>

<comp id="71" class="1004" name="indices_addr_fu_71">
<pin_list>
<pin id="72" dir="0" index="0" bw="56" slack="0"/>
<pin id="73" dir="0" index="1" bw="16" slack="0"/>
<pin id="74" dir="1" index="2" bw="56" slack="0"/>
</pin_list>
<bind>
<opcode="getelementptr(29) " fcode="getelementptr"/>
<opset="indices_addr/1 "/>
</bind>
</comp>

<comp id="78" class="1004" name="indices_samples_load_new5_fu_78">
<pin_list>
<pin id="79" dir="0" index="0" bw="16" slack="0"/>
<pin id="80" dir="0" index="1" bw="56" slack="0"/>
<pin id="81" dir="0" index="2" bw="7" slack="0"/>
<pin id="82" dir="0" index="3" bw="7" slack="0"/>
<pin id="83" dir="1" index="4" bw="16" slack="1"/>
</pin_list>
<bind>
<opcode="partselect(1002) " fcode="partselect"/>
<opset="indices_samples_load_new5/3 "/>
</bind>
</comp>

<comp id="88" class="1004" name="tmp_cast_fu_88">
<pin_list>
<pin id="89" dir="0" index="0" bw="16" slack="0"/>
<pin id="90" dir="1" index="1" bw="18" slack="0"/>
</pin_list>
<bind>
<opcode="zext(34) " fcode="zext"/>
<opset="tmp_cast/4 "/>
</bind>
</comp>

<comp id="92" class="1004" name="tmp_9_cast_fu_92">
<pin_list>
<pin id="93" dir="0" index="0" bw="16" slack="1"/>
<pin id="94" dir="1" index="1" bw="17" slack="0"/>
</pin_list>
<bind>
<opcode="zext(34) " fcode="zext"/>
<opset="tmp_9_cast/4 "/>
</bind>
</comp>

<comp id="95" class="1004" name="tmp_4_fu_95">
<pin_list>
<pin id="96" dir="0" index="0" bw="16" slack="0"/>
<pin id="97" dir="0" index="1" bw="1" slack="0"/>
<pin id="98" dir="1" index="2" bw="17" slack="0"/>
</pin_list>
<bind>
<opcode="add(8) " fcode="add"/>
<opset="tmp_4/4 "/>
</bind>
</comp>

<comp id="101" class="1004" name="tmp_10_cast_fu_101">
<pin_list>
<pin id="102" dir="0" index="0" bw="17" slack="0"/>
<pin id="103" dir="1" index="1" bw="18" slack="0"/>
</pin_list>
<bind>
<opcode="sext(35) " fcode="sext"/>
<opset="tmp_10_cast/4 "/>
</bind>
</comp>

<comp id="105" class="1004" name="tmp_5_fu_105">
<pin_list>
<pin id="106" dir="0" index="0" bw="16" slack="0"/>
<pin id="107" dir="0" index="1" bw="17" slack="0"/>
<pin id="108" dir="1" index="2" bw="1" slack="0"/>
</pin_list>
<bind>
<opcode="icmp(45) " fcode="icmp"/>
<opset="tmp_5/4 "/>
</bind>
</comp>

<comp id="111" class="1004" name="tmp_6_fu_111">
<pin_list>
<pin id="112" dir="0" index="0" bw="16" slack="3"/>
<pin id="113" dir="0" index="1" bw="1" slack="0"/>
<pin id="114" dir="1" index="2" bw="16" slack="0"/>
</pin_list>
<bind>
<opcode="add(8) " fcode="add"/>
<opset="tmp_6/4 "/>
</bind>
</comp>

<comp id="116" class="1004" name="tmp_7_fu_116">
<pin_list>
<pin id="117" dir="0" index="0" bw="16" slack="0"/>
<pin id="118" dir="0" index="1" bw="1" slack="0"/>
<pin id="119" dir="1" index="2" bw="16" slack="0"/>
</pin_list>
<bind>
<opcode="add(8) " fcode="add"/>
<opset="tmp_7/4 "/>
</bind>
</comp>

<comp id="122" class="1004" name="agg_result_sample_write_assign_fu_122">
<pin_list>
<pin id="123" dir="0" index="0" bw="1" slack="0"/>
<pin id="124" dir="0" index="1" bw="16" slack="0"/>
<pin id="125" dir="0" index="2" bw="1" slack="0"/>
<pin id="126" dir="1" index="3" bw="16" slack="0"/>
</pin_list>
<bind>
<opcode="select(49) " fcode="select"/>
<opset="agg_result_sample_write_assign/4 "/>
</bind>
</comp>

<comp id="130" class="1004" name="agg_result_index_write_assign_fu_130">
<pin_list>
<pin id="131" dir="0" index="0" bw="1" slack="0"/>
<pin id="132" dir="0" index="1" bw="16" slack="3"/>
<pin id="133" dir="0" index="2" bw="16" slack="0"/>
<pin id="134" dir="1" index="3" bw="16" slack="0"/>
</pin_list>
<bind>
<opcode="select(49) " fcode="select"/>
<opset="agg_result_index_write_assign/4 "/>
</bind>
</comp>

<comp id="137" class="1004" name="mrv_fu_137">
<pin_list>
<pin id="138" dir="0" index="0" bw="32" slack="0"/>
<pin id="139" dir="0" index="1" bw="16" slack="0"/>
<pin id="140" dir="1" index="2" bw="32" slack="0"/>
</pin_list>
<bind>
<opcode="insertvalue(57) " fcode="insertvalue"/>
<opset="mrv/4 "/>
</bind>
</comp>

<comp id="143" class="1004" name="mrv_1_fu_143">
<pin_list>
<pin id="144" dir="0" index="0" bw="32" slack="0"/>
<pin id="145" dir="0" index="1" bw="16" slack="0"/>
<pin id="146" dir="1" index="2" bw="32" slack="2147483647"/>
</pin_list>
<bind>
<opcode="insertvalue(57) " fcode="insertvalue"/>
<opset="mrv_1/4 "/>
</bind>
</comp>

<comp id="149" class="1005" name="i_index_read_reg_149">
<pin_list>
<pin id="150" dir="0" index="0" bw="16" slack="3"/>
<pin id="151" dir="1" index="1" bw="16" slack="3"/>
</pin_list>
<bind>
<opset="i_index_read "/>
</bind>
</comp>

<comp id="155" class="1005" name="indices_addr_reg_155">
<pin_list>
<pin id="156" dir="0" index="0" bw="56" slack="1"/>
<pin id="157" dir="1" index="1" bw="56" slack="1"/>
</pin_list>
<bind>
<opset="indices_addr "/>
</bind>
</comp>

<comp id="161" class="1005" name="indices_samples_load_new5_reg_161">
<pin_list>
<pin id="162" dir="0" index="0" bw="16" slack="1"/>
<pin id="163" dir="1" index="1" bw="16" slack="1"/>
</pin_list>
<bind>
<opset="indices_samples_load_new5 "/>
</bind>
</comp>

</comp_list>

<net_list>
<net id="46"><net_src comp="6" pin="0"/><net_sink comp="42" pin=0"/></net>

<net id="47"><net_src comp="2" pin="0"/><net_sink comp="42" pin=1"/></net>

<net id="53"><net_src comp="8" pin="0"/><net_sink comp="48" pin=0"/></net>

<net id="54"><net_src comp="10" pin="0"/><net_sink comp="48" pin=2"/></net>

<net id="59"><net_src comp="12" pin="0"/><net_sink comp="55" pin=0"/></net>

<net id="64"><net_src comp="6" pin="0"/><net_sink comp="60" pin=0"/></net>

<net id="65"><net_src comp="4" pin="0"/><net_sink comp="60" pin=1"/></net>

<net id="70"><net_src comp="42" pin="2"/><net_sink comp="67" pin=0"/></net>

<net id="75"><net_src comp="0" pin="0"/><net_sink comp="71" pin=0"/></net>

<net id="76"><net_src comp="67" pin="1"/><net_sink comp="71" pin=1"/></net>

<net id="77"><net_src comp="71" pin="2"/><net_sink comp="48" pin=1"/></net>

<net id="84"><net_src comp="14" pin="0"/><net_sink comp="78" pin=0"/></net>

<net id="85"><net_src comp="55" pin="2"/><net_sink comp="78" pin=1"/></net>

<net id="86"><net_src comp="16" pin="0"/><net_sink comp="78" pin=2"/></net>

<net id="87"><net_src comp="18" pin="0"/><net_sink comp="78" pin=3"/></net>

<net id="91"><net_src comp="60" pin="2"/><net_sink comp="88" pin=0"/></net>

<net id="99"><net_src comp="92" pin="1"/><net_sink comp="95" pin=0"/></net>

<net id="100"><net_src comp="34" pin="0"/><net_sink comp="95" pin=1"/></net>

<net id="104"><net_src comp="95" pin="2"/><net_sink comp="101" pin=0"/></net>

<net id="109"><net_src comp="88" pin="1"/><net_sink comp="105" pin=0"/></net>

<net id="110"><net_src comp="101" pin="1"/><net_sink comp="105" pin=1"/></net>

<net id="115"><net_src comp="36" pin="0"/><net_sink comp="111" pin=1"/></net>

<net id="120"><net_src comp="60" pin="2"/><net_sink comp="116" pin=0"/></net>

<net id="121"><net_src comp="36" pin="0"/><net_sink comp="116" pin=1"/></net>

<net id="127"><net_src comp="105" pin="2"/><net_sink comp="122" pin=0"/></net>

<net id="128"><net_src comp="116" pin="2"/><net_sink comp="122" pin=1"/></net>

<net id="129"><net_src comp="38" pin="0"/><net_sink comp="122" pin=2"/></net>

<net id="135"><net_src comp="105" pin="2"/><net_sink comp="130" pin=0"/></net>

<net id="136"><net_src comp="111" pin="2"/><net_sink comp="130" pin=2"/></net>

<net id="141"><net_src comp="40" pin="0"/><net_sink comp="137" pin=0"/></net>

<net id="142"><net_src comp="130" pin="3"/><net_sink comp="137" pin=1"/></net>

<net id="147"><net_src comp="137" pin="2"/><net_sink comp="143" pin=0"/></net>

<net id="148"><net_src comp="122" pin="3"/><net_sink comp="143" pin=1"/></net>

<net id="152"><net_src comp="42" pin="2"/><net_sink comp="149" pin=0"/></net>

<net id="153"><net_src comp="149" pin="1"/><net_sink comp="111" pin=0"/></net>

<net id="154"><net_src comp="149" pin="1"/><net_sink comp="130" pin=1"/></net>

<net id="158"><net_src comp="71" pin="2"/><net_sink comp="155" pin=0"/></net>

<net id="159"><net_src comp="155" pin="1"/><net_sink comp="48" pin=1"/></net>

<net id="160"><net_src comp="155" pin="1"/><net_sink comp="55" pin=1"/></net>

<net id="164"><net_src comp="78" pin="4"/><net_sink comp="161" pin=0"/></net>

<net id="165"><net_src comp="161" pin="1"/><net_sink comp="92" pin=0"/></net>

</net_list>

</model> 
---------------- Datapath Model END ------------------

* FSMD analyzer results:
  - Output states:
  - Chain level:
	State 1
		indices_addr : 1
		indices_load_req : 2
	State 2
	State 3
	State 4
		tmp_4 : 1
		tmp_10_cast : 2
		tmp_5 : 3
		agg_result_sample_write_assign : 4
		agg_result_index_write_assign : 4
		mrv : 5
		mrv_1 : 6
		stg_30 : 7


============================================================
+ Verbose Summary: Datapath Resource usage 
============================================================

* Functional unit list:
|----------|---------------------------------------|---------|---------|
| Operation|            Functional Unit            |    FF   |   LUT   |
|----------|---------------------------------------|---------|---------|
|          |              tmp_4_fu_95              |    0    |    16   |
|    add   |              tmp_6_fu_111             |    0    |    16   |
|          |              tmp_7_fu_116             |    0    |    16   |
|----------|---------------------------------------|---------|---------|
|  select  | agg_result_sample_write_assign_fu_122 |    0    |    16   |
|          |  agg_result_index_write_assign_fu_130 |    0    |    16   |
|----------|---------------------------------------|---------|---------|
|   icmp   |              tmp_5_fu_105             |    0    |    6    |
|----------|---------------------------------------|---------|---------|
|          |        i_index_read_read_fu_42        |    0    |    0    |
|   read   |      indices_addr_read_read_fu_55     |    0    |    0    |
|          |        i_sample_read_read_fu_60       |    0    |    0    |
|----------|---------------------------------------|---------|---------|
|  readreq |           grp_readreq_fu_48           |    0    |    0    |
|----------|---------------------------------------|---------|---------|
|          |              tmp_s_fu_67              |    0    |    0    |
|   zext   |             tmp_cast_fu_88            |    0    |    0    |
|          |            tmp_9_cast_fu_92           |    0    |    0    |
|----------|---------------------------------------|---------|---------|
|partselect|    indices_samples_load_new5_fu_78    |    0    |    0    |
|----------|---------------------------------------|---------|---------|
|   sext   |           tmp_10_cast_fu_101          |    0    |    0    |
|----------|---------------------------------------|---------|---------|
|insertvalue|               mrv_fu_137              |    0    |    0    |
|          |              mrv_1_fu_143             |    0    |    0    |
|----------|---------------------------------------|---------|---------|
|   Total  |                                       |    0    |    86   |
|----------|---------------------------------------|---------|---------|

Memories:
N/A

* Register list:
+---------------------------------+--------+
|                                 |   FF   |
+---------------------------------+--------+
|       i_index_read_reg_149      |   16   |
|       indices_addr_reg_155      |   56   |
|indices_samples_load_new5_reg_161|   16   |
+---------------------------------+--------+
|              Total              |   88   |
+---------------------------------+--------+

* Multiplexer (MUX) list: 
|-------------------|------|------|------|--------||---------||---------|
|        Comp       |  Pin | Size |  BW  | S x BW ||  Delay  ||   LUT   |
|-------------------|------|------|------|--------||---------||---------|
| grp_readreq_fu_48 |  p1  |   2  |  56  |   112  ||    56   |
|-------------------|------|------|------|--------||---------||---------|
|       Total       |      |      |      |   112  ||  1.285  ||    56   |
|-------------------|------|------|------|--------||---------||---------|



* Summary:
+-----------+--------+--------+--------+
|           |  Delay |   FF   |   LUT  |
+-----------+--------+--------+--------+
|  Function |    -   |    0   |   86   |
|   Memory  |    -   |    -   |    -   |
|Multiplexer|    1   |    -   |   56   |
|  Register |    -   |   88   |    -   |
+-----------+--------+--------+--------+
|   Total   |    1   |   88   |   142  |
+-----------+--------+--------+--------+
